[INFO] Scanning for projects...
[INFO] 
[INFO] ---------------< com.intellitest:intellitest-prototype >----------------
[INFO] Building intellitest-prototype 1.0
[INFO]   from pom.xml
[INFO] --------------------------------[ jar ]---------------------------------
[INFO] 
[INFO] --- resources:3.3.1:resources (default-resources) @ intellitest-prototype ---
[INFO] skip non existing resourceDirectory C:\Users\EIT\abcd testing framework\ABCD_Testing_Framework\src\main\resources
[INFO] 
[INFO] --- compiler:3.10.1:compile (default-compile) @ intellitest-prototype ---
[INFO] Changes detected - recompiling the module!
[INFO] Compiling 28 source files to C:\Users\EIT\abcd testing framework\ABCD_Testing_Framework\target\classes
[INFO] /C:/Users/EIT/abcd testing framework/ABCD_Testing_Framework/src/main/java/com/eit/automation/actions/InputActions.java: Some input files use or override a deprecated API.
[INFO] /C:/Users/EIT/abcd testing framework/ABCD_Testing_Framework/src/main/java/com/eit/automation/actions/InputActions.java: Recompile with -Xlint:deprecation for details.
[INFO] 
[INFO] --- exec:3.1.0:java (default-cli) @ intellitest-prototype ---
? Report initialized at: test-reports/report_2026-01-31_20-55-33/TestReport.html
=== ? EIT Test Automation Started ===

? Test execution started at: 2026-01-31_20-55-33
? Reading test cases from: Book1.csv
[20:55:34.002] 
[20:55:34.009] ??????????????????????????????????????????????????????????????????????????????????
[20:55:34.009] ?                        INITIALIZING TEST EXECUTOR                              ?
[20:55:34.009] ??????????????????????????????????????????????????????????????????????????????????
[20:55:34.035] ? Creating ChromeDriver
[20:55:34.036]   • Start maximized: Yes
[20:55:34.036]   • Disable notifications: Yes
Jan 31, 2026 8:55:37 PM org.openqa.selenium.devtools.CdpVersionFinder findNearestMatch
WARNING: Unable to find CDP implementation matching 144
Jan 31, 2026 8:55:37 PM org.openqa.selenium.chromium.ChromiumDriver lambda$new$5
WARNING: Unable to find version of CDP to use for 144.0.7559.110. You may need to include a dependency on a specific version of the CDP using something similar to `org.seleniumhq.selenium:selenium-devtools-v86:4.27.0` where the version ("v86") matches the version of the chromium-based browser you're using and the version number of the artifact is the same as Selenium's.
[20:55:37.676]   • Default wait timeout: 30 seconds
[20:55:37.677] ? Initializing action handlers
[20:55:37.696] ? All action handlers ready
[20:55:37.696] 
[20:55:37.696] ? Report generator configured
[20:55:37.696] 

??????????????????????????????????????????????????????????????????????????????????
?                        PERFORMING INITIAL LOGIN                                ?
??????????????????????????????????????????????????????????????????????????????????
? Navigating to login page: https://admin.we1.app
? Logging in as: admin@we1.co
? Login credentials submitted
? Detected CSV file format
? Found 1 test case(s) in CSV file

=== ? Running: TC_Transport_001 ===
[20:55:56.720] 
[20:55:56.720] ??????????????????????????????????????????????????????????????????????????????????
[20:55:56.724] ?  TEST CASE: TC_Transport_001                                                  ?
[20:55:56.725] ?  Total Steps: 45                                                             ?
[20:55:56.726] ?  Start Time: 20:55:56.726                                                    ?
[20:55:56.727] ??????????????????????????????????????????????????????????????????????????????????
[20:55:56.727] 

? Starting Test Case: TC_Transport_001
[20:55:56.727] 
[20:55:56.727] ??????????????????????????????????????????????????????????????????????????????????
[20:55:56.743] ? STEP 1/45 ? CLICK                                                            ?
[20:55:56.743] ??????????????????????????????????????????????????????????????????????????????????
[20:55:56.746] ? XPath: //span[normalize-space()='Transport Services']                           ?
[20:55:56.746] ??????????????????????????????????????????????????????????????????????????????????
[20:55:56.746]   ? Action: CLICK
[20:55:56.746]   ? XPath: //span[normalize-space()='Transport Services']
[20:55:59.816]   ? Clicked
[20:55:59.816] 
[20:55:59.824]   ? STEP 1 PASSED [3070ms]
[20:55:59.825] 
  ? Step 1: click - PASSED
[20:56:00.042] 
[20:56:00.042] ??????????????????????????????????????????????????????????????????????????????????
[20:56:00.042] ? STEP 2/45 ? CLICK                                                            ?
[20:56:00.042] ??????????????????????????????????????????????????????????????????????????????????
[20:56:00.042] ? XPath: //div[@class='pcoded-inner-content']//div[2]//div[1]//div[1]//div[1...   ?
[20:56:00.042] ??????????????????????????????????????????????????????????????????????????????????
[20:56:00.042]   ? Action: CLICK
[20:56:00.042]   ? XPath: //div[@class='pcoded-inner-content']//div[2]//div[1]//div[1]//div[1]//div[3]//label[1]//span[1]
[20:56:00.995]   ? Clicked
[20:56:00.995] 
[20:56:00.995]   ? STEP 2 PASSED [953ms]
[20:56:00.995] 
  ? Step 2: click - PASSED
[20:56:01.177] 
[20:56:01.177] ??????????????????????????????????????????????????????????????????????????????????
[20:56:01.177] ? STEP 3/45 ? VERIFYVISIBLE                                                    ?
[20:56:01.177] ??????????????????????????????????????????????????????????????????????????????????
[20:56:01.177] ? XPath: //p[contains(@class,'lead text-muted')]                                  ?
[20:56:01.177] ??????????????????????????????????????????????????????????????????????????????????
[20:56:01.177]   ? Action: VERIFYVISIBLE
[20:56:01.186]   ? XPath: //p[contains(@class,'lead text-muted')]
[20:56:01.500]   ? Element visible
[20:56:01.500] 
[20:56:01.500]   ? STEP 3 PASSED [323ms]
[20:56:01.502] 
  ? Step 3: verifyvisible - PASSED
[20:56:01.711] 
[20:56:01.711] ??????????????????????????????????????????????????????????????????????????????????
[20:56:01.711] ? STEP 4/45 ? CLICK                                                            ?
[20:56:01.714] ??????????????????????????????????????????????????????????????????????????????????
[20:56:01.714] ? XPath: //button[@class='confirm btn btn-lg btn-danger']                         ?
[20:56:01.714] ??????????????????????????????????????????????????????????????????????????????????
[20:56:01.714]   ? Action: CLICK
[20:56:01.714]   ? XPath: //button[@class='confirm btn btn-lg btn-danger']
[20:56:04.193]   ? Clicked
[20:56:04.193] 
[20:56:04.193]   ? STEP 4 PASSED [2479ms]
[20:56:04.193] 
  ? Step 4: click - PASSED
[20:56:04.395] 
[20:56:04.395] ??????????????????????????????????????????????????????????????????????????????????
[20:56:04.395] ? STEP 5/45 ? VERIFYVISIBLE                                                    ?
[20:56:04.395] ??????????????????????????????????????????????????????????????????????????????????
[20:56:04.395] ? Value: Success                                                                  ?
[20:56:04.397] ? XPath: //h2[normalize-space()='Success']                                        ?
[20:56:04.397] ??????????????????????????????????????????????????????????????????????????????????
[20:56:04.397]   ? Action: VERIFYVISIBLE
[20:56:04.397]   ? XPath: //h2[normalize-space()='Success']
[20:56:04.697]   ? Element visible
[20:56:04.697] 
[20:56:04.697]   ? STEP 5 PASSED [300ms]
[20:56:04.697] 
  ? Step 5: verifyvisible - PASSED
[20:56:04.892] 
[20:56:04.892] ??????????????????????????????????????????????????????????????????????????????????
[20:56:04.892] ? STEP 6/45 ? CLICK                                                            ?
[20:56:04.893] ??????????????????????????????????????????????????????????????????????????????????
[20:56:04.893] ? XPath: //button[@class='confirm btn btn-lg btn-primary']                        ?
[20:56:04.893] ??????????????????????????????????????????????????????????????????????????????????
[20:56:04.893]   ? Action: CLICK
[20:56:04.893]   ? XPath: //button[@class='confirm btn btn-lg btn-primary']
[20:56:05.811]   ? Clicked
[20:56:05.811] 
[20:56:05.811]   ? STEP 6 PASSED [918ms]
[20:56:05.812] 
  ? Step 6: click - PASSED
[20:56:06.049] 
[20:56:06.049] ??????????????????????????????????????????????????????????????????????????????????
[20:56:06.049] ? STEP 7/45 ? CLICK                                                            ?
[20:56:06.049] ??????????????????????????????????????????????????????????????????????????????????
[20:56:06.049] ? Value: Taxi Ride                                                                ?
[20:56:06.050] ? XPath: //a[normalize-space()='Taxi Ride']                                       ?
[20:56:06.050] ??????????????????????????????????????????????????????????????????????????????????
[20:56:06.050]   ? Action: CLICK
[20:56:06.050]   ? XPath: //a[normalize-space()='Taxi Ride']
[20:56:10.269]   ? Clicked
[20:56:10.269] 
[20:56:10.269]   ? STEP 7 PASSED [4219ms]
[20:56:10.269] 
  ? Step 7: click - PASSED
[20:56:10.569] 
[20:56:10.569] ??????????????????????????????????????????????????????????????????????????????????
[20:56:10.569] ? STEP 8/45 ? CLICK                                                            ?
[20:56:10.569] ??????????????????????????????????????????????????????????????????????????????????
[20:56:10.569] ? Value: Rides                                                                    ?
[20:56:10.569] ? XPath: //a[normalize-space()='Rides']                                           ?
[20:56:10.570] ??????????????????????????????????????????????????????????????????????????????????
[20:56:10.570]   ? Action: CLICK
[20:56:10.570]   ? XPath: //a[normalize-space()='Rides']
[20:56:11.600]   ? Clicked
[20:56:11.601] 
[20:56:11.601]   ? STEP 8 PASSED [1031ms]
[20:56:11.601] 
  ? Step 8: click - PASSED
[20:56:11.897] 
[20:56:11.897] ??????????????????????????????????????????????????????????????????????????????????
[20:56:11.897] ? STEP 9/45 ? CLICK                                                            ?
[20:56:11.897] ??????????????????????????????????????????????????????????????????????????????????
[20:56:11.897] ? Value: All Rides                                                                ?
[20:56:11.899] ? XPath: //a[normalize-space()='All Rides']                                       ?
[20:56:11.899] ??????????????????????????????????????????????????????????????????????????????????
[20:56:11.899]   ? Action: CLICK
[20:56:11.899]   ? XPath: //a[normalize-space()='All Rides']
[20:56:14.393]   ? Clicked
[20:56:14.393] 
[20:56:14.393]   ? STEP 9 PASSED [2494ms]
[20:56:14.393] 
  ? Step 9: click - PASSED
[20:56:14.672] 
[20:56:14.672] ??????????????????????????????????????????????????????????????????????????????????
[20:56:14.673] ? STEP 10/45 ? CLICK                                                           ?
[20:56:14.673] ??????????????????????????????????????????????????????????????????????????????????
[20:56:14.673] ? Value: Today                                                                    ?
[20:56:14.673] ? XPath: //a[@id='today']                                                         ?
[20:56:14.673] ??????????????????????????????????????????????????????????????????????????????????
[20:56:14.673]   ? Action: CLICK
[20:56:14.673]   ? XPath: //a[@id='today']
[20:56:15.612]   ? Clicked
[20:56:15.612] 
[20:56:15.612]   ? STEP 10 PASSED [939ms]
[20:56:15.612] 
  ? Step 10: click - PASSED
[20:56:15.846] 
[20:56:15.846] ??????????????????????????????????????????????????????????????????????????????????
[20:56:15.846] ? STEP 11/45 ? CLICK                                                           ?
[20:56:15.846] ??????????????????????????????????????????????????????????????????????????????????
[20:56:15.846] ? XPath: //button[@id='dateFilters']                                              ?
[20:56:15.846] ??????????????????????????????????????????????????????????????????????????????????
[20:56:15.846]   ? Action: CLICK
[20:56:15.846]   ? XPath: //button[@id='dateFilters']
[20:56:16.825]   ? Clicked
[20:56:16.825] 
[20:56:16.825]   ? STEP 11 PASSED [979ms]
[20:56:16.825] 
  ? Step 11: click - PASSED
[20:56:17.004] 
[20:56:17.004] ??????????????????????????????????????????????????????????????????????????????????
[20:56:17.006] ? STEP 12/45 ? CLICK                                                           ?
[20:56:17.006] ??????????????????????????????????????????????????????????????????????????????????
[20:56:17.006] ? Value: This Year                                                                ?
[20:56:17.006] ? XPath: //a[@id='this_year']                                                     ?
[20:56:17.006] ??????????????????????????????????????????????????????????????????????????????????
[20:56:17.006]   ? Action: CLICK
[20:56:17.006]   ? XPath: //a[@id='this_year']
[20:56:17.977]   ? Clicked
[20:56:17.977] 
[20:56:17.977]   ? STEP 12 PASSED [971ms]
[20:56:17.977] 
  ? Step 12: click - PASSED
[20:56:18.273] 
[20:56:18.273] ??????????????????????????????????????????????????????????????????????????????????
[20:56:18.276] ? STEP 13/45 ? CLICK                                                           ?
[20:56:18.276] ??????????????????????????????????????????????????????????????????????????????????
[20:56:18.276] ? XPath: //button[@id='dateFilters']                                              ?
[20:56:18.276] ??????????????????????????????????????????????????????????????????????????????????
[20:56:18.278]   ? Action: CLICK
[20:56:18.278]   ? XPath: //button[@id='dateFilters']
[20:56:19.295]   ? Clicked
[20:56:19.295] 
[20:56:19.295]   ? STEP 13 PASSED [1017ms]
[20:56:19.295] 
  ? Step 13: click - PASSED
[20:56:19.525] 
[20:56:19.525] ??????????????????????????????????????????????????????????????????????????????????
[20:56:19.525] ? STEP 14/45 ? CLICK                                                           ?
[20:56:19.525] ??????????????????????????????????????????????????????????????????????????????????
[20:56:19.525] ? XPath: //a[normalize-space()='Incomplete Rides']                                ?
[20:56:19.525] ??????????????????????????????????????????????????????????????????????????????????
[20:56:19.525]   ? Action: CLICK
[20:56:19.525]   ? XPath: //a[normalize-space()='Incomplete Rides']
[20:56:51.551]   ? Clicked
[20:56:51.551] 
[20:56:51.551]   ? STEP 14 PASSED [32026ms]
[20:56:51.551] 
  ? Step 14: click - PASSED
[20:56:51.762] 
[20:56:51.762] ??????????????????????????????????????????????????????????????????????????????????
[20:56:51.762] ? STEP 15/45 ? CLICK                                                           ?
[20:56:51.762] ??????????????????????????????????????????????????????????????????????????????????
[20:56:51.762] ? Value: Today                                                                    ?
[20:56:51.766] ? XPath: //a[@id='today']                                                         ?
[20:56:51.766] ??????????????????????????????????????????????????????????????????????????????????
[20:56:51.766]   ? Action: CLICK
[20:56:51.766]   ? XPath: //a[@id='today']
[20:56:52.705]   ? Clicked
[20:56:52.705] 
[20:56:52.705]   ? STEP 15 PASSED [939ms]
[20:56:52.705] 
  ? Step 15: click - PASSED
[20:56:52.918] 
[20:56:52.919] ??????????????????????????????????????????????????????????????????????????????????
[20:56:52.919] ? STEP 16/45 ? CLICK                                                           ?
[20:56:52.919] ??????????????????????????????????????????????????????????????????????????????????
[20:56:52.919] ? XPath: //button[@id='dateFilters']                                              ?
[20:56:52.919] ??????????????????????????????????????????????????????????????????????????????????
[20:56:52.919]   ? Action: CLICK
[20:56:52.919]   ? XPath: //button[@id='dateFilters']
[20:56:53.937]   ? Clicked
[20:56:53.937] 
[20:56:53.938]   ? STEP 16 PASSED [1018ms]
[20:56:53.938] 
  ? Step 16: click - PASSED
[20:56:54.122] 
[20:56:54.122] ??????????????????????????????????????????????????????????????????????????????????
[20:56:54.123] ? STEP 17/45 ? CLICK                                                           ?
[20:56:54.124] ??????????????????????????????????????????????????????????????????????????????????
[20:56:54.126] ? Value: This Year                                                                ?
[20:56:54.126] ? XPath: //a[@id='this_year']                                                     ?
[20:56:54.126] ??????????????????????????????????????????????????????????????????????????????????
[20:56:54.126]   ? Action: CLICK
[20:56:54.127]   ? XPath: //a[@id='this_year']
[20:56:55.030]   ? Clicked
[20:56:55.030] 
[20:56:55.031]   ? STEP 17 PASSED [904ms]
[20:56:55.031] 
  ? Step 17: click - PASSED
[20:56:55.219] 
[20:56:55.219] ??????????????????????????????????????????????????????????????????????????????????
[20:56:55.219] ? STEP 18/45 ? CLICK                                                           ?
[20:56:55.220] ??????????????????????????????????????????????????????????????????????????????????
[20:56:55.220] ? XPath: //button[@id='dateFilters']                                              ?
[20:56:55.220] ??????????????????????????????????????????????????????????????????????????????????
[20:56:55.220]   ? Action: CLICK
[20:56:55.220]   ? XPath: //button[@id='dateFilters']
[20:56:56.149]   ? Clicked
[20:56:56.149] 
[20:56:56.150]   ? STEP 18 PASSED [929ms]
[20:56:56.150] 
  ? Step 18: click - PASSED
[20:56:56.333] 
[20:56:56.333] ??????????????????????????????????????????????????????????????????????????????????
[20:56:56.333] ? STEP 19/45 ? CLICK                                                           ?
[20:56:56.333] ??????????????????????????????????????????????????????????????????????????????????
[20:56:56.333] ? XPath: //a[normalize-space()='Scheduled Rides']                                 ?
[20:56:56.333] ??????????????????????????????????????????????????????????????????????????????????
[20:56:56.333]   ? Action: CLICK
[20:56:56.333]   ? XPath: //a[normalize-space()='Scheduled Rides']
[20:57:28.175]   ? Clicked
[20:57:28.175] 
[20:57:28.177]   ? STEP 19 PASSED [31842ms]
[20:57:28.177] 
  ? Step 19: click - PASSED
[20:57:28.372] 
[20:57:28.372] ??????????????????????????????????????????????????????????????????????????????????
[20:57:28.372] ? STEP 20/45 ? CLICK                                                           ?
[20:57:28.372] ??????????????????????????????????????????????????????????????????????????????????
[20:57:28.372] ? Value: Today                                                                    ?
[20:57:28.372] ? XPath: //a[@id='today']                                                         ?
[20:57:28.372] ??????????????????????????????????????????????????????????????????????????????????
[20:57:28.372]   ? Action: CLICK
[20:57:28.372]   ? XPath: //a[@id='today']
[20:57:29.301]   ? Clicked
[20:57:29.301] 
[20:57:29.301]   ? STEP 20 PASSED [929ms]
[20:57:29.301] 
  ? Step 20: click - PASSED
[20:57:29.505] 
[20:57:29.506] ??????????????????????????????????????????????????????????????????????????????????
[20:57:29.506] ? STEP 21/45 ? CLICK                                                           ?
[20:57:29.506] ??????????????????????????????????????????????????????????????????????????????????
[20:57:29.506] ? XPath: //button[@id='dateFilters']                                              ?
[20:57:29.506] ??????????????????????????????????????????????????????????????????????????????????
[20:57:29.506]   ? Action: CLICK
[20:57:29.506]   ? XPath: //button[@id='dateFilters']
[20:57:30.521]   ? Clicked
[20:57:30.522] 
[20:57:30.522]   ? STEP 21 PASSED [1016ms]
[20:57:30.522] 
  ? Step 21: click - PASSED
[20:57:30.718] 
[20:57:30.718] ??????????????????????????????????????????????????????????????????????????????????
[20:57:30.718] ? STEP 22/45 ? CLICK                                                           ?
[20:57:30.718] ??????????????????????????????????????????????????????????????????????????????????
[20:57:30.718] ? Value: This Year                                                                ?
[20:57:30.718] ? XPath: //a[@id='this_year']                                                     ?
[20:57:30.718] ??????????????????????????????????????????????????????????????????????????????????
[20:57:30.718]   ? Action: CLICK
[20:57:30.718]   ? XPath: //a[@id='this_year']
[20:57:31.644]   ? Clicked
[20:57:31.644] 
[20:57:31.644]   ? STEP 22 PASSED [926ms]
[20:57:31.644] 
  ? Step 22: click - PASSED
[20:57:31.830] 
[20:57:31.830] ??????????????????????????????????????????????????????????????????????????????????
[20:57:31.830] ? STEP 23/45 ? CLICK                                                           ?
[20:57:31.830] ??????????????????????????????????????????????????????????????????????????????????
[20:57:31.830] ? XPath: //button[@id='dateFilters']                                              ?
[20:57:31.830] ??????????????????????????????????????????????????????????????????????????????????
[20:57:31.830]   ? Action: CLICK
[20:57:31.830]   ? XPath: //button[@id='dateFilters']
[20:57:32.777]   ? Clicked
[20:57:32.778] 
[20:57:32.778]   ? STEP 23 PASSED [948ms]
[20:57:32.778] 
  ? Step 23: click - PASSED
[20:57:32.944] 
[20:57:32.944] ??????????????????????????????????????????????????????????????????????????????????
[20:57:32.944] ? STEP 24/45 ? CLICK                                                           ?
[20:57:32.944] ??????????????????????????????????????????????????????????????????????????????????
[20:57:32.945] ? XPath: //a[normalize-space()='Cancelled Rides']                                 ?
[20:57:32.945] ??????????????????????????????????????????????????????????????????????????????????
[20:57:32.945]   ? Action: CLICK
[20:57:32.945]   ? XPath: //a[normalize-space()='Cancelled Rides']
[20:58:05.843]   ? Clicked
[20:58:05.844] 
[20:58:05.844]   ? STEP 24 PASSED [32899ms]
[20:58:05.845] 
  ? Step 24: click - PASSED
[20:58:06.027] 
[20:58:06.027] ??????????????????????????????????????????????????????????????????????????????????
[20:58:06.027] ? STEP 25/45 ? CLICK                                                           ?
[20:58:06.027] ??????????????????????????????????????????????????????????????????????????????????
[20:58:06.027] ? Value: Today                                                                    ?
[20:58:06.028] ? XPath: //a[@id='today']                                                         ?
[20:58:06.028] ??????????????????????????????????????????????????????????????????????????????????
[20:58:06.028]   ? Action: CLICK
[20:58:06.028]   ? XPath: //a[@id='today']
[20:58:06.933]   ? Clicked
[20:58:06.933] 
[20:58:06.933]   ? STEP 25 PASSED [905ms]
[20:58:06.933] 
  ? Step 25: click - PASSED
[20:58:07.109] 
[20:58:07.109] ??????????????????????????????????????????????????????????????????????????????????
[20:58:07.109] ? STEP 26/45 ? CLICK                                                           ?
[20:58:07.109] ??????????????????????????????????????????????????????????????????????????????????
[20:58:07.109] ? XPath: //button[@id='dateFilters']                                              ?
[20:58:07.109] ??????????????????????????????????????????????????????????????????????????????????
[20:58:07.109]   ? Action: CLICK
[20:58:07.109]   ? XPath: //button[@id='dateFilters']
[20:58:08.101]   ? Clicked
[20:58:08.102] 
[20:58:08.102]   ? STEP 26 PASSED [993ms]
[20:58:08.102] 
  ? Step 26: click - PASSED
[20:58:08.295] 
[20:58:08.295] ??????????????????????????????????????????????????????????????????????????????????
[20:58:08.295] ? STEP 27/45 ? CLICK                                                           ?
[20:58:08.295] ??????????????????????????????????????????????????????????????????????????????????
[20:58:08.296] ? Value: This Year                                                                ?
[20:58:08.296] ? XPath: //a[@id='this_year']                                                     ?
[20:58:08.296] ??????????????????????????????????????????????????????????????????????????????????
[20:58:08.296]   ? Action: CLICK
[20:58:08.296]   ? XPath: //a[@id='this_year']
[20:58:09.206]   ? Clicked
[20:58:09.206] 
[20:58:09.206]   ? STEP 27 PASSED [910ms]
[20:58:09.206] 
  ? Step 27: click - PASSED
[20:58:09.376] 
[20:58:09.376] ??????????????????????????????????????????????????????????????????????????????????
[20:58:09.376] ? STEP 28/45 ? CLICK                                                           ?
[20:58:09.376] ??????????????????????????????????????????????????????????????????????????????????
[20:58:09.376] ? XPath: //button[@id='dateFilters']                                              ?
[20:58:09.376] ??????????????????????????????????????????????????????????????????????????????????
[20:58:09.377]   ? Action: CLICK
[20:58:09.377]   ? XPath: //button[@id='dateFilters']
[20:58:10.316]   ? Clicked
[20:58:10.316] 
[20:58:10.316]   ? STEP 28 PASSED [939ms]
[20:58:10.316] 
  ? Step 28: click - PASSED
[20:58:10.489] 
[20:58:10.489] ??????????????????????????????????????????????????????????????????????????????????
[20:58:10.489] ? STEP 29/45 ? CLICK                                                           ?
[20:58:10.489] ??????????????????????????????????????????????????????????????????????????????????
[20:58:10.489] ? XPath: //a[normalize-space()='Settings']                                        ?
[20:58:10.489] ??????????????????????????????????????????????????????????????????????????????????
[20:58:10.489]   ? Action: CLICK
[20:58:10.489]   ? XPath: //a[normalize-space()='Settings']
[20:58:11.408]   ? Clicked
[20:58:11.408] 
[20:58:11.408]   ? STEP 29 PASSED [919ms]
[20:58:11.408] 
  ? Step 29: click - PASSED
[20:58:11.609] 
[20:58:11.609] ??????????????????????????????????????????????????????????????????????????????????
[20:58:11.609] ? STEP 30/45 ? CLICK                                                           ?
[20:58:11.609] ??????????????????????????????????????????????????????????????????????????????????
[20:58:11.609] ? Value: Vehicle Type                                                             ?
[20:58:11.609] ? XPath: //a[contains(@href,'vehicle-type')]                                      ?
[20:58:11.609] ??????????????????????????????????????????????????????????????????????????????????
[20:58:11.609]   ? Action: CLICK
[20:58:11.609]   ? XPath: //a[contains(@href,'vehicle-type')]
[20:58:13.473]   ? Clicked
[20:58:13.473] 
[20:58:13.473]   ? STEP 30 PASSED [1864ms]
[20:58:13.473] 
  ? Step 30: click - PASSED
[20:58:13.652] 
[20:58:13.652] ??????????????????????????????????????????????????????????????????????????????????
[20:58:13.652] ? STEP 31/45 ? CLICK                                                           ?
[20:58:13.652] ??????????????????????????????????????????????????????????????????????????????????
[20:58:13.652] ? Value: Add Vehicle Type                                                         ?
[20:58:13.652] ? XPath: //a[contains(text(),'Add Vehicle Type')]                                 ?
[20:58:13.652] ??????????????????????????????????????????????????????????????????????????????????
[20:58:13.652]   ? Action: CLICK
[20:58:13.652]   ? XPath: //a[contains(text(),'Add Vehicle Type')]
[20:58:16.856]   ? Clicked
[20:58:16.856] 
[20:58:16.856]   ? STEP 31 PASSED [3204ms]
[20:58:16.856] 
  ? Step 31: click - PASSED
[20:58:17.033] 
[20:58:17.033] ??????????????????????????????????????????????????????????????????????????????????
[20:58:17.033] ? STEP 32/45 ? TYPE                                                            ?
[20:58:17.033] ??????????????????????????????????????????????????????????????????????????????????
[20:58:17.033] ? Value: Sedan                                                                    ?
[20:58:17.033] ? XPath: //input[@id='name']                                                      ?
[20:58:17.033] ??????????????????????????????????????????????????????????????????????????????????
[20:58:17.033]   ? Action: TYPE
[20:58:17.033]   ? XPath: //input[@id='name']
[20:58:17.037]   ? Value: Sedan
[20:58:17.453]   ? Text entered
[20:58:17.453] 
[20:58:17.453]   ? STEP 32 PASSED [420ms]
[20:58:17.453] 
  ? Step 32: type - PASSED
[20:58:17.628] 
[20:58:17.628] ??????????????????????????????????????????????????????????????????????????????????
[20:58:17.628] ? STEP 33/45 ? CLICK                                                           ?
[20:58:17.628] ??????????????????????????????????????????????????????????????????????????????????
[20:58:17.628] ? Value: Vehicle Type Image                                                       ?
[20:58:17.628] ? XPath: //input[@id='icon']                                                      ?
[20:58:17.628] ??????????????????????????????????????????????????????????????????????????????????
[20:58:17.628]   ? Action: CLICK
[20:58:17.628]   ? XPath: //input[@id='icon']
[20:58:18.559]   ? Clicked
[20:58:18.559] 
[20:58:18.559]   ? STEP 33 PASSED [931ms]
[20:58:18.561] 
  ? Step 33: click - PASSED
[20:58:18.734] 
[20:58:18.734] ??????????????????????????????????????????????????????????????????????????????????
[20:58:18.734] ? STEP 34/45 ? ROBOTUPLOAD                                                     ?
[20:58:18.734] ??????????????????????????????????????????????????????????????????????????????????
[20:58:18.734] ? Value: C:\Data\sedan_image.jpg                                                  ?
[20:58:18.734] ??????????????????????????????????????????????????????????????????????????????????
[20:58:18.734]   ? Action: ROBOTUPLOAD
[20:58:18.734]   ? Auto-generated XPath: //tr[contains(., 'Upload Image (Robot)')]//*[contains(text(), 'C:\Data\sedan_image.jpg') or @title='C:\Data\sedan_image.jpg' or @alt='C:\Data\sedan_image.jpg' or @aria-label='C:\Data\sedan_image.jpg' or contains(@class, 'C:\Data\sedan_image.jpg')]
[20:58:18.734] 
  ? STEP 34 FAILED [0ms]
  ?? Error Details ?????????????????????????????????????????????????????????
  ? Must Fix: Unknown action: robotupload
  ??????????????????????????????????????????????????????????????????????????
[20:58:18.737] 
  ? Step 34: robotupload - FAILED
[20:58:19.009] ? Aborting current test case due to failure...
[20:58:19.009] 
? Test Case FAILED: TC_Transport_001
? Report updated: test-reports/report_2026-01-31_20-55-33/TestReport.html
[20:58:19.022] 
[20:58:19.022] ??????????????????????????????????????????????????????????????????????????????????
[20:58:19.022] ?                           TEST CASE SUMMARY                                    ?
[20:58:19.022] ??????????????????????????????????????????????????????????????????????????????????
[20:58:19.022] ?  Test Case: TC_Transport_001                                                  ?
[20:58:19.022] ?  Total Steps: 33                                                             ?
[20:58:19.022] ?  Passed: 33                                                                  ?
[20:58:19.022] ?  Failed: 1                                                                   ?
[20:58:19.022] ?  Duration: 2m 22s 302ms                                                      ?
[20:58:19.022] ?  End Time: 20:58:19.022                                                      ?
[20:58:19.022] ??????????????????????????????????????????????????????????????????????????????????
[20:58:19.026] ?  STATUS: ? 1 STEP(S) FAILED                                            ?
[20:58:19.027] ??????????????????????????????????????????????????????????????????????????????????
[20:58:19.027] 
[20:58:19.027] ? Browser remains open for inspection
[20:58:19.027] ? Call executor.close() when done
[20:58:19.027] 
? Test execution ended at: 2026-01-31_20-58-19
Jan 31, 2026 8:58:19 PM org.openqa.selenium.remote.http.WebSocket$Listener onError
WARNING: connection closed locally
java.io.IOException: connection closed locally
	at java.net.http/jdk.internal.net.http.SocketTube.signalClosed(SocketTube.java:159)
	at java.net.http/jdk.internal.net.http.PlainHttpConnection.close(PlainHttpConnection.java:384)
	at java.net.http/jdk.internal.net.http.HttpClientImpl.closeConnection(HttpClientImpl.java:590)
	at java.base/java.lang.Iterable.forEach(Iterable.java:75)
	at java.net.http/jdk.internal.net.http.HttpClientImpl.stop(HttpClientImpl.java:532)
	at java.net.http/jdk.internal.net.http.HttpClientImpl$SelectorManager.shutdown(HttpClientImpl.java:1177)
	at java.net.http/jdk.internal.net.http.HttpClientImpl$SelectorManager.run(HttpClientImpl.java:1376)

[WARNING] thread Thread[External Process Output Forwarder - C:\Users\EIT\.cache\selenium\chromedriver\win64\144.0.7559.109\chromedriver.exe,5,com.eit.automation.core.Main] was interrupted but is still alive after waiting at least 14988msecs
[WARNING] thread Thread[External Process Output Forwarder - C:\Users\EIT\.cache\selenium\chromedriver\win64\144.0.7559.109\chromedriver.exe,5,com.eit.automation.core.Main] will linger despite being asked to die via interruption
[WARNING] thread Thread[Driver Service Executor,5,com.eit.automation.core.Main] will linger despite being asked to die via interruption
[WARNING] thread Thread[Driver Service Executor,5,com.eit.automation.core.Main] will linger despite being asked to die via interruption
[WARNING] thread Thread[JdkHttpClient-0-0,5,com.eit.automation.core.Main] will linger despite being asked to die via interruption
[WARNING] thread Thread[CompletableFutureDelayScheduler,5,com.eit.automation.core.Main] will linger despite being asked to die via interruption
[WARNING] thread Thread[JdkHttpClient-0-1,5,com.eit.automation.core.Main] will linger despite being asked to die via interruption
[WARNING] thread Thread[JdkHttpClient-0-3,5,com.eit.automation.core.Main] will linger despite being asked to die via interruption
[WARNING] thread Thread[JdkHttpClient-1-3,5,com.eit.automation.core.Main] will linger despite being asked to die via interruption
[WARNING] NOTE: 8 thread(s) did not finish despite being asked to via interruption. This is not a problem with exec:java, it is a problem with the running code. Although not serious, it should be remedied.
[WARNING] Couldn't destroy threadgroup org.codehaus.mojo.exec.ExecJavaMojo$IsolatedThreadGroup[name=com.eit.automation.core.Main,maxpri=10]
java.lang.IllegalThreadStateException
    at java.lang.ThreadGroup.destroy (ThreadGroup.java:803)
    at org.codehaus.mojo.exec.ExecJavaMojo.execute (ExecJavaMojo.java:319)
    at org.apache.maven.plugin.DefaultBuildPluginManager.executeMojo (DefaultBuildPluginManager.java:126)
    at org.apache.maven.lifecycle.internal.MojoExecutor.doExecute2 (MojoExecutor.java:328)
    at org.apache.maven.lifecycle.internal.MojoExecutor.doExecute (MojoExecutor.java:316)
    at org.apache.maven.lifecycle.internal.MojoExecutor.execute (MojoExecutor.java:212)
    at org.apache.maven.lifecycle.internal.MojoExecutor.execute (MojoExecutor.java:174)
    at org.apache.maven.lifecycle.internal.MojoExecutor.access$000 (MojoExecutor.java:75)
    at org.apache.maven.lifecycle.internal.MojoExecutor$1.run (MojoExecutor.java:162)
    at org.apache.maven.plugin.DefaultMojosExecutionStrategy.execute (DefaultMojosExecutionStrategy.java:39)
    at org.apache.maven.lifecycle.internal.MojoExecutor.execute (MojoExecutor.java:159)
    at org.apache.maven.lifecycle.internal.LifecycleModuleBuilder.buildProject (LifecycleModuleBuilder.java:105)
    at org.apache.maven.lifecycle.internal.LifecycleModuleBuilder.buildProject (LifecycleModuleBuilder.java:73)
    at org.apache.maven.lifecycle.internal.builder.singlethreaded.SingleThreadedBuilder.build (SingleThreadedBuilder.java:53)
    at org.apache.maven.lifecycle.internal.LifecycleStarter.execute (LifecycleStarter.java:118)
    at org.apache.maven.DefaultMaven.doExecute (DefaultMaven.java:261)
    at org.apache.maven.DefaultMaven.doExecute (DefaultMaven.java:173)
    at org.apache.maven.DefaultMaven.execute (DefaultMaven.java:101)
    at org.apache.maven.cli.MavenCli.execute (MavenCli.java:906)
    at org.apache.maven.cli.MavenCli.doMain (MavenCli.java:283)
    at org.apache.maven.cli.MavenCli.main (MavenCli.java:206)
    at jdk.internal.reflect.NativeMethodAccessorImpl.invoke0 (Native Method)
    at jdk.internal.reflect.NativeMethodAccessorImpl.invoke (NativeMethodAccessorImpl.java:77)
    at jdk.internal.reflect.DelegatingMethodAccessorImpl.invoke (DelegatingMethodAccessorImpl.java:43)
    at java.lang.reflect.Method.invoke (Method.java:569)
    at org.codehaus.plexus.classworlds.launcher.Launcher.launchEnhanced (Launcher.java:255)
    at org.codehaus.plexus.classworlds.launcher.Launcher.launch (Launcher.java:201)
    at org.codehaus.plexus.classworlds.launcher.Launcher.mainWithExitCode (Launcher.java:361)
    at org.codehaus.plexus.classworlds.launcher.Launcher.main (Launcher.java:314)
[INFO] ------------------------------------------------------------------------
[INFO] BUILD SUCCESS
[INFO] ------------------------------------------------------------------------
[INFO] Total time:  03:08 min
[INFO] Finished at: 2026-01-31T20:58:34+05:30
[INFO] ------------------------------------------------------------------------
