[INFO] Scanning for projects...
[INFO] 
[INFO] ---------------< com.intellitest:intellitest-prototype >----------------
[INFO] Building intellitest-prototype 1.0
[INFO]   from pom.xml
[INFO] --------------------------------[ jar ]---------------------------------
[INFO] 
[INFO] --- resources:3.3.1:resources (default-resources) @ intellitest-prototype ---
[INFO] skip non existing resourceDirectory C:\Users\EIT\abcd testing framework\ABCD_Testing_Framework\src\main\resources
[INFO] 
[INFO] --- compiler:3.10.1:compile (default-compile) @ intellitest-prototype ---
[INFO] Changes detected - recompiling the module!
[INFO] Compiling 28 source files to C:\Users\EIT\abcd testing framework\ABCD_Testing_Framework\target\classes
[INFO] /C:/Users/EIT/abcd testing framework/ABCD_Testing_Framework/src/main/java/com/eit/automation/actions/InputActions.java: Some input files use or override a deprecated API.
[INFO] /C:/Users/EIT/abcd testing framework/ABCD_Testing_Framework/src/main/java/com/eit/automation/actions/InputActions.java: Recompile with -Xlint:deprecation for details.
[INFO] 
[INFO] --- exec:3.1.0:java (default-cli) @ intellitest-prototype ---
? Report initialized at: test-reports/report_2026-01-31_21-53-06/TestReport.html
=== ? EIT Test Automation Started ===

? Test execution started at: 2026-01-31_21-53-06
? Reading test cases from: testingwe12.xlsx
[21:53:07.024] 
[21:53:07.030] ??????????????????????????????????????????????????????????????????????????????????
[21:53:07.032] ?                        INITIALIZING TEST EXECUTOR                              ?
[21:53:07.032] ??????????????????????????????????????????????????????????????????????????????????
[21:53:07.047] ? Creating ChromeDriver
[21:53:07.049]   • Start maximized: Yes
[21:53:07.049]   • Disable notifications: Yes
Jan 31, 2026 9:53:09 PM org.openqa.selenium.devtools.CdpVersionFinder findNearestMatch
WARNING: Unable to find CDP implementation matching 144
Jan 31, 2026 9:53:09 PM org.openqa.selenium.chromium.ChromiumDriver lambda$new$5
WARNING: Unable to find version of CDP to use for 144.0.7559.110. You may need to include a dependency on a specific version of the CDP using something similar to `org.seleniumhq.selenium:selenium-devtools-v86:4.27.0` where the version ("v86") matches the version of the chromium-based browser you're using and the version number of the artifact is the same as Selenium's.
[21:53:09.827]   • Default wait timeout: 30 seconds
[21:53:09.827] ? Initializing action handlers
[21:53:09.839] ? All action handlers ready
[21:53:09.839] 
[21:53:09.839] ? Report generator configured
[21:53:09.839] 

??????????????????????????????????????????????????????????????????????????????????
?                        PERFORMING INITIAL LOGIN                                ?
??????????????????????????????????????????????????????????????????????????????????
? Navigating to login page: https://admin.we1.app
? Logging in as: admin@we1.co
? Login credentials submitted
? Detected Excel file format

=== ? Running: TC_CA_3_Add City Admin with Multiple Permissions ===
[21:54:05.898] 
[21:54:05.898] ??????????????????????????????????????????????????????????????????????????????????
[21:54:05.898] ?  TEST CASE: TC_CA_3_Add City Admin with Multiple Permissions                  ?
[21:54:05.902] ?  Total Steps: 24                                                             ?
[21:54:05.903] ?  Start Time: 21:54:05.902                                                    ?
[21:54:05.903] ??????????????????????????????????????????????????????????????????????????????????
[21:54:05.903] 

? Starting Test Case: TC_CA_3_Add City Admin with Multiple Permissions
[21:54:05.905] 
[21:54:05.907] ??????????????????????????????????????????????????????????????????????????????????
[21:54:05.917] ? STEP 1/24 ? CLICK                                                            ?
[21:54:05.917] ??????????????????????????????????????????????????????????????????????????????????
[21:54:05.919] ? XPath: //span[normalize-space()='Transport Services']                           ?
[21:54:05.919] ??????????????????????????????????????????????????????????????????????????????????
[21:54:05.919]   ? Action: CLICK
[21:54:05.919]   ? XPath: //span[normalize-space()='Transport Services']
[21:54:21.820]   ? Clicked
[21:54:21.820] 
[21:54:21.824]   ? STEP 1 PASSED [15901ms]
[21:54:21.824] 
  ? Step 1: click - PASSED
[21:54:22.163] 
[21:54:22.163] ??????????????????????????????????????????????????????????????????????????????????
[21:54:22.163] ? STEP 2/24 ? CLICK                                                            ?
[21:54:22.163] ??????????????????????????????????????????????????????????????????????????????????
[21:54:22.164] ? XPath: //div[@class='pcoded-inner-content']//div[2]//div[1]//div[1]//div[1...   ?
[21:54:22.164] ??????????????????????????????????????????????????????????????????????????????????
[21:54:22.164]   ? Action: CLICK
[21:54:22.164]   ? XPath: //div[@class='pcoded-inner-content']//div[2]//div[1]//div[1]//div[1]//div[3]//label[1]//span[1]
[21:54:23.130]   ? Clicked
[21:54:23.130] 
[21:54:23.130]   ? STEP 2 PASSED [966ms]
[21:54:23.130] 
  ? Step 2: click - PASSED
[21:54:23.309] 
[21:54:23.309] ??????????????????????????????????????????????????????????????????????????????????
[21:54:23.309] ? STEP 3/24 ? VERIFYVISIBLE                                                    ?
[21:54:23.309] ??????????????????????????????????????????????????????????????????????????????????
[21:54:23.309] ? XPath: //p[contains(@class,'lead text-muted')]                                  ?
[21:54:23.309] ??????????????????????????????????????????????????????????????????????????????????
[21:54:23.309]   ? Action: VERIFYVISIBLE
[21:54:23.309]   ? XPath: //p[contains(@class,'lead text-muted')]
[21:54:23.604]   ? Element visible
[21:54:23.605] 
[21:54:23.605]   ? STEP 3 PASSED [295ms]
[21:54:23.605] 
  ? Step 3: verifyvisible - PASSED
[21:54:23.793] 
[21:54:23.793] ??????????????????????????????????????????????????????????????????????????????????
[21:54:23.795] ? STEP 4/24 ? CLICK                                                            ?
[21:54:23.795] ??????????????????????????????????????????????????????????????????????????????????
[21:54:23.795] ? XPath: //button[@class='confirm btn btn-lg btn-danger']                         ?
[21:54:23.795] ??????????????????????????????????????????????????????????????????????????????????
[21:54:23.795]   ? Action: CLICK
[21:54:23.795]   ? XPath: //button[@class='confirm btn btn-lg btn-danger']
[21:54:25.141]   ? Clicked
[21:54:25.141] 
[21:54:25.141]   ? STEP 4 PASSED [1346ms]
[21:54:25.141] 
?? Failed to capture screenshot: no such window: target window already closed
from unknown error: web view not found
  (Session info: chrome=144.0.7559.110)
Build info: version: '4.27.0', revision: 'd6e718d134'
System info: os.name: 'Windows 11', os.arch: 'amd64', os.version: '10.0', java.version: '17.0.17'
Driver info: org.openqa.selenium.chrome.ChromeDriver
Command: [1ce7c8b4cfb088ea5b04276038f5b3c8, screenshot {}]
Capabilities {acceptInsecureCerts: false, browserName: chrome, browserVersion: 144.0.7559.110, chrome: {chromedriverVersion: 144.0.7559.109 (6a8d5e49388..., userDataDir: C:\Users\EIT\AppData\Local\...}, fedcm:accounts: true, goog:chromeOptions: {debuggerAddress: localhost:54828}, goog:processID: 24480, networkConnectionEnabled: false, pageLoadStrategy: normal, platformName: windows, proxy: Proxy(), se:cdp: ws://localhost:54828/devtoo..., se:cdpVersion: 144.0.7559.110, setWindowRect: true, strictFileInteractability: false, timeouts: {implicit: 0, pageLoad: 300000, script: 30000}, unhandledPromptBehavior: dismiss and notify, webauthn:extension:credBlob: true, webauthn:extension:largeBlob: true, webauthn:extension:minPinLength: true, webauthn:extension:prf: true, webauthn:virtualAuthenticators: true}
Session ID: 1ce7c8b4cfb088ea5b04276038f5b3c8
  ? Step 4: click - PASSED
[21:54:25.154] 
[21:54:25.154] ??????????????????????????????????????????????????????????????????????????????????
[21:54:25.154] ? STEP 5/24 ? VERIFYVISIBLE                                                    ?
[21:54:25.154] ??????????????????????????????????????????????????????????????????????????????????
[21:54:25.155] ? Value: Success                                                                  ?
[21:54:25.155] ? XPath: //h2[normalize-space()='Success']                                        ?
[21:54:25.155] ??????????????????????????????????????????????????????????????????????????????????
[21:54:25.155]   ? Action: VERIFYVISIBLE
[21:54:25.155]   ? XPath: //h2[normalize-space()='Success']
[21:55:25.724] 
  ? STEP 5 FAILED [60569ms]
  ?? Error Details ?????????????????????????????????????????????????????????
  ? Must Fix: Element not found or not visible: //h2[normalize-space()='Success']
  ? Cause: Element not visible: //h2[normalize-space()='Success']
  ??????????????????????????????????????????????????????????????????????????
[21:55:25.726] 
?? Failed to capture screenshot: no such window: target window already closed
from unknown error: web view not found
  (Session info: chrome=144.0.7559.110)
Build info: version: '4.27.0', revision: 'd6e718d134'
System info: os.name: 'Windows 11', os.arch: 'amd64', os.version: '10.0', java.version: '17.0.17'
Driver info: org.openqa.selenium.chrome.ChromeDriver
Command: [1ce7c8b4cfb088ea5b04276038f5b3c8, screenshot {}]
Capabilities {acceptInsecureCerts: false, browserName: chrome, browserVersion: 144.0.7559.110, chrome: {chromedriverVersion: 144.0.7559.109 (6a8d5e49388..., userDataDir: C:\Users\EIT\AppData\Local\...}, fedcm:accounts: true, goog:chromeOptions: {debuggerAddress: localhost:54828}, goog:processID: 24480, networkConnectionEnabled: false, pageLoadStrategy: normal, platformName: windows, proxy: Proxy(), se:cdp: ws://localhost:54828/devtoo..., se:cdpVersion: 144.0.7559.110, setWindowRect: true, strictFileInteractability: false, timeouts: {implicit: 0, pageLoad: 300000, script: 30000}, unhandledPromptBehavior: dismiss and notify, webauthn:extension:credBlob: true, webauthn:extension:largeBlob: true, webauthn:extension:minPinLength: true, webauthn:extension:prf: true, webauthn:virtualAuthenticators: true}
Session ID: 1ce7c8b4cfb088ea5b04276038f5b3c8
  ? Step 5: verifyvisible - FAILED
[21:55:25.728] ? Aborting current test case due to failure...
[21:55:25.728] 
? Test Case FAILED: TC_CA_3_Add City Admin with Multiple Permissions
? Report updated: test-reports/report_2026-01-31_21-53-06/TestReport.html
[21:55:25.737] 
[21:55:25.737] ??????????????????????????????????????????????????????????????????????????????????
[21:55:25.737] ?                           TEST CASE SUMMARY                                    ?
[21:55:25.737] ??????????????????????????????????????????????????????????????????????????????????
[21:55:25.737] ?  Test Case: TC_CA_3_Add City Admin with Multiple Permissions                  ?
[21:55:25.740] ?  Total Steps: 4                                                              ?
[21:55:25.740] ?  Passed: 4                                                                   ?
[21:55:25.740] ?  Failed: 1                                                                   ?
[21:55:25.740] ?  Duration: 1m 19s 839ms                                                      ?
[21:55:25.740] ?  End Time: 21:55:25.740                                                      ?
[21:55:25.740] ??????????????????????????????????????????????????????????????????????????????????
[21:55:25.742] ?  STATUS: ? 1 STEP(S) FAILED                                            ?
[21:55:25.742] ??????????????????????????????????????????????????????????????????????????????????
[21:55:25.743] 
[21:55:25.743] ? Browser remains open for inspection
[21:55:25.743] ? Call executor.close() when done
[21:55:25.743] 
? Test execution ended at: 2026-01-31_21-55-25
? Closing browser...
[21:55:25.746] 
[21:55:25.747] ??????????????????????????????????????????????????????????????????????????????????
[21:55:25.747] ?                           CLOSING BROWSER                                      ?
[21:55:25.747] ??????????????????????????????????????????????????????????????????????????????????
[21:55:26.001] ? Browser closed
[21:55:26.002] 
[WARNING] thread Thread[CompletableFutureDelayScheduler,5,com.eit.automation.core.Main] was interrupted but is still alive after waiting at least 14997msecs
[WARNING] thread Thread[CompletableFutureDelayScheduler,5,com.eit.automation.core.Main] will linger despite being asked to die via interruption
[WARNING] thread Thread[UrlChecker-3,5,com.eit.automation.core.Main] will linger despite being asked to die via interruption
[WARNING] NOTE: 2 thread(s) did not finish despite being asked to via interruption. This is not a problem with exec:java, it is a problem with the running code. Although not serious, it should be remedied.
[WARNING] Couldn't destroy threadgroup org.codehaus.mojo.exec.ExecJavaMojo$IsolatedThreadGroup[name=com.eit.automation.core.Main,maxpri=10]
java.lang.IllegalThreadStateException
    at java.lang.ThreadGroup.destroy (ThreadGroup.java:803)
    at org.codehaus.mojo.exec.ExecJavaMojo.execute (ExecJavaMojo.java:319)
    at org.apache.maven.plugin.DefaultBuildPluginManager.executeMojo (DefaultBuildPluginManager.java:126)
    at org.apache.maven.lifecycle.internal.MojoExecutor.doExecute2 (MojoExecutor.java:328)
    at org.apache.maven.lifecycle.internal.MojoExecutor.doExecute (MojoExecutor.java:316)
    at org.apache.maven.lifecycle.internal.MojoExecutor.execute (MojoExecutor.java:212)
    at org.apache.maven.lifecycle.internal.MojoExecutor.execute (MojoExecutor.java:174)
    at org.apache.maven.lifecycle.internal.MojoExecutor.access$000 (MojoExecutor.java:75)
    at org.apache.maven.lifecycle.internal.MojoExecutor$1.run (MojoExecutor.java:162)
    at org.apache.maven.plugin.DefaultMojosExecutionStrategy.execute (DefaultMojosExecutionStrategy.java:39)
    at org.apache.maven.lifecycle.internal.MojoExecutor.execute (MojoExecutor.java:159)
    at org.apache.maven.lifecycle.internal.LifecycleModuleBuilder.buildProject (LifecycleModuleBuilder.java:105)
    at org.apache.maven.lifecycle.internal.LifecycleModuleBuilder.buildProject (LifecycleModuleBuilder.java:73)
    at org.apache.maven.lifecycle.internal.builder.singlethreaded.SingleThreadedBuilder.build (SingleThreadedBuilder.java:53)
    at org.apache.maven.lifecycle.internal.LifecycleStarter.execute (LifecycleStarter.java:118)
    at org.apache.maven.DefaultMaven.doExecute (DefaultMaven.java:261)
    at org.apache.maven.DefaultMaven.doExecute (DefaultMaven.java:173)
    at org.apache.maven.DefaultMaven.execute (DefaultMaven.java:101)
    at org.apache.maven.cli.MavenCli.execute (MavenCli.java:906)
    at org.apache.maven.cli.MavenCli.doMain (MavenCli.java:283)
    at org.apache.maven.cli.MavenCli.main (MavenCli.java:206)
    at jdk.internal.reflect.NativeMethodAccessorImpl.invoke0 (Native Method)
    at jdk.internal.reflect.NativeMethodAccessorImpl.invoke (NativeMethodAccessorImpl.java:77)
    at jdk.internal.reflect.DelegatingMethodAccessorImpl.invoke (DelegatingMethodAccessorImpl.java:43)
    at java.lang.reflect.Method.invoke (Method.java:569)
    at org.codehaus.plexus.classworlds.launcher.Launcher.launchEnhanced (Launcher.java:255)
    at org.codehaus.plexus.classworlds.launcher.Launcher.launch (Launcher.java:201)
    at org.codehaus.plexus.classworlds.launcher.Launcher.mainWithExitCode (Launcher.java:361)
    at org.codehaus.plexus.classworlds.launcher.Launcher.main (Launcher.java:314)
[INFO] ------------------------------------------------------------------------
[INFO] BUILD SUCCESS
[INFO] ------------------------------------------------------------------------
[INFO] Total time:  02:42 min
[INFO] Finished at: 2026-01-31T21:55:41+05:30
[INFO] ------------------------------------------------------------------------
