[INFO] Scanning for projects...
[INFO] 
[INFO] ---------------< com.intellitest:intellitest-prototype >----------------
[INFO] Building intellitest-prototype 1.0
[INFO]   from pom.xml
[INFO] --------------------------------[ jar ]---------------------------------
[INFO] 
[INFO] --- resources:3.3.1:resources (default-resources) @ intellitest-prototype ---
[INFO] skip non existing resourceDirectory C:\Users\EIT\abcd testing framework\ABCD_Testing_Framework\src\main\resources
[INFO] 
[INFO] --- compiler:3.10.1:compile (default-compile) @ intellitest-prototype ---
[INFO] Changes detected - recompiling the module!
[INFO] Compiling 28 source files to C:\Users\EIT\abcd testing framework\ABCD_Testing_Framework\target\classes
[INFO] /C:/Users/EIT/abcd testing framework/ABCD_Testing_Framework/src/main/java/com/eit/automation/actions/InputActions.java: Some input files use or override a deprecated API.
[INFO] /C:/Users/EIT/abcd testing framework/ABCD_Testing_Framework/src/main/java/com/eit/automation/actions/InputActions.java: Recompile with -Xlint:deprecation for details.
[INFO] 
[INFO] --- exec:3.1.0:java (default-cli) @ intellitest-prototype ---
? Report initialized at: test-reports/report_2026-01-31_21-01-36/TestReport.html
=== ? EIT Test Automation Started ===

? Test execution started at: 2026-01-31_21-01-36
? Reading test cases from: Book1.csv
[21:01:36.928] 
[21:01:36.934] ??????????????????????????????????????????????????????????????????????????????????
[21:01:36.936] ?                        INITIALIZING TEST EXECUTOR                              ?
[21:01:36.936] ??????????????????????????????????????????????????????????????????????????????????
[21:01:36.966] ? Creating ChromeDriver
[21:01:36.966]   • Start maximized: Yes
[21:01:36.966]   • Disable notifications: Yes
Jan 31, 2026 9:01:39 PM org.openqa.selenium.devtools.CdpVersionFinder findNearestMatch
WARNING: Unable to find CDP implementation matching 144
Jan 31, 2026 9:01:39 PM org.openqa.selenium.chromium.ChromiumDriver lambda$new$5
WARNING: Unable to find version of CDP to use for 144.0.7559.110. You may need to include a dependency on a specific version of the CDP using something similar to `org.seleniumhq.selenium:selenium-devtools-v86:4.27.0` where the version ("v86") matches the version of the chromium-based browser you're using and the version number of the artifact is the same as Selenium's.
[21:01:40.018]   • Default wait timeout: 30 seconds
[21:01:40.019] ? Initializing action handlers
[21:01:40.037] ? All action handlers ready
[21:01:40.037] 
[21:01:40.037] ? Report generator configured
[21:01:40.037] 

??????????????????????????????????????????????????????????????????????????????????
?                        PERFORMING INITIAL LOGIN                                ?
??????????????????????????????????????????????????????????????????????????????????
? Navigating to login page: https://admin.we1.app
? Logging in as: admin@we1.co
? Login credentials submitted
? Detected CSV file format
? Found 1 test case(s) in CSV file

=== ? Running: TC_Transport_001 ===
[21:02:28.995] 
[21:02:28.995] ??????????????????????????????????????????????????????????????????????????????????
[21:02:28.996] ?  TEST CASE: TC_Transport_001                                                  ?
[21:02:28.997] ?  Total Steps: 25                                                             ?
[21:02:28.997] ?  Start Time: 21:02:28.997                                                    ?
[21:02:28.997] ??????????????????????????????????????????????????????????????????????????????????
[21:02:28.997] 

? Starting Test Case: TC_Transport_001
[21:02:28.999] 
[21:02:28.999] ??????????????????????????????????????????????????????????????????????????????????
[21:02:29.010] ? STEP 1/25 ? CLICK                                                            ?
[21:02:29.010] ??????????????????????????????????????????????????????????????????????????????????
[21:02:29.011] ? XPath: //span[normalize-space()='Transport Services']                           ?
[21:02:29.011] ??????????????????????????????????????????????????????????????????????????????????
[21:02:29.011]   ? Action: CLICK
[21:02:29.011]   ? XPath: //span[normalize-space()='Transport Services']
[21:02:55.760]   ? Clicked
[21:02:55.761] 
[21:02:55.766]   ? STEP 1 PASSED [26750ms]
[21:02:55.766] 
  ? Step 1: click - PASSED
[21:02:55.959] 
[21:02:55.959] ??????????????????????????????????????????????????????????????????????????????????
[21:02:55.959] ? STEP 2/25 ? CLICK                                                            ?
[21:02:55.959] ??????????????????????????????????????????????????????????????????????????????????
[21:02:55.960] ? XPath: //div[@class='pcoded-inner-content']//div[2]//div[1]//div[1]//div[1...   ?
[21:02:55.960] ??????????????????????????????????????????????????????????????????????????????????
[21:02:55.960]   ? Action: CLICK
[21:02:55.961]   ? XPath: //div[@class='pcoded-inner-content']//div[2]//div[1]//div[1]//div[1]//div[3]//label[1]//span[1]
[21:02:56.912]   ? Clicked
[21:02:56.913] 
[21:02:56.913]   ? STEP 2 PASSED [953ms]
[21:02:56.913] 
  ? Step 2: click - PASSED
[21:02:57.111] 
[21:02:57.111] ??????????????????????????????????????????????????????????????????????????????????
[21:02:57.111] ? STEP 3/25 ? VERIFYVISIBLE                                                    ?
[21:02:57.111] ??????????????????????????????????????????????????????????????????????????????????
[21:02:57.111] ? XPath: //p[contains(@class,'lead text-muted')]                                  ?
[21:02:57.111] ??????????????????????????????????????????????????????????????????????????????????
[21:02:57.111]   ? Action: VERIFYVISIBLE
[21:02:57.111]   ? XPath: //p[contains(@class,'lead text-muted')]
[21:02:57.405]   ? Element visible
[21:02:57.406] 
[21:02:57.406]   ? STEP 3 PASSED [295ms]
[21:02:57.406] 
  ? Step 3: verifyvisible - PASSED
[21:02:57.594] 
[21:02:57.594] ??????????????????????????????????????????????????????????????????????????????????
[21:02:57.594] ? STEP 4/25 ? CLICK                                                            ?
[21:02:57.594] ??????????????????????????????????????????????????????????????????????????????????
[21:02:57.594] ? XPath: //button[@class='confirm btn btn-lg btn-danger']                         ?
[21:02:57.596] ??????????????????????????????????????????????????????????????????????????????????
[21:02:57.596]   ? Action: CLICK
[21:02:57.596]   ? XPath: //button[@class='confirm btn btn-lg btn-danger']
[21:03:05.901]   ? Clicked
[21:03:05.901] 
[21:03:05.901]   ? STEP 4 PASSED [8305ms]
[21:03:05.901] 
  ? Step 4: click - PASSED
[21:03:06.094] 
[21:03:06.094] ??????????????????????????????????????????????????????????????????????????????????
[21:03:06.094] ? STEP 5/25 ? VERIFYVISIBLE                                                    ?
[21:03:06.094] ??????????????????????????????????????????????????????????????????????????????????
[21:03:06.095] ? Value: Success                                                                  ?
[21:03:06.095] ? XPath: //h2[normalize-space()='Success']                                        ?
[21:03:06.095] ??????????????????????????????????????????????????????????????????????????????????
[21:03:06.095]   ? Action: VERIFYVISIBLE
[21:03:06.095]   ? XPath: //h2[normalize-space()='Success']
[21:03:06.372]   ? Element visible
[21:03:06.372] 
[21:03:06.372]   ? STEP 5 PASSED [277ms]
[21:03:06.372] 
  ? Step 5: verifyvisible - PASSED
[21:03:06.546] 
[21:03:06.546] ??????????????????????????????????????????????????????????????????????????????????
[21:03:06.546] ? STEP 6/25 ? CLICK                                                            ?
[21:03:06.546] ??????????????????????????????????????????????????????????????????????????????????
[21:03:06.546] ? XPath: //button[@class='confirm btn btn-lg btn-primary']                        ?
[21:03:06.546] ??????????????????????????????????????????????????????????????????????????????????
[21:03:06.546]   ? Action: CLICK
[21:03:06.546]   ? XPath: //button[@class='confirm btn btn-lg btn-primary']
[21:03:07.452]   ? Clicked
[21:03:07.452] 
[21:03:07.452]   ? STEP 6 PASSED [906ms]
[21:03:07.452] 
  ? Step 6: click - PASSED
[21:03:07.658] 
[21:03:07.658] ??????????????????????????????????????????????????????????????????????????????????
[21:03:07.658] ? STEP 7/25 ? CLICK                                                            ?
[21:03:07.659] ??????????????????????????????????????????????????????????????????????????????????
[21:03:07.659] ? Value: Taxi Ride                                                                ?
[21:03:07.659] ? XPath: //a[normalize-space()='Taxi Ride']                                       ?
[21:03:07.659] ??????????????????????????????????????????????????????????????????????????????????
[21:03:07.659]   ? Action: CLICK
[21:03:07.659]   ? XPath: //a[normalize-space()='Taxi Ride']
[21:03:12.741]   ? Clicked
[21:03:12.741] 
[21:03:12.741]   ? STEP 7 PASSED [5082ms]
[21:03:12.741] 
  ? Step 7: click - PASSED
[21:03:12.927] 
[21:03:12.927] ??????????????????????????????????????????????????????????????????????????????????
[21:03:12.927] ? STEP 8/25 ? CLICK                                                            ?
[21:03:12.927] ??????????????????????????????????????????????????????????????????????????????????
[21:03:12.927] ? Value: Rides                                                                    ?
[21:03:12.927] ? XPath: //a[normalize-space()='Rides']                                           ?
[21:03:12.927] ??????????????????????????????????????????????????????????????????????????????????
[21:03:12.928]   ? Action: CLICK
[21:03:12.928]   ? XPath: //a[normalize-space()='Rides']
[21:03:13.879]   ? Clicked
[21:03:13.879] 
[21:03:13.879]   ? STEP 8 PASSED [951ms]
[21:03:13.879] 
  ? Step 8: click - PASSED
[21:03:14.112] 
[21:03:14.112] ??????????????????????????????????????????????????????????????????????????????????
[21:03:14.112] ? STEP 9/25 ? CLICK                                                            ?
[21:03:14.112] ??????????????????????????????????????????????????????????????????????????????????
[21:03:14.112] ? XPath: //a[normalize-space()='Settings']                                        ?
[21:03:14.112] ??????????????????????????????????????????????????????????????????????????????????
[21:03:14.112]   ? Action: CLICK
[21:03:14.112]   ? XPath: //a[normalize-space()='Settings']
[21:03:15.013]   ? Clicked
[21:03:15.013] 
[21:03:15.013]   ? STEP 9 PASSED [901ms]
[21:03:15.013] 
  ? Step 9: click - PASSED
[21:03:15.207] 
[21:03:15.207] ??????????????????????????????????????????????????????????????????????????????????
[21:03:15.207] ? STEP 10/25 ? CLICK                                                           ?
[21:03:15.207] ??????????????????????????????????????????????????????????????????????????????????
[21:03:15.209] ? Value: Vehicle Type                                                             ?
[21:03:15.209] ? XPath: //a[contains(@href,'vehicle-type')]                                      ?
[21:03:15.209] ??????????????????????????????????????????????????????????????????????????????????
[21:03:15.209]   ? Action: CLICK
[21:03:15.209]   ? XPath: //a[contains(@href,'vehicle-type')]
[21:04:10.276]   ? Clicked
[21:04:10.276] 
[21:04:10.276]   ? STEP 10 PASSED [55067ms]
[21:04:10.276] 
  ? Step 10: click - PASSED
[21:04:10.443] 
[21:04:10.443] ??????????????????????????????????????????????????????????????????????????????????
[21:04:10.443] ? STEP 11/25 ? CLICK                                                           ?
[21:04:10.443] ??????????????????????????????????????????????????????????????????????????????????
[21:04:10.443] ? Value: Add Vehicle Type                                                         ?
[21:04:10.443] ? XPath: //a[contains(text(),'Add Vehicle Type')]                                 ?
[21:04:10.446] ??????????????????????????????????????????????????????????????????????????????????
[21:04:10.446]   ? Action: CLICK
[21:04:10.446]   ? XPath: //a[contains(text(),'Add Vehicle Type')]
[21:04:20.819]   ? Clicked
[21:04:20.820] 
[21:04:20.820]   ? STEP 11 PASSED [10374ms]
[21:04:20.820] 
  ? Step 11: click - PASSED
[21:04:21.016] 
[21:04:21.016] ??????????????????????????????????????????????????????????????????????????????????
[21:04:21.022] ? STEP 12/25 ? TYPE                                                            ?
[21:04:21.022] ??????????????????????????????????????????????????????????????????????????????????
[21:04:21.022] ? Value: Sedan                                                                    ?
[21:04:21.022] ? XPath: //input[@id='name']                                                      ?
[21:04:21.022] ??????????????????????????????????????????????????????????????????????????????????
[21:04:21.022]   ? Action: TYPE
[21:04:21.022]   ? XPath: //input[@id='name']
[21:04:21.022]   ? Value: Sedan
[21:04:21.460]   ? Text entered
[21:04:21.460] 
[21:04:21.460]   ? STEP 12 PASSED [438ms]
[21:04:21.460] 
  ? Step 12: type - PASSED
[21:04:21.644] 
[21:04:21.644] ??????????????????????????????????????????????????????????????????????????????????
[21:04:21.644] ? STEP 13/25 ? CLICK                                                           ?
[21:04:21.644] ??????????????????????????????????????????????????????????????????????????????????
[21:04:21.644] ? Value: Vehicle Type Image                                                       ?
[21:04:21.644] ? XPath: //input[@id='icon']                                                      ?
[21:04:21.644] ??????????????????????????????????????????????????????????????????????????????????
[21:04:21.644]   ? Action: CLICK
[21:04:21.644]   ? XPath: //input[@id='icon']
[21:04:22.562]   ? Clicked
[21:04:22.562] 
[21:04:22.562]   ? STEP 13 PASSED [918ms]
[21:04:22.562] 
  ? Step 13: click - PASSED
[21:04:22.717] 
[21:04:22.717] ??????????????????????????????????????????????????????????????????????????????????
[21:04:22.717] ? STEP 14/25 ? ROBOTUPLOAD                                                     ?
[21:04:22.717] ??????????????????????????????????????????????????????????????????????????????????
[21:04:22.717] ? Value: C:\Data\sedan_image.jpg                                                  ?
[21:04:22.717] ??????????????????????????????????????????????????????????????????????????????????
[21:04:22.717]   ? Action: ROBOTUPLOAD
[21:04:22.717]   ? Auto-generated XPath: //tr[contains(., 'Upload Image (Robot)')]//*[contains(text(), 'C:\Data\sedan_image.jpg') or @title='C:\Data\sedan_image.jpg' or @alt='C:\Data\sedan_image.jpg' or @aria-label='C:\Data\sedan_image.jpg' or contains(@class, 'C:\Data\sedan_image.jpg')]
[21:04:22.717]   ? File: C:\Data\sedan_image.jpg
[21:04:22.717]   ? Clicking upload button first: //tr[contains(., 'Upload Image (Robot)')]//*[contains(text(), 'C:\Data\sedan_image.jpg') or @title='C:\Data\sedan_image.jpg' or @alt='C:\Data\sedan_image.jpg' or @aria-label='C:\Data\sedan_image.jpg' or contains(@class, 'C:\Data\sedan_image.jpg')]
[21:04:22.746] 
  ? STEP 14 FAILED [29ms]
  ?? Error Details ?????????????????????????????????????????????????????????
  ? Must Fix: no such element: Unable to locate element: {"method":"xpath","selector":"//tr[contains(., 'Upload Image (Robot)')]//*[contains(text(), 'C:\Data\sedan_image.jpg') or @title='C:\Data\sedan_image.jpg' or @alt='C:\Data\sedan_image.jpg' or @aria-label='C:\Data\sedan_image.jpg' or contains(@class, 'C:\Data\sedan_image.jpg')]"}
  (Session info: chrome=144.0.7559.110)
For documentation on this error, please visit: https://www.selenium.dev/documentation/webdriver/troubleshooting/errors#no-such-element-exception
Build info: version: '4.27.0', revision: 'd6e718d134'
System info: os.name: 'Windows 11', os.arch: 'amd64', os.version: '10.0', java.version: '17.0.17'
Driver info: org.openqa.selenium.chrome.ChromeDriver
Command: [e0cf7d73a0adcd7197ab2672bd615ef0, findElement {value=//tr[contains(., 'Upload Image (Robot)')]//*[contains(text(), 'C:\Data\sedan_image.jpg') or @title='C:\Data\sedan_image.jpg' or @alt='C:\Data\sedan_image.jpg' or @aria-label='C:\Data\sedan_image.jpg' or contains(@class, 'C:\Data\sedan_image.jpg')], using=xpath}]
Capabilities {acceptInsecureCerts: false, browserName: chrome, browserVersion: 144.0.7559.110, chrome: {chromedriverVersion: 144.0.7559.109 (6a8d5e49388..., userDataDir: C:\Users\EIT\AppData\Local\...}, fedcm:accounts: true, goog:chromeOptions: {debuggerAddress: localhost:59974}, goog:processID: 25352, networkConnectionEnabled: false, pageLoadStrategy: normal, platformName: windows, proxy: Proxy(), se:cdp: ws://localhost:59974/devtoo..., se:cdpVersion: 144.0.7559.110, setWindowRect: true, strictFileInteractability: false, timeouts: {implicit: 0, pageLoad: 300000, script: 30000}, unhandledPromptBehavior: dismiss and notify, webauthn:extension:credBlob: true, webauthn:extension:largeBlob: true, webauthn:extension:minPinLength: true, webauthn:extension:prf: true, webauthn:virtualAuthenticators: true}
Session ID: e0cf7d73a0adcd7197ab2672bd615ef0
  ??????????????????????????????????????????????????????????????????????????
[21:04:22.752] 
  ? Step 14: robotupload - FAILED
[21:04:22.978] ? Aborting current test case due to failure...
[21:04:22.978] 
? Test Case FAILED: TC_Transport_001
? Report updated: test-reports/report_2026-01-31_21-01-36/TestReport.html
[21:04:22.990] 
[21:04:22.990] ??????????????????????????????????????????????????????????????????????????????????
[21:04:22.990] ?                           TEST CASE SUMMARY                                    ?
[21:04:22.990] ??????????????????????????????????????????????????????????????????????????????????
[21:04:22.990] ?  Test Case: TC_Transport_001                                                  ?
[21:04:22.992] ?  Total Steps: 13                                                             ?
[21:04:22.993] ?  Passed: 13                                                                  ?
[21:04:22.993] ?  Failed: 1                                                                   ?
[21:04:22.993] ?  Duration: 1m 53s 995ms                                                      ?
[21:04:22.993] ?  End Time: 21:04:22.993                                                      ?
[21:04:22.993] ??????????????????????????????????????????????????????????????????????????????????
[21:04:22.993] ?  STATUS: ? 1 STEP(S) FAILED                                            ?
[21:04:22.993] ??????????????????????????????????????????????????????????????????????????????????
[21:04:22.993] 
[21:04:22.993] ? Browser remains open for inspection
[21:04:22.996] ? Call executor.close() when done
[21:04:22.996] 
? Test execution ended at: 2026-01-31_21-04-22
Jan 31, 2026 9:04:23 PM org.openqa.selenium.remote.http.WebSocket$Listener onError
WARNING: connection closed locally
java.io.IOException: connection closed locally
	at java.net.http/jdk.internal.net.http.SocketTube.signalClosed(SocketTube.java:159)
	at java.net.http/jdk.internal.net.http.PlainHttpConnection.close(PlainHttpConnection.java:384)
	at java.net.http/jdk.internal.net.http.HttpClientImpl.closeConnection(HttpClientImpl.java:590)
	at java.base/java.lang.Iterable.forEach(Iterable.java:75)
	at java.net.http/jdk.internal.net.http.HttpClientImpl.stop(HttpClientImpl.java:532)
	at java.net.http/jdk.internal.net.http.HttpClientImpl$SelectorManager.shutdown(HttpClientImpl.java:1177)
	at java.net.http/jdk.internal.net.http.HttpClientImpl$SelectorManager.run(HttpClientImpl.java:1376)

[WARNING] thread Thread[External Process Output Forwarder - C:\Users\EIT\.cache\selenium\chromedriver\win64\144.0.7559.109\chromedriver.exe,5,com.eit.automation.core.Main] was interrupted but is still alive after waiting at least 14994msecs
[WARNING] thread Thread[External Process Output Forwarder - C:\Users\EIT\.cache\selenium\chromedriver\win64\144.0.7559.109\chromedriver.exe,5,com.eit.automation.core.Main] will linger despite being asked to die via interruption
[WARNING] thread Thread[Driver Service Executor,5,com.eit.automation.core.Main] will linger despite being asked to die via interruption
[WARNING] thread Thread[Driver Service Executor,5,com.eit.automation.core.Main] will linger despite being asked to die via interruption
[WARNING] thread Thread[JdkHttpClient-0-0,5,com.eit.automation.core.Main] will linger despite being asked to die via interruption
[WARNING] thread Thread[CompletableFutureDelayScheduler,5,com.eit.automation.core.Main] will linger despite being asked to die via interruption
[WARNING] thread Thread[JdkHttpClient-0-1,5,com.eit.automation.core.Main] will linger despite being asked to die via interruption
[WARNING] thread Thread[JdkHttpClient-0-3,5,com.eit.automation.core.Main] will linger despite being asked to die via interruption
[WARNING] thread Thread[JdkHttpClient-1-4,5,com.eit.automation.core.Main] will linger despite being asked to die via interruption
[WARNING] NOTE: 8 thread(s) did not finish despite being asked to via interruption. This is not a problem with exec:java, it is a problem with the running code. Although not serious, it should be remedied.
[WARNING] Couldn't destroy threadgroup org.codehaus.mojo.exec.ExecJavaMojo$IsolatedThreadGroup[name=com.eit.automation.core.Main,maxpri=10]
java.lang.IllegalThreadStateException
    at java.lang.ThreadGroup.destroy (ThreadGroup.java:803)
    at org.codehaus.mojo.exec.ExecJavaMojo.execute (ExecJavaMojo.java:319)
    at org.apache.maven.plugin.DefaultBuildPluginManager.executeMojo (DefaultBuildPluginManager.java:126)
    at org.apache.maven.lifecycle.internal.MojoExecutor.doExecute2 (MojoExecutor.java:328)
    at org.apache.maven.lifecycle.internal.MojoExecutor.doExecute (MojoExecutor.java:316)
    at org.apache.maven.lifecycle.internal.MojoExecutor.execute (MojoExecutor.java:212)
    at org.apache.maven.lifecycle.internal.MojoExecutor.execute (MojoExecutor.java:174)
    at org.apache.maven.lifecycle.internal.MojoExecutor.access$000 (MojoExecutor.java:75)
    at org.apache.maven.lifecycle.internal.MojoExecutor$1.run (MojoExecutor.java:162)
    at org.apache.maven.plugin.DefaultMojosExecutionStrategy.execute (DefaultMojosExecutionStrategy.java:39)
    at org.apache.maven.lifecycle.internal.MojoExecutor.execute (MojoExecutor.java:159)
    at org.apache.maven.lifecycle.internal.LifecycleModuleBuilder.buildProject (LifecycleModuleBuilder.java:105)
    at org.apache.maven.lifecycle.internal.LifecycleModuleBuilder.buildProject (LifecycleModuleBuilder.java:73)
    at org.apache.maven.lifecycle.internal.builder.singlethreaded.SingleThreadedBuilder.build (SingleThreadedBuilder.java:53)
    at org.apache.maven.lifecycle.internal.LifecycleStarter.execute (LifecycleStarter.java:118)
    at org.apache.maven.DefaultMaven.doExecute (DefaultMaven.java:261)
    at org.apache.maven.DefaultMaven.doExecute (DefaultMaven.java:173)
    at org.apache.maven.DefaultMaven.execute (DefaultMaven.java:101)
    at org.apache.maven.cli.MavenCli.execute (MavenCli.java:906)
    at org.apache.maven.cli.MavenCli.doMain (MavenCli.java:283)
    at org.apache.maven.cli.MavenCli.main (MavenCli.java:206)
    at jdk.internal.reflect.NativeMethodAccessorImpl.invoke0 (Native Method)
    at jdk.internal.reflect.NativeMethodAccessorImpl.invoke (NativeMethodAccessorImpl.java:77)
    at jdk.internal.reflect.DelegatingMethodAccessorImpl.invoke (DelegatingMethodAccessorImpl.java:43)
    at java.lang.reflect.Method.invoke (Method.java:569)
    at org.codehaus.plexus.classworlds.launcher.Launcher.launchEnhanced (Launcher.java:255)
    at org.codehaus.plexus.classworlds.launcher.Launcher.launch (Launcher.java:201)
    at org.codehaus.plexus.classworlds.launcher.Launcher.mainWithExitCode (Launcher.java:361)
    at org.codehaus.plexus.classworlds.launcher.Launcher.main (Launcher.java:314)
[INFO] ------------------------------------------------------------------------
[INFO] BUILD SUCCESS
[INFO] ------------------------------------------------------------------------
[INFO] Total time:  03:08 min
[INFO] Finished at: 2026-01-31T21:04:38+05:30
[INFO] ------------------------------------------------------------------------
