[INFO] Scanning for projects...
[INFO] 
[INFO] ---------------< com.intellitest:intellitest-prototype >----------------
[INFO] Building intellitest-prototype 1.0
[INFO]   from pom.xml
[INFO] --------------------------------[ jar ]---------------------------------
[INFO] 
[INFO] --- resources:3.3.1:resources (default-resources) @ intellitest-prototype ---
[INFO] skip non existing resourceDirectory C:\Users\EIT\abcd testing framework\ABCD_Testing_Framework\src\main\resources
[INFO] 
[INFO] --- compiler:3.10.1:compile (default-compile) @ intellitest-prototype ---
[INFO] Changes detected - recompiling the module!
[INFO] Compiling 28 source files to C:\Users\EIT\abcd testing framework\ABCD_Testing_Framework\target\classes
[INFO] /C:/Users/EIT/abcd testing framework/ABCD_Testing_Framework/src/main/java/com/eit/automation/actions/InputActions.java: Some input files use or override a deprecated API.
[INFO] /C:/Users/EIT/abcd testing framework/ABCD_Testing_Framework/src/main/java/com/eit/automation/actions/InputActions.java: Recompile with -Xlint:deprecation for details.
[INFO] 
[INFO] --- exec:3.1.0:java (default-cli) @ intellitest-prototype ---
? Report initialized at: test-reports/report_2026-01-31_21-17-41/TestReport.html
=== ? EIT Test Automation Started ===

? Test execution started at: 2026-01-31_21-17-41
? Reading test cases from: testingwe12.xlsx
[21:17:42.033] 
[21:17:42.041] ??????????????????????????????????????????????????????????????????????????????????
[21:17:42.042] ?                        INITIALIZING TEST EXECUTOR                              ?
[21:17:42.042] ??????????????????????????????????????????????????????????????????????????????????
[21:17:42.072] ? Creating ChromeDriver
[21:17:42.072]   • Start maximized: Yes
[21:17:42.072]   • Disable notifications: Yes
Jan 31, 2026 9:17:45 PM org.openqa.selenium.devtools.CdpVersionFinder findNearestMatch
WARNING: Unable to find CDP implementation matching 144
Jan 31, 2026 9:17:45 PM org.openqa.selenium.chromium.ChromiumDriver lambda$new$5
WARNING: Unable to find version of CDP to use for 144.0.7559.110. You may need to include a dependency on a specific version of the CDP using something similar to `org.seleniumhq.selenium:selenium-devtools-v86:4.27.0` where the version ("v86") matches the version of the chromium-based browser you're using and the version number of the artifact is the same as Selenium's.
[21:17:45.407]   • Default wait timeout: 30 seconds
[21:17:45.408] ? Initializing action handlers
[21:17:45.420] ? All action handlers ready
[21:17:45.420] 
[21:17:45.420] ? Report generator configured
[21:17:45.420] 

??????????????????????????????????????????????????????????????????????????????????
?                        PERFORMING INITIAL LOGIN                                ?
??????????????????????????????????????????????????????????????????????????????????
? Navigating to login page: https://admin.we1.app
? Logging in as: admin@we1.co
? Login credentials submitted
? Detected Excel file format

=== ? Running: TC_CA_01_City Area Reflected ===
[21:17:58.434] 
[21:17:58.434] ??????????????????????????????????????????????????????????????????????????????????
[21:17:58.435] ?  TEST CASE: TC_CA_01_City Area Reflected                                      ?
[21:17:58.438] ?  Total Steps: 14                                                             ?
[21:17:58.438] ?  Start Time: 21:17:58.438                                                    ?
[21:17:58.440] ??????????????????????????????????????????????????????????????????????????????????
[21:17:58.443] 

? Starting Test Case: TC_CA_01_City Area Reflected
[21:17:58.444] 
[21:17:58.445] ??????????????????????????????????????????????????????????????????????????????????
[21:17:58.459] ? STEP 1/14 ? CLICK                                                            ?
[21:17:58.461] ??????????????????????????????????????????????????????????????????????????????????
[21:17:58.461] ? Value: City Area                                                                ?
[21:17:58.462] ? XPath: //span[normalize-space()='City Area']                                    ?
[21:17:58.462] ??????????????????????????????????????????????????????????????????????????????????
[21:17:58.463]   ? Action: CLICK
[21:17:58.463]   ? XPath: //span[normalize-space()='City Area']
[21:18:01.974]   ? Clicked
[21:18:01.975] 
[21:18:01.980]   ? STEP 1 PASSED [3513ms]
[21:18:01.982] 
  ? Step 1: click - PASSED
[21:18:02.243] 
[21:18:02.243] ??????????????????????????????????????????????????????????????????????????????????
[21:18:02.243] ? STEP 2/14 ? VERIFYVISIBLE                                                    ?
[21:18:02.243] ??????????????????????????????????????????????????????????????????????????????????
[21:18:02.243] ? Value: City Area List                                                           ?
[21:18:02.243] ? XPath: //h5[normalize-space()='City Area List']                                 ?
[21:18:02.243] ??????????????????????????????????????????????????????????????????????????????????
[21:18:02.247]   ? Action: VERIFYVISIBLE
[21:18:02.247]   ? XPath: //h5[normalize-space()='City Area List']
[21:18:02.532]   ? Element visible
[21:18:02.532] 
[21:18:02.532]   ? STEP 2 PASSED [285ms]
[21:18:02.532] 
  ? Step 2: verifyvisible - PASSED
[21:18:02.749] 
[21:18:02.750] ??????????????????????????????????????????????????????????????????????????????????
[21:18:02.750] ? STEP 3/14 ? CLICK                                                            ?
[21:18:02.750] ??????????????????????????????????????????????????????????????????????????????????
[21:18:02.750] ? Value: Add City Area                                                            ?
[21:18:02.751] ? XPath: //a[@class='btn btn-primary m-b-0 btn-right render_link']                ?
[21:18:02.751] ??????????????????????????????????????????????????????????????????????????????????
[21:18:02.751]   ? Action: CLICK
[21:18:02.751]   ? XPath: //a[@class='btn btn-primary m-b-0 btn-right render_link']
[21:18:05.383]   ? Clicked
[21:18:05.383] 
[21:18:05.383]   ? STEP 3 PASSED [2632ms]
[21:18:05.383] 
  ? Step 3: click - PASSED
[21:18:05.707] 
[21:18:05.707] ??????????????????????????????????????????????????????????????????????????????????
[21:18:05.709] ? STEP 4/14 ? CLICK                                                            ?
[21:18:05.709] ??????????????????????????????????????????????????????????????????????????????????
[21:18:05.709] ? XPath: //input[@id='area_name']                                                 ?
[21:18:05.709] ??????????????????????????????????????????????????????????????????????????????????
[21:18:05.709]   ? Action: CLICK
[21:18:05.709]   ? XPath: //input[@id='area_name']
[21:18:06.943]   ? Clicked
[21:18:06.945] 
[21:18:06.945]   ? STEP 4 PASSED [1236ms]
[21:18:06.945] 
  ? Step 4: click - PASSED
[21:18:07.267] 
[21:18:07.267] ??????????????????????????????????????????????????????????????????????????????????
[21:18:07.267] ? STEP 5/14 ? TYPE                                                             ?
[21:18:07.269] ??????????????????????????????????????????????????????????????????????????????????
[21:18:07.269] ? Value: Chennai                                                                  ?
[21:18:07.269] ? XPath: //input[@id='area_name']                                                 ?
[21:18:07.269] ??????????????????????????????????????????????????????????????????????????????????
[21:18:07.269]   ? Action: TYPE
[21:18:07.269]   ? XPath: //input[@id='area_name']
[21:18:07.269]   ? Value: Chennai
[21:18:07.691]   ? Text entered
[21:18:07.692] 
[21:18:07.692]   ? STEP 5 PASSED [423ms]
[21:18:07.692] 
  ? Step 5: type - PASSED
[21:18:08.034] 
[21:18:08.034] ??????????????????????????????????????????????????????????????????????????????????
[21:18:08.034] ? STEP 6/14 ? SELECT                                                           ?
[21:18:08.034] ??????????????????????????????????????????????????????????????????????????????????
[21:18:08.034] ? Value: On                                                                       ?
[21:18:08.036] ? XPath: //select[@id='status']                                                   ?
[21:18:08.039] ??????????????????????????????????????????????????????????????????????????????????
[21:18:08.040]   ? Action: SELECT
[21:18:08.040]   ? XPath: //select[@id='status']
[21:18:09.079]   ? Selected
[21:18:09.081] 
[21:18:09.081]   ? STEP 6 PASSED [1041ms]
[21:18:09.081] 
  ? Step 6: select - PASSED
[21:18:09.429] 
[21:18:09.429] ??????????????????????????????????????????????????????????????????????????????????
[21:18:09.431] ? STEP 7/14 ? TYPE                                                             ?
[21:18:09.431] ??????????????????????????????????????????????????????????????????????????????????
[21:18:09.431] ? Value: Chennai                                                                  ?
[21:18:09.431] ? XPath: //input[@id='searchInput']                                               ?
[21:18:09.431] ??????????????????????????????????????????????????????????????????????????????????
[21:18:09.431]   ? Action: TYPE
[21:18:09.431]   ? XPath: //input[@id='searchInput']
[21:18:09.433]   ? Value: Chennai
[21:18:09.961]   ? Text entered
[21:18:09.961] 
[21:18:09.961]   ? STEP 7 PASSED [530ms]
[21:18:09.961] 
  ? Step 7: type - PASSED
[21:18:10.391] 
[21:18:10.391] ??????????????????????????????????????????????????????????????????????????????????
[21:18:10.391] ? STEP 8/14 ? DRAWPOLYGON                                                      ?
[21:18:10.391] ??????????????????????????????????????????????????????????????????????????????????
[21:18:10.391] ? Value: 60,0                                                                     ?
[21:18:10.391] ? XPath: 0,60                                                                     ?
[21:18:10.391] ??????????????????????????????????????????????????????????????????????????????????
[21:18:10.393]   ? Action: DRAWPOLYGON
[21:18:10.393]   ? Canvas XPath: 0,60
[21:18:10.393]   ? Points: 60,0
[21:18:10.430] 
  ? STEP 8 FAILED [37ms]
  ?? Error Details ?????????????????????????????????????????????????????????
  ? Must Fix: invalid selector: Unable to locate an element with the xpath expression 0,60 because of the following error:
SyntaxError: Failed to execute 'evaluate' on 'Document': The string '0,60' is not a valid XPath expression.
  (Session info: chrome=144.0.7559.110)
For documentation on this error, please visit: https://www.selenium.dev/documentation/webdriver/troubleshooting/errors#invalid-selector-exception
Build info: version: '4.27.0', revision: 'd6e718d134'
System info: os.name: 'Windows 11', os.arch: 'amd64', os.version: '10.0', java.version: '17.0.17'
Driver info: org.openqa.selenium.chrome.ChromeDriver
Command: [2ba03eda59d0d2f9b5f13207d0a0056b, findElement {value=0,60, using=xpath}]
Capabilities {acceptInsecureCerts: false, browserName: chrome, browserVersion: 144.0.7559.110, chrome: {chromedriverVersion: 144.0.7559.109 (6a8d5e49388..., userDataDir: C:\Users\EIT\AppData\Local\...}, fedcm:accounts: true, goog:chromeOptions: {debuggerAddress: localhost:53522}, goog:processID: 16892, networkConnectionEnabled: false, pageLoadStrategy: normal, platformName: windows, proxy: Proxy(), se:cdp: ws://localhost:53522/devtoo..., se:cdpVersion: 144.0.7559.110, setWindowRect: true, strictFileInteractability: false, timeouts: {implicit: 0, pageLoad: 300000, script: 30000}, unhandledPromptBehavior: dismiss and notify, webauthn:extension:credBlob: true, webauthn:extension:largeBlob: true, webauthn:extension:minPinLength: true, webauthn:extension:prf: true, webauthn:virtualAuthenticators: true}
Session ID: 2ba03eda59d0d2f9b5f13207d0a0056b
  ??????????????????????????????????????????????????????????????????????????
[21:18:10.436] 
  ? Step 8: drawpolygon - FAILED
[21:18:10.702] ? Aborting current test case due to failure...
[21:18:10.705] 
? Test Case FAILED: TC_CA_01_City Area Reflected
? Report updated: test-reports/report_2026-01-31_21-17-41/TestReport.html
[21:18:10.711] 
[21:18:10.711] ??????????????????????????????????????????????????????????????????????????????????
[21:18:10.711] ?                           TEST CASE SUMMARY                                    ?
[21:18:10.711] ??????????????????????????????????????????????????????????????????????????????????
[21:18:10.712] ?  Test Case: TC_CA_01_City Area Reflected                                      ?
[21:18:10.712] ?  Total Steps: 7                                                              ?
[21:18:10.713] ?  Passed: 7                                                                   ?
[21:18:10.713] ?  Failed: 1                                                                   ?
[21:18:10.713] ?  Duration: 12s 277ms                                                         ?
[21:18:10.713] ?  End Time: 21:18:10.713                                                      ?
[21:18:10.713] ??????????????????????????????????????????????????????????????????????????????????
[21:18:10.713] ?  STATUS: ? 1 STEP(S) FAILED                                            ?
[21:18:10.713] ??????????????????????????????????????????????????????????????????????????????????
[21:18:10.713] 
[21:18:10.713] ? Browser remains open for inspection
[21:18:10.716] ? Call executor.close() when done
[21:18:10.716] 

=== ? Running: TC_CA_2_Add City Admin with Multiple Permissions ===
[21:18:10.728] 
[21:18:10.728] ??????????????????????????????????????????????????????????????????????????????????
[21:18:10.728] ?  TEST CASE: TC_CA_2_Add City Admin with Multiple Permissions                  ?
[21:18:10.728] ?  Total Steps: 39                                                             ?
[21:18:10.728] ?  Start Time: 21:18:10.728                                                    ?
[21:18:10.728] ??????????????????????????????????????????????????????????????????????????????????
[21:18:10.728] 

? Starting Test Case: TC_CA_2_Add City Admin with Multiple Permissions
[21:18:10.728] 
[21:18:10.728] ??????????????????????????????????????????????????????????????????????????????????
[21:18:10.731] ? STEP 1/39 ? CLICK                                                            ?
[21:18:10.731] ??????????????????????????????????????????????????????????????????????????????????
[21:18:10.731] ? Value: City Admin                                                               ?
[21:18:10.731] ? XPath: //span[normalize-space()='City Admin']                                   ?
[21:18:10.731] ??????????????????????????????????????????????????????????????????????????????????
[21:18:10.731]   ? Action: CLICK
[21:18:10.731]   ? XPath: //span[normalize-space()='City Admin']
[21:18:16.831]   ? Clicked
[21:18:16.831] 
[21:18:16.831]   ? STEP 1 PASSED [6100ms]
[21:18:16.831] 
  ? Step 1: click - PASSED
[21:18:17.109] 
[21:18:17.109] ??????????????????????????????????????????????????????????????????????????????????
[21:18:17.109] ? STEP 2/39 ? VERIFYVISIBLE                                                    ?
[21:18:17.109] ??????????????????????????????????????????????????????????????????????????????????
[21:18:17.109] ? Value: Admin List                                                               ?
[21:18:17.109] ? XPath: //h5[normalize-space()='Admin List']                                     ?
[21:18:17.109] ??????????????????????????????????????????????????????????????????????????????????
[21:18:17.110]   ? Action: VERIFYVISIBLE
[21:18:17.110]   ? XPath: //h5[normalize-space()='Admin List']
[21:18:17.394]   ? Element visible
[21:18:17.394] 
[21:18:17.394]   ? STEP 2 PASSED [284ms]
[21:18:17.394] 
  ? Step 2: verifyvisible - PASSED
[21:18:17.567] 
[21:18:17.571] ??????????????????????????????????????????????????????????????????????????????????
[21:18:17.571] ? STEP 3/39 ? CLICK                                                            ?
[21:18:17.571] ??????????????????????????????????????????????????????????????????????????????????
[21:18:17.571] ? Value: Add City Admin                                                           ?
[21:18:17.571] ? XPath: //a[@class='btn btn-primary m-b-0 btn-right render_link']                ?
[21:18:17.571] ??????????????????????????????????????????????????????????????????????????????????
[21:18:17.571]   ? Action: CLICK
[21:18:17.572]   ? XPath: //a[@class='btn btn-primary m-b-0 btn-right render_link']
[21:18:19.488]   ? Clicked
[21:18:19.488] 
[21:18:19.489]   ? STEP 3 PASSED [1917ms]
[21:18:19.489] 
  ? Step 3: click - PASSED
[21:18:19.699] 
[21:18:19.700] ??????????????????????????????????????????????????????????????????????????????????
[21:18:19.700] ? STEP 4/39 ? VERIFYVISIBLE                                                    ?
[21:18:19.700] ??????????????????????????????????????????????????????????????????????????????????
[21:18:19.700] ? Value: Add City Admin                                                           ?
[21:18:19.700] ? XPath: //h5[normalize-space()='Add City Admin']                                 ?
[21:18:19.700] ??????????????????????????????????????????????????????????????????????????????????
[21:18:19.700]   ? Action: VERIFYVISIBLE
[21:18:19.700]   ? XPath: //h5[normalize-space()='Add City Admin']
[21:18:19.996]   ? Element visible
[21:18:19.996] 
[21:18:19.996]   ? STEP 4 PASSED [296ms]
[21:18:19.996] 
  ? Step 4: verifyvisible - PASSED
[21:18:20.189] 
[21:18:20.189] ??????????????????????????????????????????????????????????????????????????????????
[21:18:20.189] ? STEP 5/39 ? CLICK                                                            ?
[21:18:20.189] ??????????????????????????????????????????????????????????????????????????????????
[21:18:20.189] ? XPath: //input[@id='name']                                                      ?
[21:18:20.189] ??????????????????????????????????????????????????????????????????????????????????
[21:18:20.189]   ? Action: CLICK
[21:18:20.189]   ? XPath: //input[@id='name']
[21:18:21.128]   ? Clicked
[21:18:21.128] 
[21:18:21.128]   ? STEP 5 PASSED [939ms]
[21:18:21.128] 
  ? Step 5: click - PASSED
[21:18:21.293] 
[21:18:21.293] ??????????????????????????????????????????????????????????????????????????????????
[21:18:21.293] ? STEP 6/39 ? TYPE                                                             ?
[21:18:21.293] ??????????????????????????????????????????????????????????????????????????????????
[21:18:21.296] ? Value: Ravi Kumar                                                               ?
[21:18:21.296] ? XPath: //input[@id='name']                                                      ?
[21:18:21.296] ??????????????????????????????????????????????????????????????????????????????????
[21:18:21.296]   ? Action: TYPE
[21:18:21.296]   ? XPath: //input[@id='name']
[21:18:21.296]   ? Value: Ravi Kumar
[21:18:51.742] 
  ? STEP 6 FAILED [30446ms]
  ?? Error Details ?????????????????????????????????????????????????????????
  ? Must Fix: Failed to type text into element: //input[@id='name']
  ? Cause: Element not visible: //input[@id='name']
  ??????????????????????????????????????????????????????????????????????????
[21:18:51.742] 
?? Failed to capture screenshot: no such window: target window already closed
from unknown error: web view not found
  (Session info: chrome=144.0.7559.110)
Build info: version: '4.27.0', revision: 'd6e718d134'
System info: os.name: 'Windows 11', os.arch: 'amd64', os.version: '10.0', java.version: '17.0.17'
Driver info: org.openqa.selenium.chrome.ChromeDriver
Command: [2ba03eda59d0d2f9b5f13207d0a0056b, screenshot {}]
Capabilities {acceptInsecureCerts: false, browserName: chrome, browserVersion: 144.0.7559.110, chrome: {chromedriverVersion: 144.0.7559.109 (6a8d5e49388..., userDataDir: C:\Users\EIT\AppData\Local\...}, fedcm:accounts: true, goog:chromeOptions: {debuggerAddress: localhost:53522}, goog:processID: 16892, networkConnectionEnabled: false, pageLoadStrategy: normal, platformName: windows, proxy: Proxy(), se:cdp: ws://localhost:53522/devtoo..., se:cdpVersion: 144.0.7559.110, setWindowRect: true, strictFileInteractability: false, timeouts: {implicit: 0, pageLoad: 300000, script: 30000}, unhandledPromptBehavior: dismiss and notify, webauthn:extension:credBlob: true, webauthn:extension:largeBlob: true, webauthn:extension:minPinLength: true, webauthn:extension:prf: true, webauthn:virtualAuthenticators: true}
Session ID: 2ba03eda59d0d2f9b5f13207d0a0056b
  ? Step 6: type - FAILED
[21:18:51.747] ? Aborting current test case due to failure...
[21:18:51.747] 
? Test Case FAILED: TC_CA_2_Add City Admin with Multiple Permissions
? Report updated: test-reports/report_2026-01-31_21-17-41/TestReport.html
[21:18:51.750] 
[21:18:51.750] ??????????????????????????????????????????????????????????????????????????????????
[21:18:51.750] ?                           TEST CASE SUMMARY                                    ?
[21:18:51.750] ??????????????????????????????????????????????????????????????????????????????????
[21:18:51.750] ?  Test Case: TC_CA_2_Add City Admin with Multiple Permissions                  ?
[21:18:51.750] ?  Total Steps: 5                                                              ?
[21:18:51.750] ?  Passed: 5                                                                   ?
[21:18:51.750] ?  Failed: 1                                                                   ?
[21:18:51.750] ?  Duration: 41s 22ms                                                          ?
[21:18:51.750] ?  End Time: 21:18:51.750                                                      ?
[21:18:51.750] ??????????????????????????????????????????????????????????????????????????????????
[21:18:51.750] ?  STATUS: ? 1 STEP(S) FAILED                                            ?
[21:18:51.751] ??????????????????????????????????????????????????????????????????????????????????
[21:18:51.751] 
[21:18:51.751] ? Browser remains open for inspection
[21:18:51.751] ? Call executor.close() when done
[21:18:51.751] 

=== ? Running: TC_CA_3_Add City Admin with Multiple Permissions ===
[21:18:51.757] 
[21:18:51.757] ??????????????????????????????????????????????????????????????????????????????????
[21:18:51.757] ?  TEST CASE: TC_CA_3_Add City Admin with Multiple Permissions                  ?
[21:18:51.757] ?  Total Steps: 23                                                             ?
[21:18:51.757] ?  Start Time: 21:18:51.757                                                    ?
[21:18:51.757] ??????????????????????????????????????????????????????????????????????????????????
[21:18:51.757] 

? Starting Test Case: TC_CA_3_Add City Admin with Multiple Permissions
[21:18:51.757] 
[21:18:51.757] ??????????????????????????????????????????????????????????????????????????????????
[21:18:51.757] ? STEP 1/23 ? CLICK                                                            ?
[21:18:51.757] ??????????????????????????????????????????????????????????????????????????????????
[21:18:51.757] ? XPath: //span[normalize-space()='Transport Services']                           ?
[21:18:51.757] ??????????????????????????????????????????????????????????????????????????????????
[21:18:51.757]   ? Action: CLICK
[21:18:51.757]   ? XPath: //span[normalize-space()='Transport Services']
   ? Element not found, attempting grid scroll search...
   ?? No grid container found, falling back to standard wait
[21:20:24.997] 
  ? STEP 1 FAILED [93240ms]
  ?? Error Details ?????????????????????????????????????????????????????????
  ? Must Fix: ? Thread interrupted during retry wait
  ? Cause: Failed to click element: //span[normalize-space()='Transport Services']no such window: target window already closed
from unknown error: web view not found
  (Session info: chrome=144.0.7559.110)
Build info: version: '4.27.0', revision: 'd6e718d134'
System info: os.name: 'Windows 11', os.arch: 'amd64', os.version: '10.0', java.version: '17.0.17'
Driver info: org.openqa.selenium.chrome.ChromeDriver
Command: [2ba03eda59d0d2f9b5f13207d0a0056b, findElement {value=//span[normalize-space()='Transport Services'], using=xpath}]
Capabilities {acceptInsecureCerts: false, browserName: chrome, browserVersion: 144.0.7559.110, chrome: {chromedriverVersion: 144.0.7559.109 (6a8d5e49388..., userDataDir: C:\Users\EIT\AppData\Local\...}, fedcm:accounts: true, goog:chromeOptions: {debuggerAddress: localhost:53522}, goog:processID: 16892, networkConnectionEnabled: false, pageLoadStrategy: normal, platformName: windows, proxy: Proxy(), se:cdp: ws://localhost:53522/devtoo..., se:cdpVersion: 144.0.7559.110, setWindowRect: true, strictFileInteractability: false, timeouts: {implicit: 0, pageLoad: 300000, script: 30000}, unhandledPromptBehavior: dismiss and notify, webauthn:extension:credBlob: true, webauthn:extension:largeBlob: true, webauthn:extension:minPinLength: true, webauthn:extension:prf: true, webauthn:virtualAuthenticators: true}
Session ID: 2ba03eda59d0d2f9b5f13207d0a0056b
  ??????????????????????????????????????????????????????????????????????????
[21:20:24.999] 
?? Failed to capture screenshot: no such window: target window already closed
from unknown error: web view not found
  (Session info: chrome=144.0.7559.110)
Build info: version: '4.27.0', revision: 'd6e718d134'
System info: os.name: 'Windows 11', os.arch: 'amd64', os.version: '10.0', java.version: '17.0.17'
Driver info: org.openqa.selenium.chrome.ChromeDriver
Command: [2ba03eda59d0d2f9b5f13207d0a0056b, screenshot {}]
Capabilities {acceptInsecureCerts: false, browserName: chrome, browserVersion: 144.0.7559.110, chrome: {chromedriverVersion: 144.0.7559.109 (6a8d5e49388..., userDataDir: C:\Users\EIT\AppData\Local\...}, fedcm:accounts: true, goog:chromeOptions: {debuggerAddress: localhost:53522}, goog:processID: 16892, networkConnectionEnabled: false, pageLoadStrategy: normal, platformName: windows, proxy: Proxy(), se:cdp: ws://localhost:53522/devtoo..., se:cdpVersion: 144.0.7559.110, setWindowRect: true, strictFileInteractability: false, timeouts: {implicit: 0, pageLoad: 300000, script: 30000}, unhandledPromptBehavior: dismiss and notify, webauthn:extension:credBlob: true, webauthn:extension:largeBlob: true, webauthn:extension:minPinLength: true, webauthn:extension:prf: true, webauthn:virtualAuthenticators: true}
Session ID: 2ba03eda59d0d2f9b5f13207d0a0056b
  ? Step 1: click - FAILED
[21:20:25.002] ? Aborting current test case due to failure...
[21:20:25.002] 
? Test Case FAILED: TC_CA_3_Add City Admin with Multiple Permissions
? Report updated: test-reports/report_2026-01-31_21-17-41/TestReport.html
[21:20:25.012] 
[21:20:25.012] ??????????????????????????????????????????????????????????????????????????????????
[21:20:25.012] ?                           TEST CASE SUMMARY                                    ?
[21:20:25.012] ??????????????????????????????????????????????????????????????????????????????????
[21:20:25.012] ?  Test Case: TC_CA_3_Add City Admin with Multiple Permissions                  ?
[21:20:25.012] ?  Total Steps: 0                                                              ?
[21:20:25.012] ?  Passed: 0                                                                   ?
[21:20:25.012] ?  Failed: 1                                                                   ?
[21:20:25.012] ?  Duration: 1m 33s 255ms                                                      ?
[21:20:25.012] ?  End Time: 21:20:25.012                                                      ?
[21:20:25.012] ??????????????????????????????????????????????????????????????????????????????????
[21:20:25.012] ?  STATUS: ? 1 STEP(S) FAILED                                            ?
[21:20:25.012] ??????????????????????????????????????????????????????????????????????????????????
[21:20:25.012] 
[21:20:25.012] ? Browser remains open for inspection
[21:20:25.012] ? Call executor.close() when done
[21:20:25.012] 

=== ? Running: TC_CA_4_ADD Driver ===
[21:20:25.016] 
[21:20:25.016] ??????????????????????????????????????????????????????????????????????????????????
[21:20:25.016] ?  TEST CASE: TC_CA_4_ADD Driver                                                ?
[21:20:25.016] ?  Total Steps: 5                                                              ?
[21:20:25.016] ?  Start Time: 21:20:25.016                                                    ?
[21:20:25.016] ??????????????????????????????????????????????????????????????????????????????????
[21:20:25.016] 

? Starting Test Case: TC_CA_4_ADD Driver
[21:20:25.016] 
[21:20:25.016] ??????????????????????????????????????????????????????????????????????????????????
[21:20:25.016] ? STEP 1/5 ? CLICK                                                             ?
[21:20:25.016] ??????????????????????????????????????????????????????????????????????????????????
[21:20:25.016] ? XPath: //span[normalize-space()='Drivers']                                      ?
[21:20:25.016] ??????????????????????????????????????????????????????????????????????????????????
[21:20:25.016]   ? Action: CLICK
[21:20:25.016]   ? XPath: //span[normalize-space()='Drivers']
   ? Element not found, attempting grid scroll search...
   ?? No grid container found, falling back to standard wait
[21:21:57.516] 
  ? STEP 1 FAILED [92500ms]
  ?? Error Details ?????????????????????????????????????????????????????????
  ? Must Fix: ? Thread interrupted during retry wait
  ? Cause: Failed to click element: //span[normalize-space()='Drivers']no such window: target window already closed
from unknown error: web view not found
  (Session info: chrome=144.0.7559.110)
Build info: version: '4.27.0', revision: 'd6e718d134'
System info: os.name: 'Windows 11', os.arch: 'amd64', os.version: '10.0', java.version: '17.0.17'
Driver info: org.openqa.selenium.chrome.ChromeDriver
Command: [2ba03eda59d0d2f9b5f13207d0a0056b, findElement {value=//span[normalize-space()='Drivers'], using=xpath}]
Capabilities {acceptInsecureCerts: false, browserName: chrome, browserVersion: 144.0.7559.110, chrome: {chromedriverVersion: 144.0.7559.109 (6a8d5e49388..., userDataDir: C:\Users\EIT\AppData\Local\...}, fedcm:accounts: true, goog:chromeOptions: {debuggerAddress: localhost:53522}, goog:processID: 16892, networkConnectionEnabled: false, pageLoadStrategy: normal, platformName: windows, proxy: Proxy(), se:cdp: ws://localhost:53522/devtoo..., se:cdpVersion: 144.0.7559.110, setWindowRect: true, strictFileInteractability: false, timeouts: {implicit: 0, pageLoad: 300000, script: 30000}, unhandledPromptBehavior: dismiss and notify, webauthn:extension:credBlob: true, webauthn:extension:largeBlob: true, webauthn:extension:minPinLength: true, webauthn:extension:prf: true, webauthn:virtualAuthenticators: true}
Session ID: 2ba03eda59d0d2f9b5f13207d0a0056b
  ??????????????????????????????????????????????????????????????????????????
[21:21:57.516] 
?? Failed to capture screenshot: no such window: target window already closed
from unknown error: web view not found
  (Session info: chrome=144.0.7559.110)
Build info: version: '4.27.0', revision: 'd6e718d134'
System info: os.name: 'Windows 11', os.arch: 'amd64', os.version: '10.0', java.version: '17.0.17'
Driver info: org.openqa.selenium.chrome.ChromeDriver
Command: [2ba03eda59d0d2f9b5f13207d0a0056b, screenshot {}]
Capabilities {acceptInsecureCerts: false, browserName: chrome, browserVersion: 144.0.7559.110, chrome: {chromedriverVersion: 144.0.7559.109 (6a8d5e49388..., userDataDir: C:\Users\EIT\AppData\Local\...}, fedcm:accounts: true, goog:chromeOptions: {debuggerAddress: localhost:53522}, goog:processID: 16892, networkConnectionEnabled: false, pageLoadStrategy: normal, platformName: windows, proxy: Proxy(), se:cdp: ws://localhost:53522/devtoo..., se:cdpVersion: 144.0.7559.110, setWindowRect: true, strictFileInteractability: false, timeouts: {implicit: 0, pageLoad: 300000, script: 30000}, unhandledPromptBehavior: dismiss and notify, webauthn:extension:credBlob: true, webauthn:extension:largeBlob: true, webauthn:extension:minPinLength: true, webauthn:extension:prf: true, webauthn:virtualAuthenticators: true}
Session ID: 2ba03eda59d0d2f9b5f13207d0a0056b
  ? Step 1: click - FAILED
[21:21:57.522] ? Aborting current test case due to failure...
[21:21:57.522] 
? Test Case FAILED: TC_CA_4_ADD Driver
? Report updated: test-reports/report_2026-01-31_21-17-41/TestReport.html
[21:21:57.528] 
[21:21:57.528] ??????????????????????????????????????????????????????????????????????????????????
[21:21:57.528] ?                           TEST CASE SUMMARY                                    ?
[21:21:57.528] ??????????????????????????????????????????????????????????????????????????????????
[21:21:57.528] ?  Test Case: TC_CA_4_ADD Driver                                                ?
[21:21:57.529] ?  Total Steps: 0                                                              ?
[21:21:57.529] ?  Passed: 0                                                                   ?
[21:21:57.529] ?  Failed: 1                                                                   ?
[21:21:57.529] ?  Duration: 1m 32s 512ms                                                      ?
[21:21:57.529] ?  End Time: 21:21:57.529                                                      ?
[21:21:57.529] ??????????????????????????????????????????????????????????????????????????????????
[21:21:57.529] ?  STATUS: ? 1 STEP(S) FAILED                                            ?
[21:21:57.529] ??????????????????????????????????????????????????????????????????????????????????
[21:21:57.529] 
[21:21:57.529] ? Browser remains open for inspection
[21:21:57.529] ? Call executor.close() when done
[21:21:57.529] 
? Test execution ended at: 2026-01-31_21-21-57
[WARNING] thread Thread[External Process Output Forwarder - C:\Users\EIT\.cache\selenium\chromedriver\win64\144.0.7559.109\chromedriver.exe,5,com.eit.automation.core.Main] was interrupted but is still alive after waiting at least 14985msecs
[WARNING] thread Thread[External Process Output Forwarder - C:\Users\EIT\.cache\selenium\chromedriver\win64\144.0.7559.109\chromedriver.exe,5,com.eit.automation.core.Main] will linger despite being asked to die via interruption
[WARNING] thread Thread[Driver Service Executor,5,com.eit.automation.core.Main] will linger despite being asked to die via interruption
[WARNING] thread Thread[Driver Service Executor,5,com.eit.automation.core.Main] will linger despite being asked to die via interruption
[WARNING] thread Thread[JdkHttpClient-0-0,5,com.eit.automation.core.Main] will linger despite being asked to die via interruption
[WARNING] thread Thread[CompletableFutureDelayScheduler,5,com.eit.automation.core.Main] will linger despite being asked to die via interruption
[WARNING] thread Thread[JdkHttpClient-0-1,5,com.eit.automation.core.Main] will linger despite being asked to die via interruption
[WARNING] thread Thread[JdkHttpClient-0-3,5,com.eit.automation.core.Main] will linger despite being asked to die via interruption
[WARNING] NOTE: 7 thread(s) did not finish despite being asked to via interruption. This is not a problem with exec:java, it is a problem with the running code. Although not serious, it should be remedied.
[WARNING] Couldn't destroy threadgroup org.codehaus.mojo.exec.ExecJavaMojo$IsolatedThreadGroup[name=com.eit.automation.core.Main,maxpri=10]
java.lang.IllegalThreadStateException
    at java.lang.ThreadGroup.destroy (ThreadGroup.java:803)
    at org.codehaus.mojo.exec.ExecJavaMojo.execute (ExecJavaMojo.java:319)
    at org.apache.maven.plugin.DefaultBuildPluginManager.executeMojo (DefaultBuildPluginManager.java:126)
    at org.apache.maven.lifecycle.internal.MojoExecutor.doExecute2 (MojoExecutor.java:328)
    at org.apache.maven.lifecycle.internal.MojoExecutor.doExecute (MojoExecutor.java:316)
    at org.apache.maven.lifecycle.internal.MojoExecutor.execute (MojoExecutor.java:212)
    at org.apache.maven.lifecycle.internal.MojoExecutor.execute (MojoExecutor.java:174)
    at org.apache.maven.lifecycle.internal.MojoExecutor.access$000 (MojoExecutor.java:75)
    at org.apache.maven.lifecycle.internal.MojoExecutor$1.run (MojoExecutor.java:162)
    at org.apache.maven.plugin.DefaultMojosExecutionStrategy.execute (DefaultMojosExecutionStrategy.java:39)
    at org.apache.maven.lifecycle.internal.MojoExecutor.execute (MojoExecutor.java:159)
    at org.apache.maven.lifecycle.internal.LifecycleModuleBuilder.buildProject (LifecycleModuleBuilder.java:105)
    at org.apache.maven.lifecycle.internal.LifecycleModuleBuilder.buildProject (LifecycleModuleBuilder.java:73)
    at org.apache.maven.lifecycle.internal.builder.singlethreaded.SingleThreadedBuilder.build (SingleThreadedBuilder.java:53)
    at org.apache.maven.lifecycle.internal.LifecycleStarter.execute (LifecycleStarter.java:118)
    at org.apache.maven.DefaultMaven.doExecute (DefaultMaven.java:261)
    at org.apache.maven.DefaultMaven.doExecute (DefaultMaven.java:173)
    at org.apache.maven.DefaultMaven.execute (DefaultMaven.java:101)
    at org.apache.maven.cli.MavenCli.execute (MavenCli.java:906)
    at org.apache.maven.cli.MavenCli.doMain (MavenCli.java:283)
    at org.apache.maven.cli.MavenCli.main (MavenCli.java:206)
    at jdk.internal.reflect.NativeMethodAccessorImpl.invoke0 (Native Method)
    at jdk.internal.reflect.NativeMethodAccessorImpl.invoke (NativeMethodAccessorImpl.java:77)
    at jdk.internal.reflect.DelegatingMethodAccessorImpl.invoke (DelegatingMethodAccessorImpl.java:43)
    at java.lang.reflect.Method.invoke (Method.java:569)
    at org.codehaus.plexus.classworlds.launcher.Launcher.launchEnhanced (Launcher.java:255)
    at org.codehaus.plexus.classworlds.launcher.Launcher.launch (Launcher.java:201)
    at org.codehaus.plexus.classworlds.launcher.Launcher.mainWithExitCode (Launcher.java:361)
    at org.codehaus.plexus.classworlds.launcher.Launcher.main (Launcher.java:314)
[INFO] ------------------------------------------------------------------------
[INFO] BUILD SUCCESS
[INFO] ------------------------------------------------------------------------
[INFO] Total time:  04:38 min
[INFO] Finished at: 2026-01-31T21:22:12+05:30
[INFO] ------------------------------------------------------------------------
