[INFO] Scanning for projects...
[INFO] 
[INFO] ---------------< com.intellitest:intellitest-prototype >----------------
[INFO] Building intellitest-prototype 1.0
[INFO]   from pom.xml
[INFO] --------------------------------[ jar ]---------------------------------
[INFO] 
[INFO] --- resources:3.3.1:resources (default-resources) @ intellitest-prototype ---
[INFO] skip non existing resourceDirectory C:\Users\EIT\abcd testing framework\ABCD_Testing_Framework\src\main\resources
[INFO] 
[INFO] --- compiler:3.10.1:compile (default-compile) @ intellitest-prototype ---
[INFO] Changes detected - recompiling the module!
[INFO] Compiling 27 source files to C:\Users\EIT\abcd testing framework\ABCD_Testing_Framework\target\classes
[INFO] -------------------------------------------------------------
[ERROR] COMPILATION ERROR : 
[INFO] -------------------------------------------------------------
[ERROR] /C:/Users/EIT/abcd testing framework/ABCD_Testing_Framework/src/main/java/com/eit/automation/core/Main.java:[6,32] cannot find symbol
  symbol:   class CSVTestCaseReader
  location: package com.eit.automation.utils
[INFO] 1 error
[INFO] -------------------------------------------------------------
[INFO] ------------------------------------------------------------------------
[INFO] BUILD FAILURE
[INFO] ------------------------------------------------------------------------
[INFO] Total time:  5.146 s
[INFO] Finished at: 2026-01-31T20:32:44+05:30
[INFO] ------------------------------------------------------------------------
[ERROR] Failed to execute goal org.apache.maven.plugins:maven-compiler-plugin:3.10.1:compile (default-compile) on project intellitest-prototype: Compilation failure
[ERROR] /C:/Users/EIT/abcd testing framework/ABCD_Testing_Framework/src/main/java/com/eit/automation/core/Main.java:[6,32] cannot find symbol
[ERROR]   symbol:   class CSVTestCaseReader
[ERROR]   location: package com.eit.automation.utils
[ERROR] 
[ERROR] -> [Help 1]
[ERROR] 
[ERROR] To see the full stack trace of the errors, re-run Maven with the -e switch.
[ERROR] Re-run Maven using the -X switch to enable full debug logging.
[ERROR] 
[ERROR] For more information about the errors and possible solutions, please read the following articles:
[ERROR] [Help 1] http://cwiki.apache.org/confluence/display/MAVEN/MojoFailureException
