[INFO] Scanning for projects...
[INFO] 
[INFO] ---------------< com.intellitest:intellitest-prototype >----------------
[INFO] Building intellitest-prototype 1.0
[INFO]   from pom.xml
[INFO] --------------------------------[ jar ]---------------------------------
[INFO] 
[INFO] --- resources:3.3.1:resources (default-resources) @ intellitest-prototype ---
[INFO] skip non existing resourceDirectory C:\Users\EIT\abcd testing framework\ABCD_Testing_Framework\src\main\resources
[INFO] 
[INFO] --- compiler:3.10.1:compile (default-compile) @ intellitest-prototype ---
[INFO] Changes detected - recompiling the module!
[INFO] Compiling 28 source files to C:\Users\EIT\abcd testing framework\ABCD_Testing_Framework\target\classes
[INFO] /C:/Users/EIT/abcd testing framework/ABCD_Testing_Framework/src/main/java/com/eit/automation/actions/InputActions.java: Some input files use or override a deprecated API.
[INFO] /C:/Users/EIT/abcd testing framework/ABCD_Testing_Framework/src/main/java/com/eit/automation/actions/InputActions.java: Recompile with -Xlint:deprecation for details.
[INFO] 
[INFO] --- exec:3.1.0:java (default-cli) @ intellitest-prototype ---
? Report initialized at: test-reports/report_2026-01-31_20-39-17/TestReport.html
=== ? EIT Test Automation Started ===

? Test execution started at: 2026-01-31_20-39-17
? Reading test cases from: Book1.csv
[20:39:17.776] 
[20:39:17.785] ??????????????????????????????????????????????????????????????????????????????????
[20:39:17.785] ?                        INITIALIZING TEST EXECUTOR                              ?
[20:39:17.786] ??????????????????????????????????????????????????????????????????????????????????
[20:39:17.813] ? Creating ChromeDriver
[20:39:17.814]   • Start maximized: Yes
[20:39:17.814]   • Disable notifications: Yes
Jan 31, 2026 8:39:21 PM org.openqa.selenium.devtools.CdpVersionFinder findNearestMatch
WARNING: Unable to find CDP implementation matching 144
Jan 31, 2026 8:39:21 PM org.openqa.selenium.chromium.ChromiumDriver lambda$new$5
WARNING: Unable to find version of CDP to use for 144.0.7559.110. You may need to include a dependency on a specific version of the CDP using something similar to `org.seleniumhq.selenium:selenium-devtools-v86:4.27.0` where the version ("v86") matches the version of the chromium-based browser you're using and the version number of the artifact is the same as Selenium's.
[20:39:21.895]   • Default wait timeout: 30 seconds
[20:39:21.895] ? Initializing action handlers
[20:39:21.916] ? All action handlers ready
[20:39:21.916] 
[20:39:21.916] ? Report generator configured
[20:39:21.916] 

??????????????????????????????????????????????????????????????????????????????????
?                        PERFORMING INITIAL LOGIN                                ?
??????????????????????????????????????????????????????????????????????????????????
? Navigating to login page: https://admin.we1.app
? Logging in as: admin@we1.co
? Login credentials submitted
? Detected CSV file format
? Found 1 test case(s) in CSV file

=== ? Running: TC_Transport_001 ===
[20:39:32.933] 
[20:39:32.933] ??????????????????????????????????????????????????????????????????????????????????
[20:39:32.943] ?  TEST CASE: TC_Transport_001                                                  ?
[20:39:32.943] ?  Total Steps: 45                                                             ?
[20:39:32.944] ?  Start Time: 20:39:32.944                                                    ?
[20:39:32.945] ??????????????????????????????????????????????????????????????????????????????????
[20:39:32.945] 

? Starting Test Case: TC_Transport_001
[20:39:32.947] 
[20:39:32.947] ??????????????????????????????????????????????????????????????????????????????????
[20:39:32.961] ? STEP 1/45 ? CLICK                                                            ?
[20:39:32.961] ??????????????????????????????????????????????????????????????????????????????????
[20:39:32.961] ? XPath: //span[normalize-space()='Transport Services']                           ?
[20:39:32.961] ??????????????????????????????????????????????????????????????????????????????????
[20:39:32.961]   ? Action: CLICK
[20:39:32.961]   ? XPath: //span[normalize-space()='Transport Services']
[20:39:55.732]   ? Clicked
[20:39:55.732] 
[20:39:55.740]   ? STEP 1 PASSED [22771ms]
[20:39:55.743] 
  ? Step 1: click - PASSED
[20:39:56.002] 
[20:39:56.003] ??????????????????????????????????????????????????????????????????????????????????
[20:39:56.003] ? STEP 2/45 ? CLICK                                                            ?
[20:39:56.003] ??????????????????????????????????????????????????????????????????????????????????
[20:39:56.003] ? XPath: //div[@class='pcoded-inner-content']//div[2]//div[1]//div[1]//div[1...   ?
[20:39:56.003] ??????????????????????????????????????????????????????????????????????????????????
[20:39:56.004]   ? Action: CLICK
[20:39:56.004]   ? XPath: //div[@class='pcoded-inner-content']//div[2]//div[1]//div[1]//div[1]//div[3]//label[1]//span[1]
[20:39:57.012]   ? Clicked
[20:39:57.012] 
[20:39:57.012]   ? STEP 2 PASSED [1008ms]
[20:39:57.013] 
  ? Step 2: click - PASSED
[20:39:57.215] 
[20:39:57.215] ??????????????????????????????????????????????????????????????????????????????????
[20:39:57.216] ? STEP 3/45 ? VERIFYVISIBLE                                                    ?
[20:39:57.216] ??????????????????????????????????????????????????????????????????????????????????
[20:39:57.216] ? XPath: //p[contains(@class                                                      ?
[20:39:57.216] ??????????????????????????????????????????????????????????????????????????????????
[20:39:57.216]   ? Action: VERIFYVISIBLE
[20:39:57.216]   ? XPath: //p[contains(@class
[20:39:57.488] 
  ? STEP 3 FAILED [272ms]
  ?? Error Details ?????????????????????????????????????????????????????????
  ? Must Fix: Element not found or not visible: //p[contains(@class
  ? Cause: Element not visible: //p[contains(@class
  ??????????????????????????????????????????????????????????????????????????
[20:39:57.493] 
  ? Step 3: verifyvisible - FAILED
[20:39:57.728] ? Aborting current test case due to failure...
[20:39:57.728] 
? Test Case FAILED: TC_Transport_001
? Report updated: test-reports/report_2026-01-31_20-39-17/TestReport.html
[20:39:57.730] 
[20:39:57.737] ??????????????????????????????????????????????????????????????????????????????????
[20:39:57.737] ?                           TEST CASE SUMMARY                                    ?
[20:39:57.737] ??????????????????????????????????????????????????????????????????????????????????
[20:39:57.738] ?  Test Case: TC_Transport_001                                                  ?
[20:39:57.738] ?  Total Steps: 2                                                              ?
[20:39:57.743] ?  Passed: 2                                                                   ?
[20:39:57.743] ?  Failed: 1                                                                   ?
[20:39:57.743] ?  Duration: 24s 797ms                                                         ?
[20:39:57.743] ?  End Time: 20:39:57.743                                                      ?
[20:39:57.746] ??????????????????????????????????????????????????????????????????????????????????
[20:39:57.746] ?  STATUS: ? 1 STEP(S) FAILED                                            ?
[20:39:57.746] ??????????????????????????????????????????????????????????????????????????????????
[20:39:57.746] 
[20:39:57.746] ? Browser remains open for inspection
[20:39:57.746] ? Call executor.close() when done
[20:39:57.746] 
? Test execution ended at: 2026-01-31_20-39-57
Jan 31, 2026 8:39:57 PM org.openqa.selenium.remote.http.WebSocket$Listener onError
WARNING: connection closed locally
java.io.IOException: connection closed locally
	at java.net.http/jdk.internal.net.http.SocketTube.signalClosed(SocketTube.java:159)
	at java.net.http/jdk.internal.net.http.PlainHttpConnection.close(PlainHttpConnection.java:384)
	at java.net.http/jdk.internal.net.http.HttpClientImpl.closeConnection(HttpClientImpl.java:590)
	at java.base/java.lang.Iterable.forEach(Iterable.java:75)
	at java.net.http/jdk.internal.net.http.HttpClientImpl.stop(HttpClientImpl.java:532)
	at java.net.http/jdk.internal.net.http.HttpClientImpl$SelectorManager.shutdown(HttpClientImpl.java:1177)
	at java.net.http/jdk.internal.net.http.HttpClientImpl$SelectorManager.run(HttpClientImpl.java:1376)

[WARNING] thread Thread[External Process Output Forwarder - C:\Users\EIT\.cache\selenium\chromedriver\win64\144.0.7559.109\chromedriver.exe,5,com.eit.automation.core.Main] was interrupted but is still alive after waiting at least 14992msecs
[WARNING] thread Thread[External Process Output Forwarder - C:\Users\EIT\.cache\selenium\chromedriver\win64\144.0.7559.109\chromedriver.exe,5,com.eit.automation.core.Main] will linger despite being asked to die via interruption
[WARNING] thread Thread[Driver Service Executor,5,com.eit.automation.core.Main] will linger despite being asked to die via interruption
[WARNING] thread Thread[Driver Service Executor,5,com.eit.automation.core.Main] will linger despite being asked to die via interruption
[WARNING] thread Thread[UrlChecker-2,5,com.eit.automation.core.Main] will linger despite being asked to die via interruption
[WARNING] thread Thread[JdkHttpClient-0-0,5,com.eit.automation.core.Main] will linger despite being asked to die via interruption
[WARNING] thread Thread[CompletableFutureDelayScheduler,5,com.eit.automation.core.Main] will linger despite being asked to die via interruption
[WARNING] thread Thread[JdkHttpClient-0-1,5,com.eit.automation.core.Main] will linger despite being asked to die via interruption
[WARNING] thread Thread[JdkHttpClient-0-2,5,com.eit.automation.core.Main] will linger despite being asked to die via interruption
[WARNING] thread Thread[JdkHttpClient-0-3,5,com.eit.automation.core.Main] will linger despite being asked to die via interruption
[WARNING] thread Thread[JdkHttpClient-1-0,5,com.eit.automation.core.Main] will linger despite being asked to die via interruption
[WARNING] thread Thread[JdkHttpClient-1-1,5,com.eit.automation.core.Main] will linger despite being asked to die via interruption
[WARNING] thread Thread[JdkHttpClient-1-2,5,com.eit.automation.core.Main] will linger despite being asked to die via interruption
[WARNING] thread Thread[JdkHttpClient-1-3,5,com.eit.automation.core.Main] will linger despite being asked to die via interruption
[WARNING] NOTE: 13 thread(s) did not finish despite being asked to via interruption. This is not a problem with exec:java, it is a problem with the running code. Although not serious, it should be remedied.
[WARNING] Couldn't destroy threadgroup org.codehaus.mojo.exec.ExecJavaMojo$IsolatedThreadGroup[name=com.eit.automation.core.Main,maxpri=10]
java.lang.IllegalThreadStateException
    at java.lang.ThreadGroup.destroy (ThreadGroup.java:803)
    at org.codehaus.mojo.exec.ExecJavaMojo.execute (ExecJavaMojo.java:319)
    at org.apache.maven.plugin.DefaultBuildPluginManager.executeMojo (DefaultBuildPluginManager.java:126)
    at org.apache.maven.lifecycle.internal.MojoExecutor.doExecute2 (MojoExecutor.java:328)
    at org.apache.maven.lifecycle.internal.MojoExecutor.doExecute (MojoExecutor.java:316)
    at org.apache.maven.lifecycle.internal.MojoExecutor.execute (MojoExecutor.java:212)
    at org.apache.maven.lifecycle.internal.MojoExecutor.execute (MojoExecutor.java:174)
    at org.apache.maven.lifecycle.internal.MojoExecutor.access$000 (MojoExecutor.java:75)
    at org.apache.maven.lifecycle.internal.MojoExecutor$1.run (MojoExecutor.java:162)
    at org.apache.maven.plugin.DefaultMojosExecutionStrategy.execute (DefaultMojosExecutionStrategy.java:39)
    at org.apache.maven.lifecycle.internal.MojoExecutor.execute (MojoExecutor.java:159)
    at org.apache.maven.lifecycle.internal.LifecycleModuleBuilder.buildProject (LifecycleModuleBuilder.java:105)
    at org.apache.maven.lifecycle.internal.LifecycleModuleBuilder.buildProject (LifecycleModuleBuilder.java:73)
    at org.apache.maven.lifecycle.internal.builder.singlethreaded.SingleThreadedBuilder.build (SingleThreadedBuilder.java:53)
    at org.apache.maven.lifecycle.internal.LifecycleStarter.execute (LifecycleStarter.java:118)
    at org.apache.maven.DefaultMaven.doExecute (DefaultMaven.java:261)
    at org.apache.maven.DefaultMaven.doExecute (DefaultMaven.java:173)
    at org.apache.maven.DefaultMaven.execute (DefaultMaven.java:101)
    at org.apache.maven.cli.MavenCli.execute (MavenCli.java:906)
    at org.apache.maven.cli.MavenCli.doMain (MavenCli.java:283)
    at org.apache.maven.cli.MavenCli.main (MavenCli.java:206)
    at jdk.internal.reflect.NativeMethodAccessorImpl.invoke0 (Native Method)
    at jdk.internal.reflect.NativeMethodAccessorImpl.invoke (NativeMethodAccessorImpl.java:77)
    at jdk.internal.reflect.DelegatingMethodAccessorImpl.invoke (DelegatingMethodAccessorImpl.java:43)
    at java.lang.reflect.Method.invoke (Method.java:569)
    at org.codehaus.plexus.classworlds.launcher.Launcher.launchEnhanced (Launcher.java:255)
    at org.codehaus.plexus.classworlds.launcher.Launcher.launch (Launcher.java:201)
    at org.codehaus.plexus.classworlds.launcher.Launcher.mainWithExitCode (Launcher.java:361)
    at org.codehaus.plexus.classworlds.launcher.Launcher.main (Launcher.java:314)
[INFO] ------------------------------------------------------------------------
[INFO] BUILD SUCCESS
[INFO] ------------------------------------------------------------------------
[INFO] Total time:  01:03 min
[INFO] Finished at: 2026-01-31T20:40:12+05:30
[INFO] ------------------------------------------------------------------------
