[INFO] Scanning for projects...
[INFO] 
[INFO] ---------------< com.intellitest:intellitest-prototype >----------------
[INFO] Building intellitest-prototype 1.0
[INFO]   from pom.xml
[INFO] --------------------------------[ jar ]---------------------------------
[INFO] 
[INFO] --- resources:3.3.1:resources (default-resources) @ intellitest-prototype ---
[INFO] skip non existing resourceDirectory C:\Users\EIT\abcd testing framework\ABCD_Testing_Framework\src\main\resources
[INFO] 
[INFO] --- compiler:3.10.1:compile (default-compile) @ intellitest-prototype ---
[INFO] Changes detected - recompiling the module!
[INFO] Compiling 28 source files to C:\Users\EIT\abcd testing framework\ABCD_Testing_Framework\target\classes
[INFO] /C:/Users/EIT/abcd testing framework/ABCD_Testing_Framework/src/main/java/com/eit/automation/actions/InputActions.java: Some input files use or override a deprecated API.
[INFO] /C:/Users/EIT/abcd testing framework/ABCD_Testing_Framework/src/main/java/com/eit/automation/actions/InputActions.java: Recompile with -Xlint:deprecation for details.
[INFO] 
[INFO] --- exec:3.1.0:java (default-cli) @ intellitest-prototype ---
? Report initialized at: test-reports/report_2026-01-31_21-55-11/TestReport.html
=== ? EIT Test Automation Started ===

? Test execution started at: 2026-01-31_21-55-11
? Reading test cases from: testingwe12.xlsx
[21:55:11.799] 
[21:55:11.800] ??????????????????????????????????????????????????????????????????????????????????
[21:55:11.800] ?                        INITIALIZING TEST EXECUTOR                              ?
[21:55:11.800] ??????????????????????????????????????????????????????????????????????????????????
[21:55:11.822] ? Creating ChromeDriver
[21:55:11.822]   • Start maximized: Yes
[21:55:11.822]   • Disable notifications: Yes
Jan 31, 2026 9:55:13 PM org.openqa.selenium.devtools.CdpVersionFinder findNearestMatch
WARNING: Unable to find CDP implementation matching 144
Jan 31, 2026 9:55:14 PM org.openqa.selenium.chromium.ChromiumDriver lambda$new$5
WARNING: Unable to find version of CDP to use for 144.0.7559.110. You may need to include a dependency on a specific version of the CDP using something similar to `org.seleniumhq.selenium:selenium-devtools-v86:4.27.0` where the version ("v86") matches the version of the chromium-based browser you're using and the version number of the artifact is the same as Selenium's.
[21:55:14.028]   • Default wait timeout: 30 seconds
[21:55:14.028] ? Initializing action handlers
[21:55:14.039] ? All action handlers ready
[21:55:14.039] 
[21:55:14.039] ? Report generator configured
[21:55:14.039] 

??????????????????????????????????????????????????????????????????????????????????
?                        PERFORMING INITIAL LOGIN                                ?
??????????????????????????????????????????????????????????????????????????????????
? Navigating to login page: https://admin.we1.app
? Logging in as: admin@we1.co
? Login credentials submitted
? Detected Excel file format

=== ? Running: TC_CA_3_Add City Admin with Multiple Permissions ===
[21:55:19.885] 
[21:55:19.885] ??????????????????????????????????????????????????????????????????????????????????
[21:55:19.887] ?  TEST CASE: TC_CA_3_Add City Admin with Multiple Permissions                  ?
[21:55:19.887] ?  Total Steps: 24                                                             ?
[21:55:19.888] ?  Start Time: 21:55:19.887                                                    ?
[21:55:19.888] ??????????????????????????????????????????????????????????????????????????????????
[21:55:19.888] 

? Starting Test Case: TC_CA_3_Add City Admin with Multiple Permissions
[21:55:19.889] 
[21:55:19.889] ??????????????????????????????????????????????????????????????????????????????????
[21:55:19.903] ? STEP 1/24 ? CLICK                                                            ?
[21:55:19.903] ??????????????????????????????????????????????????????????????????????????????????
[21:55:19.904] ? XPath: //span[normalize-space()='Transport Services']                           ?
[21:55:19.904] ??????????????????????????????????????????????????????????????????????????????????
[21:55:19.905]   ? Action: CLICK
[21:55:19.905]   ? XPath: //span[normalize-space()='Transport Services']
[21:55:24.847]   ? Clicked
[21:55:24.847] 
[21:55:24.851]   ? STEP 1 PASSED [4943ms]
[21:55:24.852] 
  ? Step 1: click - PASSED
[21:55:25.062] 
[21:55:25.062] ??????????????????????????????????????????????????????????????????????????????????
[21:55:25.062] ? STEP 2/24 ? CLICK                                                            ?
[21:55:25.062] ??????????????????????????????????????????????????????????????????????????????????
[21:55:25.062] ? XPath: //div[@class='pcoded-inner-content']//div[2]//div[1]//div[1]//div[1...   ?
[21:55:25.062] ??????????????????????????????????????????????????????????????????????????????????
[21:55:25.062]   ? Action: CLICK
[21:55:25.062]   ? XPath: //div[@class='pcoded-inner-content']//div[2]//div[1]//div[1]//div[1]//div[3]//label[1]//span[1]
[21:55:25.994]   ? Clicked
[21:55:25.994] 
[21:55:25.994]   ? STEP 2 PASSED [932ms]
[21:55:25.994] 
  ? Step 2: click - PASSED
[21:55:26.198] 
[21:55:26.198] ??????????????????????????????????????????????????????????????????????????????????
[21:55:26.198] ? STEP 3/24 ? VERIFYVISIBLE                                                    ?
[21:55:26.200] ??????????????????????????????????????????????????????????????????????????????????
[21:55:26.200] ? XPath: //p[contains(@class,'lead text-muted')]                                  ?
[21:55:26.200] ??????????????????????????????????????????????????????????????????????????????????
[21:55:26.200]   ? Action: VERIFYVISIBLE
[21:55:26.200]   ? XPath: //p[contains(@class,'lead text-muted')]
[21:55:26.487]   ? Element visible
[21:55:26.487] 
[21:55:26.487]   ? STEP 3 PASSED [287ms]
[21:55:26.487] 
  ? Step 3: verifyvisible - PASSED
[21:55:26.701] 
[21:55:26.701] ??????????????????????????????????????????????????????????????????????????????????
[21:55:26.701] ? STEP 4/24 ? CLICK                                                            ?
[21:55:26.702] ??????????????????????????????????????????????????????????????????????????????????
[21:55:26.702] ? XPath: //button[@class='confirm btn btn-lg btn-danger']                         ?
[21:55:26.702] ??????????????????????????????????????????????????????????????????????????????????
[21:55:26.702]   ? Action: CLICK
[21:55:26.702]   ? XPath: //button[@class='confirm btn btn-lg btn-danger']
[21:55:27.973]   ? Clicked
[21:55:27.973] 
[21:55:27.973]   ? STEP 4 PASSED [1271ms]
[21:55:27.973] 
  ? Step 4: click - PASSED
[21:55:28.157] 
[21:55:28.157] ??????????????????????????????????????????????????????????????????????????????????
[21:55:28.157] ? STEP 5/24 ? VERIFYVISIBLE                                                    ?
[21:55:28.157] ??????????????????????????????????????????????????????????????????????????????????
[21:55:28.157] ? Value: Success                                                                  ?
[21:55:28.157] ? XPath: //h2[normalize-space()='Success']                                        ?
[21:55:28.157] ??????????????????????????????????????????????????????????????????????????????????
[21:55:28.157]   ? Action: VERIFYVISIBLE
[21:55:28.157]   ? XPath: //h2[normalize-space()='Success']
[21:55:28.417]   ? Element visible
[21:55:28.417] 
[21:55:28.417]   ? STEP 5 PASSED [260ms]
[21:55:28.417] 
  ? Step 5: verifyvisible - PASSED
[21:55:28.595] 
[21:55:28.595] ??????????????????????????????????????????????????????????????????????????????????
[21:55:28.595] ? STEP 6/24 ? CLICK                                                            ?
[21:55:28.595] ??????????????????????????????????????????????????????????????????????????????????
[21:55:28.595] ? XPath: //button[@class='confirm btn btn-lg btn-primary']                        ?
[21:55:28.595] ??????????????????????????????????????????????????????????????????????????????????
[21:55:28.595]   ? Action: CLICK
[21:55:28.596]   ? XPath: //button[@class='confirm btn btn-lg btn-primary']
[21:55:29.473]   ? Clicked
[21:55:29.473] 
[21:55:29.473]   ? STEP 6 PASSED [878ms]
[21:55:29.473] 
  ? Step 6: click - PASSED
[21:55:29.667] 
[21:55:29.667] ??????????????????????????????????????????????????????????????????????????????????
[21:55:29.667] ? STEP 7/24 ? CLICK                                                            ?
[21:55:29.667] ??????????????????????????????????????????????????????????????????????????????????
[21:55:29.667] ? Value: Taxi Ride                                                                ?
[21:55:29.667] ? XPath: //a[normalize-space()='Taxi Ride']                                       ?
[21:55:29.667] ??????????????????????????????????????????????????????????????????????????????????
[21:55:29.667]   ? Action: CLICK
[21:55:29.667]   ? XPath: //a[normalize-space()='Taxi Ride']
[21:55:31.781]   ? Clicked
[21:55:31.781] 
[21:55:31.781]   ? STEP 7 PASSED [2114ms]
[21:55:31.782] 
  ? Step 7: click - PASSED
[21:55:32.034] 
[21:55:32.034] ??????????????????????????????????????????????????????????????????????????????????
[21:55:32.034] ? STEP 8/24 ? CLICK                                                            ?
[21:55:32.034] ??????????????????????????????????????????????????????????????????????????????????
[21:55:32.034] ? XPath: //a[normalize-space()='Settings']                                        ?
[21:55:32.034] ??????????????????????????????????????????????????????????????????????????????????
[21:55:32.034]   ? Action: CLICK
[21:55:32.034]   ? XPath: //a[normalize-space()='Settings']
[21:55:32.991]   ? Clicked
[21:55:32.991] 
[21:55:32.991]   ? STEP 8 PASSED [957ms]
[21:55:32.991] 
  ? Step 8: click - PASSED
[21:55:33.215] 
[21:55:33.215] ??????????????????????????????????????????????????????????????????????????????????
[21:55:33.217] ? STEP 9/24 ? CLICK                                                            ?
[21:55:33.217] ??????????????????????????????????????????????????????????????????????????????????
[21:55:33.217] ? Value: Vehicle Type                                                             ?
[21:55:33.217] ? XPath: //a[contains(@href,'vehicle-type')]                                      ?
[21:55:33.217] ??????????????????????????????????????????????????????????????????????????????????
[21:55:33.217]   ? Action: CLICK
[21:55:33.217]   ? XPath: //a[contains(@href,'vehicle-type')]
[21:55:35.065]   ? Clicked
[21:55:35.066] 
[21:55:35.066]   ? STEP 9 PASSED [1849ms]
[21:55:35.066] 
  ? Step 9: click - PASSED
[21:55:35.239] 
[21:55:35.239] ??????????????????????????????????????????????????????????????????????????????????
[21:55:35.239] ? STEP 10/24 ? CLICK                                                           ?
[21:55:35.239] ??????????????????????????????????????????????????????????????????????????????????
[21:55:35.239] ? Value: Add Vehicle Type                                                         ?
[21:55:35.239] ? XPath: //a[contains(text(),'Add Vehicle Type')]                                 ?
[21:55:35.239] ??????????????????????????????????????????????????????????????????????????????????
[21:55:35.239]   ? Action: CLICK
[21:55:35.239]   ? XPath: //a[contains(text(),'Add Vehicle Type')]
[21:55:38.183]   ? Clicked
[21:55:38.183] 
[21:55:38.183]   ? STEP 10 PASSED [2944ms]
[21:55:38.183] 
  ? Step 10: click - PASSED
[21:55:38.364] 
[21:55:38.364] ??????????????????????????????????????????????????????????????????????????????????
[21:55:38.364] ? STEP 11/24 ? TYPE                                                            ?
[21:55:38.364] ??????????????????????????????????????????????????????????????????????????????????
[21:55:38.365] ? Value: Sedan                                                                    ?
[21:55:38.365] ? XPath: //input[@id='name']                                                      ?
[21:55:38.365] ??????????????????????????????????????????????????????????????????????????????????
[21:55:38.365]   ? Action: TYPE
[21:55:38.365]   ? XPath: //input[@id='name']
[21:55:38.365]   ? Value: Sedan
[21:55:38.734]   ? Text entered
[21:55:38.734] 
[21:55:38.736]   ? STEP 11 PASSED [369ms]
[21:55:38.736] 
  ? Step 11: type - PASSED
[21:55:38.903] 
[21:55:38.903] ??????????????????????????????????????????????????????????????????????????????????
[21:55:38.903] ? STEP 12/24 ? CLICK                                                           ?
[21:55:38.903] ??????????????????????????????????????????????????????????????????????????????????
[21:55:38.903] ? Value: Vehicle Type Image                                                       ?
[21:55:38.903] ? XPath: //input[@id='icon']                                                      ?
[21:55:38.903] ??????????????????????????????????????????????????????????????????????????????????
[21:55:38.903]   ? Action: CLICK
[21:55:38.903]   ? XPath: //input[@id='icon']
[21:55:39.753]   ? Clicked
[21:55:39.753] 
[21:55:39.753]   ? STEP 12 PASSED [850ms]
[21:55:39.755] 
  ? Step 12: click - PASSED
[21:55:39.928] 
[21:55:39.928] ??????????????????????????????????????????????????????????????????????????????????
[21:55:39.928] ? STEP 13/24 ? ROBOTUPLOAD                                                     ?
[21:55:39.928] ??????????????????????????????????????????????????????????????????????????????????
[21:55:39.928] ? Value: C:\Data\sedan_image.jpg                                                  ?
[21:55:39.928] ??????????????????????????????????????????????????????????????????????????????????
[21:55:39.928]   ? Action: ROBOTUPLOAD
[21:55:39.928]   ? Using auto-detection for toast/alert
[21:55:39.928]   ? File: C:\Data\sedan_image.jpg
[21:55:42.560]   ? File uploaded via Robot
[21:55:42.560] 
[21:55:42.560]   ? STEP 13 PASSED [2632ms]
[21:55:42.560] 
  ? Step 13: robotupload - PASSED
[21:55:42.805] 
[21:55:42.805] ??????????????????????????????????????????????????????????????????????????????????
[21:55:42.805] ? STEP 14/24 ? TYPE                                                            ?
[21:55:42.805] ??????????????????????????????????????????????????????????????????????????????????
[21:55:42.805] ? Value: 10                                                                       ?
[21:55:42.805] ? XPath: //input[@id='cost_for_km']                                               ?
[21:55:42.805] ??????????????????????????????????????????????????????????????????????????????????
[21:55:42.805]   ? Action: TYPE
[21:55:42.805]   ? XPath: //input[@id='cost_for_km']
[21:55:42.805]   ? Value: 10
[21:55:43.378]   ? Text entered
[21:55:43.381] 
[21:55:43.381]   ? STEP 14 PASSED [576ms]
[21:55:43.381] 
  ? Step 14: type - PASSED
[21:55:43.556] 
[21:55:43.556] ??????????????????????????????????????????????????????????????????????????????????
[21:55:43.556] ? STEP 15/24 ? TYPE                                                            ?
[21:55:43.556] ??????????????????????????????????????????????????????????????????????????????????
[21:55:43.556] ? Value: 2                                                                        ?
[21:55:43.558] ? XPath: //input[@id='time_fare']                                                 ?
[21:55:43.558] ??????????????????????????????????????????????????????????????????????????????????
[21:55:43.558]   ? Action: TYPE
[21:55:43.558]   ? XPath: //input[@id='time_fare']
[21:55:43.558]   ? Value: 2
[21:55:43.937]   ? Text entered
[21:55:43.937] 
[21:55:43.937]   ? STEP 15 PASSED [379ms]
[21:55:43.937] 
  ? Step 15: type - PASSED
[21:55:44.103] 
[21:55:44.103] ??????????????????????????????????????????????????????????????????????????????????
[21:55:44.103] ? STEP 16/24 ? TYPE                                                            ?
[21:55:44.103] ??????????????????????????????????????????????????????????????????????????????????
[21:55:44.103] ? Value: 50                                                                       ?
[21:55:44.103] ? XPath: //input[@id='base_fare']                                                 ?
[21:55:44.103] ??????????????????????????????????????????????????????????????????????????????????
[21:55:44.103]   ? Action: TYPE
[21:55:44.103]   ? XPath: //input[@id='base_fare']
[21:55:44.103]   ? Value: 50
[21:55:44.460]   ? Text entered
[21:55:44.460] 
[21:55:44.460]   ? STEP 16 PASSED [357ms]
[21:55:44.460] 
  ? Step 16: type - PASSED
[21:55:44.627] 
[21:55:44.635] ??????????????????????????????????????????????????????????????????????????????????
[21:55:44.635] ? STEP 17/24 ? TYPE                                                            ?
[21:55:44.635] ??????????????????????????????????????????????????????????????????????????????????
[21:55:44.635] ? Value: 100                                                                      ?
[21:55:44.635] ? XPath: //input[@id='min_fare_amount']                                           ?
[21:55:44.635] ??????????????????????????????????????????????????????????????????????????????????
[21:55:44.635]   ? Action: TYPE
[21:55:44.635]   ? XPath: //input[@id='min_fare_amount']
[21:55:44.635]   ? Value: 100
[21:55:44.989]   ? Text entered
[21:55:44.989] 
[21:55:44.989]   ? STEP 17 PASSED [354ms]
[21:55:44.989] 
  ? Step 17: type - PASSED
[21:55:45.165] 
[21:55:45.165] ??????????????????????????????????????????????????????????????????????????????????
[21:55:45.165] ? STEP 18/24 ? TYPE                                                            ?
[21:55:45.167] ??????????????????????????????????????????????????????????????????????????????????
[21:55:45.167] ? Value: 15                                                                       ?
[21:55:45.167] ? XPath: //input[@id='rental_cost_for_km']                                        ?
[21:55:45.167] ??????????????????????????????????????????????????????????????????????????????????
[21:55:45.167]   ? Action: TYPE
[21:55:45.167]   ? XPath: //input[@id='rental_cost_for_km']
[21:55:45.167]   ? Value: 15
[21:55:45.541]   ? Text entered
[21:55:45.542] 
[21:55:45.542]   ? STEP 18 PASSED [375ms]
[21:55:45.542] 
  ? Step 18: type - PASSED
[21:55:45.719] 
[21:55:45.719] ??????????????????????????????????????????????????????????????????????????????????
[21:55:45.719] ? STEP 19/24 ? TYPE                                                            ?
[21:55:45.719] ??????????????????????????????????????????????????????????????????????????????????
[21:55:45.719] ? Value: 200                                                                      ?
[21:55:45.719] ? XPath: //input[@id='rental_amount_for_1hour']                                   ?
[21:55:45.719] ??????????????????????????????????????????????????????????????????????????????????
[21:55:45.719]   ? Action: TYPE
[21:55:45.719]   ? XPath: //input[@id='rental_amount_for_1hour']
[21:55:45.719]   ? Value: 200
[21:55:46.080]   ? Text entered
[21:55:46.080] 
[21:55:46.080]   ? STEP 19 PASSED [361ms]
[21:55:46.080] 
  ? Step 19: type - PASSED
[21:55:46.254] 
[21:55:46.254] ??????????????????????????????????????????????????????????????????????????????????
[21:55:46.254] ? STEP 20/24 ? TYPE                                                            ?
[21:55:46.254] ??????????????????????????????????????????????????????????????????????????????????
[21:55:46.256] ? Value: 20                                                                       ?
[21:55:46.256] ? XPath: //input[@id='rental_km_limit_for_1hour']                                 ?
[21:55:46.256] ??????????????????????????????????????????????????????????????????????????????????
[21:55:46.256]   ? Action: TYPE
[21:55:46.256]   ? XPath: //input[@id='rental_km_limit_for_1hour']
[21:55:46.256]   ? Value: 20
[21:55:46.643]   ? Text entered
[21:55:46.643] 
[21:55:46.643]   ? STEP 20 PASSED [387ms]
[21:55:46.643] 
  ? Step 20: type - PASSED
[21:55:46.795] 
[21:55:46.795] ??????????????????????????????????????????????????????????????????????????????????
[21:55:46.795] ? STEP 21/24 ? SELECT                                                          ?
[21:55:46.795] ??????????????????????????????????????????????????????????????????????????????????
[21:55:46.795] ? XPath: //select[@id='status']                                                   ?
[21:55:46.795] ??????????????????????????????????????????????????????????????????????????????????
[21:55:46.795]   ? Action: SELECT
[21:55:46.795]   ? XPath: //select[@id='status']
[21:55:49.141]   ? Selected
[21:55:49.142] 
[21:55:49.142]   ? STEP 21 PASSED [2347ms]
[21:55:49.142] 
  ? Step 21: select - PASSED
[21:55:49.279] 
[21:55:49.284] ??????????????????????????????????????????????????????????????????????????????????
[21:55:49.284] ? STEP 22/24 ? TYPE                                                            ?
[21:55:49.284] ??????????????????????????????????????????????????????????????????????????????????
[21:55:49.284] ? XPath: //textarea[@name='description']                                          ?
[21:55:49.284] ??????????????????????????????????????????????????????????????????????????????????
[21:55:49.284]   ? Action: TYPE
[21:55:49.284]   ? XPath: //textarea[@name='description']
[21:55:49.284]   ? Value: 
[21:55:54.694] 
  ? STEP 22 FAILED [5410ms]
  ?? Error Details ?????????????????????????????????????????????????????????
  ? Must Fix: Failed to type text into element: //textarea[@name='description']
  ? Cause: Element not visible: //textarea[@name='description']
  ??????????????????????????????????????????????????????????????????????????
[21:55:54.696] 
?? Failed to capture screenshot: invalid session id
Build info: version: '4.27.0', revision: 'd6e718d134'
System info: os.name: 'Windows 11', os.arch: 'amd64', os.version: '10.0', java.version: '17.0.17'
Driver info: org.openqa.selenium.chrome.ChromeDriver
Command: [b5c0f124f90c22781625f1bce953f5d3, screenshot {}]
Capabilities {acceptInsecureCerts: false, browserName: chrome, browserVersion: 144.0.7559.110, chrome: {chromedriverVersion: 144.0.7559.109 (6a8d5e49388..., userDataDir: C:\Users\EIT\AppData\Local\...}, fedcm:accounts: true, goog:chromeOptions: {debuggerAddress: localhost:64076}, goog:processID: 26200, networkConnectionEnabled: false, pageLoadStrategy: normal, platformName: windows, proxy: Proxy(), se:cdp: ws://localhost:64076/devtoo..., se:cdpVersion: 144.0.7559.110, setWindowRect: true, strictFileInteractability: false, timeouts: {implicit: 0, pageLoad: 300000, script: 30000}, unhandledPromptBehavior: dismiss and notify, webauthn:extension:credBlob: true, webauthn:extension:largeBlob: true, webauthn:extension:minPinLength: true, webauthn:extension:prf: true, webauthn:virtualAuthenticators: true}
Session ID: b5c0f124f90c22781625f1bce953f5d3
  ? Step 22: type - FAILED
[21:55:54.704] ? Aborting current test case due to failure...
[21:55:54.704] 
? Test Case FAILED: TC_CA_3_Add City Admin with Multiple Permissions
? Report updated: test-reports/report_2026-01-31_21-55-11/TestReport.html
[21:55:54.710] 
[21:55:54.710] ??????????????????????????????????????????????????????????????????????????????????
[21:55:54.710] ?                           TEST CASE SUMMARY                                    ?
[21:55:54.710] ??????????????????????????????????????????????????????????????????????????????????
[21:55:54.710] ?  Test Case: TC_CA_3_Add City Admin with Multiple Permissions                  ?
[21:55:54.712] ?  Total Steps: 21                                                             ?
[21:55:54.712] ?  Passed: 21                                                                  ?
[21:55:54.712] ?  Failed: 1                                                                   ?
[21:55:54.712] ?  Duration: 34s 825ms                                                         ?
[21:55:54.712] ?  End Time: 21:55:54.712                                                      ?
[21:55:54.712] ??????????????????????????????????????????????????????????????????????????????????
[21:55:54.712] ?  STATUS: ? 1 STEP(S) FAILED                                            ?
[21:55:54.712] ??????????????????????????????????????????????????????????????????????????????????
[21:55:54.712] 
[21:55:54.712] ? Browser remains open for inspection
[21:55:54.712] ? Call executor.close() when done
[21:55:54.712] 
? Test execution ended at: 2026-01-31_21-55-54
? Closing browser...
[21:55:54.717] 
[21:55:54.717] ??????????????????????????????????????????????????????????????????????????????????
[21:55:54.717] ?                           CLOSING BROWSER                                      ?
[21:55:54.717] ??????????????????????????????????????????????????????????????????????????????????
[21:55:54.743] ? Browser closed
[21:55:54.743] 
^C