[INFO] Scanning for projects...
[INFO] 
[INFO] ---------------< com.intellitest:intellitest-prototype >----------------
[INFO] Building intellitest-prototype 1.0
[INFO]   from pom.xml
[INFO] --------------------------------[ jar ]---------------------------------
[INFO] 
[INFO] --- resources:3.3.1:resources (default-resources) @ intellitest-prototype ---
[INFO] skip non existing resourceDirectory C:\Users\EIT\abcd testing framework\ABCD_Testing_Framework\src\main\resources
[INFO] 
[INFO] --- compiler:3.10.1:compile (default-compile) @ intellitest-prototype ---
[INFO] Changes detected - recompiling the module!
[INFO] Compiling 28 source files to C:\Users\EIT\abcd testing framework\ABCD_Testing_Framework\target\classes
[INFO] /C:/Users/EIT/abcd testing framework/ABCD_Testing_Framework/src/main/java/com/eit/automation/actions/InputActions.java: Some input files use or override a deprecated API.
[INFO] /C:/Users/EIT/abcd testing framework/ABCD_Testing_Framework/src/main/java/com/eit/automation/actions/InputActions.java: Recompile with -Xlint:deprecation for details.
[INFO] 
[INFO] --- exec:3.1.0:java (default-cli) @ intellitest-prototype ---
? Report initialized at: test-reports/report_2026-01-31_21-07-37/TestReport.html
=== ? EIT Test Automation Started ===

? Test execution started at: 2026-01-31_21-07-37
? Reading test cases from: Book1.csv
[21:07:37.344] 
[21:07:37.352] ??????????????????????????????????????????????????????????????????????????????????
[21:07:37.352] ?                        INITIALIZING TEST EXECUTOR                              ?
[21:07:37.352] ??????????????????????????????????????????????????????????????????????????????????
[21:07:37.376] ? Creating ChromeDriver
[21:07:37.377]   • Start maximized: Yes
[21:07:37.377]   • Disable notifications: Yes
Jan 31, 2026 9:07:40 PM org.openqa.selenium.devtools.CdpVersionFinder findNearestMatch
WARNING: Unable to find CDP implementation matching 144
Jan 31, 2026 9:07:40 PM org.openqa.selenium.chromium.ChromiumDriver lambda$new$5
WARNING: Unable to find version of CDP to use for 144.0.7559.110. You may need to include a dependency on a specific version of the CDP using something similar to `org.seleniumhq.selenium:selenium-devtools-v86:4.27.0` where the version ("v86") matches the version of the chromium-based browser you're using and the version number of the artifact is the same as Selenium's.
[21:07:40.705]   • Default wait timeout: 30 seconds
[21:07:40.705] ? Initializing action handlers
[21:07:40.726] ? All action handlers ready
[21:07:40.727] 
[21:07:40.727] ? Report generator configured
[21:07:40.727] 

??????????????????????????????????????????????????????????????????????????????????
?                        PERFORMING INITIAL LOGIN                                ?
??????????????????????????????????????????????????????????????????????????????????
? Navigating to login page: https://admin.we1.app
? Logging in as: admin@we1.co
? Login credentials submitted
? Detected CSV file format
? Found 1 test case(s) in CSV file

=== ? Running: TC_Transport_001 ===
[21:07:58.367] 
[21:07:58.369] ??????????????????????????????????????????????????????????????????????????????????
[21:07:58.370] ?  TEST CASE: TC_Transport_001                                                  ?
[21:07:58.370] ?  Total Steps: 25                                                             ?
[21:07:58.371] ?  Start Time: 21:07:58.371                                                    ?
[21:07:58.371] ??????????????????????????????????????????????????????????????????????????????????
[21:07:58.371] 

? Starting Test Case: TC_Transport_001
[21:07:58.375] 
[21:07:58.375] ??????????????????????????????????????????????????????????????????????????????????
[21:07:58.392] ? STEP 1/25 ? CLICK                                                            ?
[21:07:58.392] ??????????????????????????????????????????????????????????????????????????????????
[21:07:58.393] ? XPath: //span[normalize-space()='Transport Services']                           ?
[21:07:58.393] ??????????????????????????????????????????????????????????????????????????????????
[21:07:58.394]   ? Action: CLICK
[21:07:58.394]   ? XPath: //span[normalize-space()='Transport Services']
[21:08:04.438]   ? Clicked
[21:08:04.439] 
[21:08:04.443]   ? STEP 1 PASSED [6046ms]
[21:08:04.444] 
  ? Step 1: click - PASSED
[21:08:04.693] 
[21:08:04.693] ??????????????????????????????????????????????????????????????????????????????????
[21:08:04.693] ? STEP 2/25 ? CLICK                                                            ?
[21:08:04.694] ??????????????????????????????????????????????????????????????????????????????????
[21:08:04.694] ? XPath: //div[@class='pcoded-inner-content']//div[2]//div[1]//div[1]//div[1...   ?
[21:08:04.694] ??????????????????????????????????????????????????????????????????????????????????
[21:08:04.694]   ? Action: CLICK
[21:08:04.694]   ? XPath: //div[@class='pcoded-inner-content']//div[2]//div[1]//div[1]//div[1]//div[3]//label[1]//span[1]
[21:08:05.662]   ? Clicked
[21:08:05.662] 
[21:08:05.663]   ? STEP 2 PASSED [968ms]
[21:08:05.663] 
  ? Step 2: click - PASSED
[21:08:05.960] 
[21:08:05.960] ??????????????????????????????????????????????????????????????????????????????????
[21:08:05.961] ? STEP 3/25 ? VERIFYVISIBLE                                                    ?
[21:08:05.961] ??????????????????????????????????????????????????????????????????????????????????
[21:08:05.961] ? XPath: //p[contains(@class,'lead text-muted')]                                  ?
[21:08:05.961] ??????????????????????????????????????????????????????????????????????????????????
[21:08:05.961]   ? Action: VERIFYVISIBLE
[21:08:05.961]   ? XPath: //p[contains(@class,'lead text-muted')]
[21:08:06.271]   ? Element visible
[21:08:06.273] 
[21:08:06.273]   ? STEP 3 PASSED [312ms]
[21:08:06.273] 
  ? Step 3: verifyvisible - PASSED
[21:08:06.558] 
[21:08:06.558] ??????????????????????????????????????????????????????????????????????????????????
[21:08:06.558] ? STEP 4/25 ? CLICK                                                            ?
[21:08:06.558] ??????????????????????????????????????????????????????????????????????????????????
[21:08:06.559] ? XPath: //button[@class='confirm btn btn-lg btn-danger']                         ?
[21:08:06.559] ??????????????????????????????????????????????????????????????????????????????????
[21:08:06.559]   ? Action: CLICK
[21:08:06.559]   ? XPath: //button[@class='confirm btn btn-lg btn-danger']
[21:08:10.911]   ? Clicked
[21:08:10.912] 
[21:08:10.912]   ? STEP 4 PASSED [4353ms]
[21:08:10.912] 
  ? Step 4: click - PASSED
[21:08:11.195] 
[21:08:11.195] ??????????????????????????????????????????????????????????????????????????????????
[21:08:11.195] ? STEP 5/25 ? VERIFYVISIBLE                                                    ?
[21:08:11.195] ??????????????????????????????????????????????????????????????????????????????????
[21:08:11.195] ? Value: Success                                                                  ?
[21:08:11.195] ? XPath: //h2[normalize-space()='Success']                                        ?
[21:08:11.195] ??????????????????????????????????????????????????????????????????????????????????
[21:08:11.196]   ? Action: VERIFYVISIBLE
[21:08:11.196]   ? XPath: //h2[normalize-space()='Success']
[21:08:11.515]   ? Element visible
[21:08:11.516] 
[21:08:11.516]   ? STEP 5 PASSED [320ms]
[21:08:11.516] 
  ? Step 5: verifyvisible - PASSED
[21:08:11.793] 
[21:08:11.793] ??????????????????????????????????????????????????????????????????????????????????
[21:08:11.794] ? STEP 6/25 ? CLICK                                                            ?
[21:08:11.794] ??????????????????????????????????????????????????????????????????????????????????
[21:08:11.794] ? XPath: //button[@class='confirm btn btn-lg btn-primary']                        ?
[21:08:11.794] ??????????????????????????????????????????????????????????????????????????????????
[21:08:11.794]   ? Action: CLICK
[21:08:11.794]   ? XPath: //button[@class='confirm btn btn-lg btn-primary']
[21:08:12.898]   ? Clicked
[21:08:12.899] 
[21:08:12.899]   ? STEP 6 PASSED [1105ms]
[21:08:12.899] 
  ? Step 6: click - PASSED
[21:08:13.243] 
[21:08:13.243] ??????????????????????????????????????????????????????????????????????????????????
[21:08:13.243] ? STEP 7/25 ? CLICK                                                            ?
[21:08:13.243] ??????????????????????????????????????????????????????????????????????????????????
[21:08:13.244] ? Value: Taxi Ride                                                                ?
[21:08:13.244] ? XPath: //a[normalize-space()='Taxi Ride']                                       ?
[21:08:13.244] ??????????????????????????????????????????????????????????????????????????????????
[21:08:13.244]   ? Action: CLICK
[21:08:13.244]   ? XPath: //a[normalize-space()='Taxi Ride']
[21:08:17.259]   ? Clicked
[21:08:17.260] 
[21:08:17.260]   ? STEP 7 PASSED [4016ms]
[21:08:17.260] 
  ? Step 7: click - PASSED
[21:08:17.558] 
[21:08:17.558] ??????????????????????????????????????????????????????????????????????????????????
[21:08:17.558] ? STEP 8/25 ? CLICK                                                            ?
[21:08:17.558] ??????????????????????????????????????????????????????????????????????????????????
[21:08:17.558] ? Value: Rides                                                                    ?
[21:08:17.558] ? XPath: //a[normalize-space()='Rides']                                           ?
[21:08:17.558] ??????????????????????????????????????????????????????????????????????????????????
[21:08:17.558]   ? Action: CLICK
[21:08:17.558]   ? XPath: //a[normalize-space()='Rides']
[21:08:18.560]   ? Clicked
[21:08:18.560] 
[21:08:18.560]   ? STEP 8 PASSED [1002ms]
[21:08:18.560] 
  ? Step 8: click - PASSED
[21:08:18.950] 
[21:08:18.950] ??????????????????????????????????????????????????????????????????????????????????
[21:08:18.950] ? STEP 9/25 ? CLICK                                                            ?
[21:08:18.950] ??????????????????????????????????????????????????????????????????????????????????
[21:08:18.951] ? XPath: //a[normalize-space()='Settings']                                        ?
[21:08:18.951] ??????????????????????????????????????????????????????????????????????????????????
[21:08:18.951]   ? Action: CLICK
[21:08:18.951]   ? XPath: //a[normalize-space()='Settings']
[21:08:19.963]   ? Clicked
[21:08:19.963] 
[21:08:19.963]   ? STEP 9 PASSED [1012ms]
[21:08:19.963] 
  ? Step 9: click - PASSED
[21:08:20.242] 
[21:08:20.243] ??????????????????????????????????????????????????????????????????????????????????
[21:08:20.243] ? STEP 10/25 ? CLICK                                                           ?
[21:08:20.243] ??????????????????????????????????????????????????????????????????????????????????
[21:08:20.243] ? Value: Vehicle Type                                                             ?
[21:08:20.243] ? XPath: //a[contains(@href,'vehicle-type')]                                      ?
[21:08:20.243] ??????????????????????????????????????????????????????????????????????????????????
[21:08:20.243]   ? Action: CLICK
[21:08:20.243]   ? XPath: //a[contains(@href,'vehicle-type')]
[21:08:40.466]   ? Clicked
[21:08:40.466] 
[21:08:40.466]   ? STEP 10 PASSED [20223ms]
[21:08:40.466] 
  ? Step 10: click - PASSED
[21:08:40.648] 
[21:08:40.648] ??????????????????????????????????????????????????????????????????????????????????
[21:08:40.648] ? STEP 11/25 ? CLICK                                                           ?
[21:08:40.651] ??????????????????????????????????????????????????????????????????????????????????
[21:08:40.654] ? Value: Add Vehicle Type                                                         ?
[21:08:40.654] ? XPath: //a[contains(text(),'Add Vehicle Type')]                                 ?
[21:08:40.654] ??????????????????????????????????????????????????????????????????????????????????
[21:08:40.656]   ? Action: CLICK
[21:08:40.656]   ? XPath: //a[contains(text(),'Add Vehicle Type')]
[21:08:44.487]   ? Clicked
[21:08:44.487] 
[21:08:44.487]   ? STEP 11 PASSED [3831ms]
[21:08:44.488] 
  ? Step 11: click - PASSED
[21:08:44.693] 
[21:08:44.693] ??????????????????????????????????????????????????????????????????????????????????
[21:08:44.693] ? STEP 12/25 ? TYPE                                                            ?
[21:08:44.693] ??????????????????????????????????????????????????????????????????????????????????
[21:08:44.693] ? Value: Sedan                                                                    ?
[21:08:44.693] ? XPath: //input[@id='name']                                                      ?
[21:08:44.693] ??????????????????????????????????????????????????????????????????????????????????
[21:08:44.696]   ? Action: TYPE
[21:08:44.696]   ? XPath: //input[@id='name']
[21:08:44.696]   ? Value: Sedan
[21:08:45.104]   ? Text entered
[21:08:45.106] 
[21:08:45.106]   ? STEP 12 PASSED [413ms]
[21:08:45.106] 
  ? Step 12: type - PASSED
[21:08:45.291] 
[21:08:45.292] ??????????????????????????????????????????????????????????????????????????????????
[21:08:45.292] ? STEP 13/25 ? CLICK                                                           ?
[21:08:45.292] ??????????????????????????????????????????????????????????????????????????????????
[21:08:45.292] ? Value: Vehicle Type Image                                                       ?
[21:08:45.292] ? XPath: //input[@id='icon']                                                      ?
[21:08:45.293] ??????????????????????????????????????????????????????????????????????????????????
[21:08:45.293]   ? Action: CLICK
[21:08:45.293]   ? XPath: //input[@id='icon']
[21:08:46.209]   ? Clicked
[21:08:46.210] 
[21:08:46.210]   ? STEP 13 PASSED [917ms]
[21:08:46.210] 
  ? Step 13: click - PASSED
[21:08:46.371] 
[21:08:46.371] ??????????????????????????????????????????????????????????????????????????????????
[21:08:46.371] ? STEP 14/25 ? ROBOTUPLOAD                                                     ?
[21:08:46.371] ??????????????????????????????????????????????????????????????????????????????????
[21:08:46.371] ? Value: C:\Data\sedan_image.jpg                                                  ?
[21:08:46.371] ??????????????????????????????????????????????????????????????????????????????????
[21:08:46.371]   ? Action: ROBOTUPLOAD
[21:08:46.371]   ? Using auto-detection for toast/alert
[21:08:46.371]   ? File: C:\Data\sedan_image.jpg
[21:08:49.375]   ? File uploaded via Robot
[21:08:49.375] 
[21:08:49.377]   ? STEP 14 PASSED [3004ms]
[21:08:49.377] 
  ? Step 14: robotupload - PASSED
[21:08:50.043] 
[21:08:50.043] ??????????????????????????????????????????????????????????????????????????????????
[21:08:50.043] ? STEP 15/25 ? TYPE                                                            ?
[21:08:50.043] ??????????????????????????????????????????????????????????????????????????????????
[21:08:50.043] ? Value: 10                                                                       ?
[21:08:50.046] ? XPath: //input[@id='cost_for_km']                                               ?
[21:08:50.046] ??????????????????????????????????????????????????????????????????????????????????
[21:08:50.046]   ? Action: TYPE
[21:08:50.046]   ? XPath: //input[@id='cost_for_km']
[21:08:50.046]   ? Value: 10
[21:08:51.059]   ? Text entered
[21:08:51.059] 
[21:08:51.059]   ? STEP 15 PASSED [1013ms]
[21:08:51.059] 
  ? Step 15: type - PASSED
[21:08:51.212] 
[21:08:51.212] ??????????????????????????????????????????????????????????????????????????????????
[21:08:51.212] ? STEP 16/25 ? TYPE                                                            ?
[21:08:51.212] ??????????????????????????????????????????????????????????????????????????????????
[21:08:51.214] ? Value: 2                                                                        ?
[21:08:51.214] ? XPath: //input[@id='time_fare']                                                 ?
[21:08:51.214] ??????????????????????????????????????????????????????????????????????????????????
[21:08:51.214]   ? Action: TYPE
[21:08:51.214]   ? XPath: //input[@id='time_fare']
[21:08:51.214]   ? Value: 2
[21:08:51.593]   ? Text entered
[21:08:51.593] 
[21:08:51.593]   ? STEP 16 PASSED [379ms]
[21:08:51.593] 
  ? Step 16: type - PASSED
[21:08:51.749] 
[21:08:51.749] ??????????????????????????????????????????????????????????????????????????????????
[21:08:51.749] ? STEP 17/25 ? TYPE                                                            ?
[21:08:51.749] ??????????????????????????????????????????????????????????????????????????????????
[21:08:51.749] ? Value: 50                                                                       ?
[21:08:51.749] ? XPath: //input[@id='base_fare']                                                 ?
[21:08:51.749] ??????????????????????????????????????????????????????????????????????????????????
[21:08:51.749]   ? Action: TYPE
[21:08:51.749]   ? XPath: //input[@id='base_fare']
[21:08:51.749]   ? Value: 50
[21:08:52.124]   ? Text entered
[21:08:52.124] 
[21:08:52.124]   ? STEP 17 PASSED [375ms]
[21:08:52.124] 
  ? Step 17: type - PASSED
[21:08:52.284] 
[21:08:52.284] ??????????????????????????????????????????????????????????????????????????????????
[21:08:52.284] ? STEP 18/25 ? TYPE                                                            ?
[21:08:52.284] ??????????????????????????????????????????????????????????????????????????????????
[21:08:52.284] ? Value: 100                                                                      ?
[21:08:52.284] ? XPath: //input[@id='min_fare_amount']                                           ?
[21:08:52.284] ??????????????????????????????????????????????????????????????????????????????????
[21:08:52.284]   ? Action: TYPE
[21:08:52.284]   ? XPath: //input[@id='min_fare_amount']
[21:08:52.284]   ? Value: 100
[21:08:52.760]   ? Text entered
[21:08:52.760] 
[21:08:52.760]   ? STEP 18 PASSED [476ms]
[21:08:52.760] 
  ? Step 18: type - PASSED
[21:08:52.927] 
[21:08:52.927] ??????????????????????????????????????????????????????????????????????????????????
[21:08:52.927] ? STEP 19/25 ? TYPE                                                            ?
[21:08:52.928] ??????????????????????????????????????????????????????????????????????????????????
[21:08:52.928] ? Value: 15                                                                       ?
[21:08:52.928] ? XPath: //input[@id='rental_cost_for_km']                                        ?
[21:08:52.928] ??????????????????????????????????????????????????????????????????????????????????
[21:08:52.928]   ? Action: TYPE
[21:08:52.928]   ? XPath: //input[@id='rental_cost_for_km']
[21:08:52.928]   ? Value: 15
[21:08:53.381]   ? Text entered
[21:08:53.381] 
[21:08:53.381]   ? STEP 19 PASSED [453ms]
[21:08:53.381] 
  ? Step 19: type - PASSED
[21:08:53.543] 
[21:08:53.543] ??????????????????????????????????????????????????????????????????????????????????
[21:08:53.543] ? STEP 20/25 ? TYPE                                                            ?
[21:08:53.543] ??????????????????????????????????????????????????????????????????????????????????
[21:08:53.543] ? Value: 200                                                                      ?
[21:08:53.543] ? XPath: //input[@id='rental_amount_for_1hour']                                   ?
[21:08:53.543] ??????????????????????????????????????????????????????????????????????????????????
[21:08:53.543]   ? Action: TYPE
[21:08:53.543]   ? XPath: //input[@id='rental_amount_for_1hour']
[21:08:53.543]   ? Value: 200
[21:08:53.972]   ? Text entered
[21:08:53.972] 
[21:08:53.972]   ? STEP 20 PASSED [429ms]
[21:08:53.972] 
  ? Step 20: type - PASSED
[21:08:54.154] 
[21:08:54.154] ??????????????????????????????????????????????????????????????????????????????????
[21:08:54.154] ? STEP 21/25 ? TYPE                                                            ?
[21:08:54.154] ??????????????????????????????????????????????????????????????????????????????????
[21:08:54.154] ? Value: 20                                                                       ?
[21:08:54.154] ? XPath: //input[@id='rental_km_limit_for_1hour']                                 ?
[21:08:54.154] ??????????????????????????????????????????????????????????????????????????????????
[21:08:54.154]   ? Action: TYPE
[21:08:54.154]   ? XPath: //input[@id='rental_km_limit_for_1hour']
[21:08:54.155]   ? Value: 20
[21:08:54.735]   ? Text entered
[21:08:54.737] 
[21:08:54.737]   ? STEP 21 PASSED [583ms]
[21:08:54.737] 
  ? Step 21: type - PASSED
[21:08:54.940] 
[21:08:54.940] ??????????????????????????????????????????????????????????????????????????????????
[21:08:54.940] ? STEP 22/25 ? SELECT                                                          ?
[21:08:54.940] ??????????????????????????????????????????????????????????????????????????????????
[21:08:54.940] ? XPath: //select[@id='status']                                                   ?
[21:08:54.940] ??????????????????????????????????????????????????????????????????????????????????
[21:08:54.940]   ? Action: SELECT
[21:08:54.940]   ? XPath: //select[@id='status']
[21:08:57.430]   ? Selected
[21:08:57.430] 
[21:08:57.430]   ? STEP 22 PASSED [2490ms]
[21:08:57.430] 
  ? Step 22: select - PASSED
[21:08:57.616] 
[21:08:57.616] ??????????????????????????????????????????????????????????????????????????????????
[21:08:57.616] ? STEP 23/25 ? TYPE                                                            ?
[21:08:57.616] ??????????????????????????????????????????????????????????????????????????????????
[21:08:57.616] ? Value: Standard Sedan Vehicle                                                   ?
[21:08:57.616] ? XPath: //textarea[@name='description']                                          ?
[21:08:57.616] ??????????????????????????????????????????????????????????????????????????????????
[21:08:57.616]   ? Action: TYPE
[21:08:57.616]   ? XPath: //textarea[@name='description']
[21:08:57.616]   ? Value: Standard Sedan Vehicle
[21:09:27.837] 
  ? STEP 23 FAILED [30221ms]
  ?? Error Details ?????????????????????????????????????????????????????????
  ? Must Fix: Failed to type text into element: //textarea[@name='description']
  ? Cause: Element not visible: //textarea[@name='description']
  ??????????????????????????????????????????????????????????????????????????
[21:09:27.839] 
?? Failed to capture screenshot: no such window: target window already closed
from unknown error: web view not found
  (Session info: chrome=144.0.7559.110)
Build info: version: '4.27.0', revision: 'd6e718d134'
System info: os.name: 'Windows 11', os.arch: 'amd64', os.version: '10.0', java.version: '17.0.17'
Driver info: org.openqa.selenium.chrome.ChromeDriver
Command: [0be7dc03aeb5b1147ec89bb3b79ec3ce, screenshot {}]
Capabilities {acceptInsecureCerts: false, browserName: chrome, browserVersion: 144.0.7559.110, chrome: {chromedriverVersion: 144.0.7559.109 (6a8d5e49388..., userDataDir: C:\Users\EIT\AppData\Local\...}, fedcm:accounts: true, goog:chromeOptions: {debuggerAddress: localhost:56949}, goog:processID: 8196, networkConnectionEnabled: false, pageLoadStrategy: normal, platformName: windows, proxy: Proxy(), se:cdp: ws://localhost:56949/devtoo..., se:cdpVersion: 144.0.7559.110, setWindowRect: true, strictFileInteractability: false, timeouts: {implicit: 0, pageLoad: 300000, script: 30000}, unhandledPromptBehavior: dismiss and notify, webauthn:extension:credBlob: true, webauthn:extension:largeBlob: true, webauthn:extension:minPinLength: true, webauthn:extension:prf: true, webauthn:virtualAuthenticators: true}
Session ID: 0be7dc03aeb5b1147ec89bb3b79ec3ce
  ? Step 23: type - FAILED
[21:09:27.845] ? Aborting current test case due to failure...
[21:09:27.845] 
? Test Case FAILED: TC_Transport_001
? Report updated: test-reports/report_2026-01-31_21-07-37/TestReport.html
[21:09:27.851] 
[21:09:27.851] ??????????????????????????????????????????????????????????????????????????????????
[21:09:27.851] ?                           TEST CASE SUMMARY                                    ?
[21:09:27.851] ??????????????????????????????????????????????????????????????????????????????????
[21:09:27.852] ?  Test Case: TC_Transport_001                                                  ?
[21:09:27.852] ?  Total Steps: 22                                                             ?
[21:09:27.852] ?  Passed: 22                                                                  ?
[21:09:27.852] ?  Failed: 1                                                                   ?
[21:09:27.852] ?  Duration: 1m 29s 484ms                                                      ?
[21:09:27.852] ?  End Time: 21:09:27.852                                                      ?
[21:09:27.852] ??????????????????????????????????????????????????????????????????????????????????
[21:09:27.852] ?  STATUS: ? 1 STEP(S) FAILED                                            ?
[21:09:27.852] ??????????????????????????????????????????????????????????????????????????????????
[21:09:27.852] 
[21:09:27.852] ? Browser remains open for inspection
[21:09:27.852] ? Call executor.close() when done
[21:09:27.852] 
? Test execution ended at: 2026-01-31_21-09-27
[WARNING] thread Thread[External Process Output Forwarder - C:\Users\EIT\.cache\selenium\chromedriver\win64\144.0.7559.109\chromedriver.exe,5,com.eit.automation.core.Main] was interrupted but is still alive after waiting at least 14997msecs
[WARNING] thread Thread[External Process Output Forwarder - C:\Users\EIT\.cache\selenium\chromedriver\win64\144.0.7559.109\chromedriver.exe,5,com.eit.automation.core.Main] will linger despite being asked to die via interruption
[WARNING] thread Thread[Driver Service Executor,5,com.eit.automation.core.Main] will linger despite being asked to die via interruption
[WARNING] thread Thread[Driver Service Executor,5,com.eit.automation.core.Main] will linger despite being asked to die via interruption
[WARNING] thread Thread[JdkHttpClient-0-0,5,com.eit.automation.core.Main] will linger despite being asked to die via interruption
[WARNING] thread Thread[CompletableFutureDelayScheduler,5,com.eit.automation.core.Main] will linger despite being asked to die via interruption
[WARNING] thread Thread[JdkHttpClient-0-1,5,com.eit.automation.core.Main] will linger despite being asked to die via interruption
[WARNING] thread Thread[JdkHttpClient-0-3,5,com.eit.automation.core.Main] will linger despite being asked to die via interruption
[WARNING] thread Thread[JdkHttpClient-1-4,5,com.eit.automation.core.Main] will linger despite being asked to die via interruption
[WARNING] NOTE: 8 thread(s) did not finish despite being asked to via interruption. This is not a problem with exec:java, it is a problem with the running code. Although not serious, it should be remedied.
[WARNING] Couldn't destroy threadgroup org.codehaus.mojo.exec.ExecJavaMojo$IsolatedThreadGroup[name=com.eit.automation.core.Main,maxpri=10]
java.lang.IllegalThreadStateException
    at java.lang.ThreadGroup.destroy (ThreadGroup.java:803)
    at org.codehaus.mojo.exec.ExecJavaMojo.execute (ExecJavaMojo.java:319)
    at org.apache.maven.plugin.DefaultBuildPluginManager.executeMojo (DefaultBuildPluginManager.java:126)
    at org.apache.maven.lifecycle.internal.MojoExecutor.doExecute2 (MojoExecutor.java:328)
    at org.apache.maven.lifecycle.internal.MojoExecutor.doExecute (MojoExecutor.java:316)
    at org.apache.maven.lifecycle.internal.MojoExecutor.execute (MojoExecutor.java:212)
    at org.apache.maven.lifecycle.internal.MojoExecutor.execute (MojoExecutor.java:174)
    at org.apache.maven.lifecycle.internal.MojoExecutor.access$000 (MojoExecutor.java:75)
    at org.apache.maven.lifecycle.internal.MojoExecutor$1.run (MojoExecutor.java:162)
    at org.apache.maven.plugin.DefaultMojosExecutionStrategy.execute (DefaultMojosExecutionStrategy.java:39)
    at org.apache.maven.lifecycle.internal.MojoExecutor.execute (MojoExecutor.java:159)
    at org.apache.maven.lifecycle.internal.LifecycleModuleBuilder.buildProject (LifecycleModuleBuilder.java:105)
    at org.apache.maven.lifecycle.internal.LifecycleModuleBuilder.buildProject (LifecycleModuleBuilder.java:73)
    at org.apache.maven.lifecycle.internal.builder.singlethreaded.SingleThreadedBuilder.build (SingleThreadedBuilder.java:53)
    at org.apache.maven.lifecycle.internal.LifecycleStarter.execute (LifecycleStarter.java:118)
    at org.apache.maven.DefaultMaven.doExecute (DefaultMaven.java:261)
    at org.apache.maven.DefaultMaven.doExecute (DefaultMaven.java:173)
    at org.apache.maven.DefaultMaven.execute (DefaultMaven.java:101)
    at org.apache.maven.cli.MavenCli.execute (MavenCli.java:906)
    at org.apache.maven.cli.MavenCli.doMain (MavenCli.java:283)
    at org.apache.maven.cli.MavenCli.main (MavenCli.java:206)
    at jdk.internal.reflect.NativeMethodAccessorImpl.invoke0 (Native Method)
    at jdk.internal.reflect.NativeMethodAccessorImpl.invoke (NativeMethodAccessorImpl.java:77)
    at jdk.internal.reflect.DelegatingMethodAccessorImpl.invoke (DelegatingMethodAccessorImpl.java:43)
    at java.lang.reflect.Method.invoke (Method.java:569)
    at org.codehaus.plexus.classworlds.launcher.Launcher.launchEnhanced (Launcher.java:255)
    at org.codehaus.plexus.classworlds.launcher.Launcher.launch (Launcher.java:201)
    at org.codehaus.plexus.classworlds.launcher.Launcher.mainWithExitCode (Launcher.java:361)
    at org.codehaus.plexus.classworlds.launcher.Launcher.main (Launcher.java:314)
[INFO] ------------------------------------------------------------------------
[INFO] BUILD SUCCESS
[INFO] ------------------------------------------------------------------------
[INFO] Total time:  02:13 min
[INFO] Finished at: 2026-01-31T21:09:42+05:30
[INFO] ------------------------------------------------------------------------
