[INFO] Scanning for projects...
[INFO] 
[INFO] ---------------< com.intellitest:intellitest-prototype >----------------
[INFO] Building intellitest-prototype 1.0
[INFO]   from pom.xml
[INFO] --------------------------------[ jar ]---------------------------------
[INFO] 
[INFO] --- resources:3.3.1:resources (default-resources) @ intellitest-prototype ---
[INFO] skip non existing resourceDirectory C:\Users\EIT\abcd testing framework\ABCD_Testing_Framework\src\main\resources
[INFO] 
[INFO] --- compiler:3.10.1:compile (default-compile) @ intellitest-prototype ---
[INFO] Changes detected - recompiling the module!
[INFO] Compiling 28 source files to C:\Users\EIT\abcd testing framework\ABCD_Testing_Framework\target\classes
[INFO] /C:/Users/EIT/abcd testing framework/ABCD_Testing_Framework/src/main/java/com/eit/automation/actions/InputActions.java: Some input files use or override a deprecated API.
[INFO] /C:/Users/EIT/abcd testing framework/ABCD_Testing_Framework/src/main/java/com/eit/automation/actions/InputActions.java: Recompile with -Xlint:deprecation for details.
[INFO] 
[INFO] --- exec:3.1.0:java (default-cli) @ intellitest-prototype ---
? Report initialized at: test-reports/report_2026-01-31_21-24-11/TestReport.html
=== ? EIT Test Automation Started ===

? Test execution started at: 2026-01-31_21-24-11
? Reading test cases from: testingwe12.xlsx
[21:24:11.479] 
[21:24:11.483] ??????????????????????????????????????????????????????????????????????????????????
[21:24:11.483] ?                        INITIALIZING TEST EXECUTOR                              ?
[21:24:11.483] ??????????????????????????????????????????????????????????????????????????????????
[21:24:11.497] ? Creating ChromeDriver
[21:24:11.498]   • Start maximized: Yes
[21:24:11.498]   • Disable notifications: Yes
Jan 31, 2026 9:24:13 PM org.openqa.selenium.devtools.CdpVersionFinder findNearestMatch
WARNING: Unable to find CDP implementation matching 144
Jan 31, 2026 9:24:13 PM org.openqa.selenium.chromium.ChromiumDriver lambda$new$5
WARNING: Unable to find version of CDP to use for 144.0.7559.110. You may need to include a dependency on a specific version of the CDP using something similar to `org.seleniumhq.selenium:selenium-devtools-v86:4.27.0` where the version ("v86") matches the version of the chromium-based browser you're using and the version number of the artifact is the same as Selenium's.
[21:24:13.783]   • Default wait timeout: 30 seconds
[21:24:13.783] ? Initializing action handlers
[21:24:13.796] ? All action handlers ready
[21:24:13.797] 
[21:24:13.797] ? Report generator configured
[21:24:13.797] 

??????????????????????????????????????????????????????????????????????????????????
?                        PERFORMING INITIAL LOGIN                                ?
??????????????????????????????????????????????????????????????????????????????????
? Navigating to login page: https://admin.we1.app
? Logging in as: admin@we1.co
? Login credentials submitted
? Detected Excel file format

=== ? Running: TC_CA_3_Add City Admin with Multiple Permissions ===
[21:24:45.543] 
[21:24:45.543] ??????????????????????????????????????????????????????????????????????????????????
[21:24:45.543] ?  TEST CASE: TC_CA_3_Add City Admin with Multiple Permissions                  ?
[21:24:45.545] ?  Total Steps: 23                                                             ?
[21:24:45.546] ?  Start Time: 21:24:45.545                                                    ?
[21:24:45.546] ??????????????????????????????????????????????????????????????????????????????????
[21:24:45.548] 

? Starting Test Case: TC_CA_3_Add City Admin with Multiple Permissions
[21:24:45.550] 
[21:24:45.550] ??????????????????????????????????????????????????????????????????????????????????
[21:24:45.561] ? STEP 1/23 ? CLICK                                                            ?
[21:24:45.561] ??????????????????????????????????????????????????????????????????????????????????
[21:24:45.561] ? XPath: //span[normalize-space()='Transport Services']                           ?
[21:24:45.567] ??????????????????????????????????????????????????????????????????????????????????
[21:24:45.567]   ? Action: CLICK
[21:24:45.567]   ? XPath: //span[normalize-space()='Transport Services']
[21:24:54.319]   ? Clicked
[21:24:54.319] 
[21:24:54.322]   ? STEP 1 PASSED [8752ms]
[21:24:54.322] 
  ? Step 1: click - PASSED
[21:24:54.520] 
[21:24:54.520] ??????????????????????????????????????????????????????????????????????????????????
[21:24:54.522] ? STEP 2/23 ? CLICK                                                            ?
[21:24:54.522] ??????????????????????????????????????????????????????????????????????????????????
[21:24:54.522] ? XPath: //div[@class='pcoded-inner-content']//div[2]//div[1]//div[1]//div[1...   ?
[21:24:54.522] ??????????????????????????????????????????????????????????????????????????????????
[21:24:54.522]   ? Action: CLICK
[21:24:54.522]   ? XPath: //div[@class='pcoded-inner-content']//div[2]//div[1]//div[1]//div[1]//div[3]//label[1]//span[1]
[21:24:55.504]   ? Clicked
[21:24:55.504] 
[21:24:55.505]   ? STEP 2 PASSED [982ms]
[21:24:55.505] 
  ? Step 2: click - PASSED
[21:24:55.750] 
[21:24:55.750] ??????????????????????????????????????????????????????????????????????????????????
[21:24:55.750] ? STEP 3/23 ? VERIFYVISIBLE                                                    ?
[21:24:55.750] ??????????????????????????????????????????????????????????????????????????????????
[21:24:55.750] ? XPath: //p[contains(@class,'lead text-muted')]                                  ?
[21:24:55.750] ??????????????????????????????????????????????????????????????????????????????????
[21:24:55.750]   ? Action: VERIFYVISIBLE
[21:24:55.751]   ? XPath: //p[contains(@class,'lead text-muted')]
[21:24:56.034]   ? Element visible
[21:24:56.034] 
[21:24:56.034]   ? STEP 3 PASSED [284ms]
[21:24:56.034] 
  ? Step 3: verifyvisible - PASSED
[21:24:56.243] 
[21:24:56.243] ??????????????????????????????????????????????????????????????????????????????????
[21:24:56.243] ? STEP 4/23 ? CLICK                                                            ?
[21:24:56.243] ??????????????????????????????????????????????????????????????????????????????????
[21:24:56.243] ? XPath: //button[@class='confirm btn btn-lg btn-danger']                         ?
[21:24:56.243] ??????????????????????????????????????????????????????????????????????????????????
[21:24:56.243]   ? Action: CLICK
[21:24:56.243]   ? XPath: //button[@class='confirm btn btn-lg btn-danger']
[21:24:58.309]   ? Clicked
[21:24:58.311] 
[21:24:58.311]   ? STEP 4 PASSED [2068ms]
[21:24:58.311] 
  ? Step 4: click - PASSED
[21:24:58.526] 
[21:24:58.526] ??????????????????????????????????????????????????????????????????????????????????
[21:24:58.526] ? STEP 5/23 ? VERIFYVISIBLE                                                    ?
[21:24:58.526] ??????????????????????????????????????????????????????????????????????????????????
[21:24:58.527] ? Value: Success                                                                  ?
[21:24:58.527] ? XPath: //h2[normalize-space()='Success']                                        ?
[21:24:58.527] ??????????????????????????????????????????????????????????????????????????????????
[21:24:58.527]   ? Action: VERIFYVISIBLE
[21:24:58.527]   ? XPath: //h2[normalize-space()='Success']
[21:24:58.791]   ? Element visible
[21:24:58.791] 
[21:24:58.791]   ? STEP 5 PASSED [264ms]
[21:24:58.791] 
  ? Step 5: verifyvisible - PASSED
[21:24:59.002] 
[21:24:59.002] ??????????????????????????????????????????????????????????????????????????????????
[21:24:59.002] ? STEP 6/23 ? CLICK                                                            ?
[21:24:59.002] ??????????????????????????????????????????????????????????????????????????????????
[21:24:59.002] ? XPath: //button[@class='confirm btn btn-lg btn-primary']                        ?
[21:24:59.002] ??????????????????????????????????????????????????????????????????????????????????
[21:24:59.002]   ? Action: CLICK
[21:24:59.002]   ? XPath: //button[@class='confirm btn btn-lg btn-primary']
[21:24:59.893]   ? Clicked
[21:24:59.893] 
[21:24:59.893]   ? STEP 6 PASSED [891ms]
[21:24:59.893] 
  ? Step 6: click - PASSED
[21:25:00.109] 
[21:25:00.109] ??????????????????????????????????????????????????????????????????????????????????
[21:25:00.109] ? STEP 7/23 ? CLICK                                                            ?
[21:25:00.109] ??????????????????????????????????????????????????????????????????????????????????
[21:25:00.109] ? Value: Taxi Ride                                                                ?
[21:25:00.109] ? XPath: //a[normalize-space()='Taxi Ride']                                       ?
[21:25:00.109] ??????????????????????????????????????????????????????????????????????????????????
[21:25:00.110]   ? Action: CLICK
[21:25:00.110]   ? XPath: //a[normalize-space()='Taxi Ride']
[21:25:08.096]   ? Clicked
[21:25:08.097] 
[21:25:08.097]   ? STEP 7 PASSED [7987ms]
[21:25:08.097] 
  ? Step 7: click - PASSED
[21:25:08.324] 
[21:25:08.324] ??????????????????????????????????????????????????????????????????????????????????
[21:25:08.324] ? STEP 8/23 ? CLICK                                                            ?
[21:25:08.324] ??????????????????????????????????????????????????????????????????????????????????
[21:25:08.324] ? XPath: //a[normalize-space()='Settings']                                        ?
[21:25:08.324] ??????????????????????????????????????????????????????????????????????????????????
[21:25:08.324]   ? Action: CLICK
[21:25:08.324]   ? XPath: //a[normalize-space()='Settings']
[21:25:09.223]   ? Clicked
[21:25:09.223] 
[21:25:09.223]   ? STEP 8 PASSED [899ms]
[21:25:09.223] 
  ? Step 8: click - PASSED
[21:25:09.428] 
[21:25:09.428] ??????????????????????????????????????????????????????????????????????????????????
[21:25:09.428] ? STEP 9/23 ? CLICK                                                            ?
[21:25:09.428] ??????????????????????????????????????????????????????????????????????????????????
[21:25:09.430] ? Value: Vehicle Type                                                             ?
[21:25:09.430] ? XPath: //a[contains(@href,'vehicle-type')]                                      ?
[21:25:09.430] ??????????????????????????????????????????????????????????????????????????????????
[21:25:09.430]   ? Action: CLICK
[21:25:09.430]   ? XPath: //a[contains(@href,'vehicle-type')]
[21:25:14.054]   ? Clicked
[21:25:14.055] 
[21:25:14.055]   ? STEP 9 PASSED [4625ms]
[21:25:14.055] 
  ? Step 9: click - PASSED
[21:25:14.222] 
[21:25:14.222] ??????????????????????????????????????????????????????????????????????????????????
[21:25:14.222] ? STEP 10/23 ? CLICK                                                           ?
[21:25:14.222] ??????????????????????????????????????????????????????????????????????????????????
[21:25:14.222] ? Value: Add Vehicle Type                                                         ?
[21:25:14.222] ? XPath: //a[contains(text(),'Add Vehicle Type')]                                 ?
[21:25:14.222] ??????????????????????????????????????????????????????????????????????????????????
[21:25:14.222]   ? Action: CLICK
[21:25:14.222]   ? XPath: //a[contains(text(),'Add Vehicle Type')]
[21:25:21.785]   ? Clicked
[21:25:21.785] 
[21:25:21.785]   ? STEP 10 PASSED [7563ms]
[21:25:21.785] 
  ? Step 10: click - PASSED
[21:25:21.977] 
[21:25:21.977] ??????????????????????????????????????????????????????????????????????????????????
[21:25:21.977] ? STEP 11/23 ? TYPE                                                            ?
[21:25:21.977] ??????????????????????????????????????????????????????????????????????????????????
[21:25:21.977] ? Value: Sedan                                                                    ?
[21:25:21.977] ? XPath: //input[@id='name']                                                      ?
[21:25:21.977] ??????????????????????????????????????????????????????????????????????????????????
[21:25:21.977]   ? Action: TYPE
[21:25:21.977]   ? XPath: //input[@id='name']
[21:25:21.977]   ? Value: Sedan
[21:25:22.350]   ? Text entered
[21:25:22.351] 
[21:25:22.351]   ? STEP 11 PASSED [374ms]
[21:25:22.351] 
  ? Step 11: type - PASSED
[21:25:22.525] 
[21:25:22.525] ??????????????????????????????????????????????????????????????????????????????????
[21:25:22.526] ? STEP 12/23 ? UPLOADFILE                                                      ?
[21:25:22.526] ??????????????????????????????????????????????????????????????????????????????????
[21:25:22.526] ??????????????????????????????????????????????????????????????????????????????????
[21:25:22.526]   ? Action: UPLOADFILE
[21:25:22.526]   ? Both XPath and Value empty - skipping
[21:25:22.527]   ? File: 
[21:25:22.527]   ? XPath: 
[21:25:22.750] 
  ? STEP 12 FAILED [224ms]
  ?? Error Details ?????????????????????????????????????????????????????????
  ? Must Fix: Failed to upload file: 
  ? Cause: File not found: 
  ??????????????????????????????????????????????????????????????????????????
[21:25:22.750] 
  ? Step 12: uploadfile - FAILED
[21:25:22.916] ? Aborting current test case due to failure...
[21:25:22.916] 
? Test Case FAILED: TC_CA_3_Add City Admin with Multiple Permissions
? Report updated: test-reports/report_2026-01-31_21-24-11/TestReport.html
[21:25:22.921] 
[21:25:22.922] ??????????????????????????????????????????????????????????????????????????????????
[21:25:22.922] ?                           TEST CASE SUMMARY                                    ?
[21:25:22.922] ??????????????????????????????????????????????????????????????????????????????????
[21:25:22.922] ?  Test Case: TC_CA_3_Add City Admin with Multiple Permissions                  ?
[21:25:22.922] ?  Total Steps: 11                                                             ?
[21:25:22.922] ?  Passed: 11                                                                  ?
[21:25:22.922] ?  Failed: 1                                                                   ?
[21:25:22.924] ?  Duration: 37s 378ms                                                         ?
[21:25:22.924] ?  End Time: 21:25:22.924                                                      ?
[21:25:22.924] ??????????????????????????????????????????????????????????????????????????????????
[21:25:22.924] ?  STATUS: ? 1 STEP(S) FAILED                                            ?
[21:25:22.924] ??????????????????????????????????????????????????????????????????????????????????
[21:25:22.924] 
[21:25:22.924] ? Browser remains open for inspection
[21:25:22.924] ? Call executor.close() when done
[21:25:22.924] 
? Test execution ended at: 2026-01-31_21-25-22
? Closing browser...
[21:25:22.929] 
[21:25:22.930] ??????????????????????????????????????????????????????????????????????????????????
[21:25:22.930] ?                           CLOSING BROWSER                                      ?
[21:25:22.930] ??????????????????????????????????????????????????????????????????????????????????
[21:25:23.236] ? Browser closed
[21:25:23.236] 
[WARNING] thread Thread[CompletableFutureDelayScheduler,5,com.eit.automation.core.Main] was interrupted but is still alive after waiting at least 14998msecs
[WARNING] thread Thread[CompletableFutureDelayScheduler,5,com.eit.automation.core.Main] will linger despite being asked to die via interruption
[WARNING] thread Thread[UrlChecker-3,5,com.eit.automation.core.Main] will linger despite being asked to die via interruption
[WARNING] NOTE: 2 thread(s) did not finish despite being asked to via interruption. This is not a problem with exec:java, it is a problem with the running code. Although not serious, it should be remedied.
[WARNING] Couldn't destroy threadgroup org.codehaus.mojo.exec.ExecJavaMojo$IsolatedThreadGroup[name=com.eit.automation.core.Main,maxpri=10]
java.lang.IllegalThreadStateException
    at java.lang.ThreadGroup.destroy (ThreadGroup.java:803)
    at org.codehaus.mojo.exec.ExecJavaMojo.execute (ExecJavaMojo.java:319)
    at org.apache.maven.plugin.DefaultBuildPluginManager.executeMojo (DefaultBuildPluginManager.java:126)
    at org.apache.maven.lifecycle.internal.MojoExecutor.doExecute2 (MojoExecutor.java:328)
    at org.apache.maven.lifecycle.internal.MojoExecutor.doExecute (MojoExecutor.java:316)
    at org.apache.maven.lifecycle.internal.MojoExecutor.execute (MojoExecutor.java:212)
    at org.apache.maven.lifecycle.internal.MojoExecutor.execute (MojoExecutor.java:174)
    at org.apache.maven.lifecycle.internal.MojoExecutor.access$000 (MojoExecutor.java:75)
    at org.apache.maven.lifecycle.internal.MojoExecutor$1.run (MojoExecutor.java:162)
    at org.apache.maven.plugin.DefaultMojosExecutionStrategy.execute (DefaultMojosExecutionStrategy.java:39)
    at org.apache.maven.lifecycle.internal.MojoExecutor.execute (MojoExecutor.java:159)
    at org.apache.maven.lifecycle.internal.LifecycleModuleBuilder.buildProject (LifecycleModuleBuilder.java:105)
    at org.apache.maven.lifecycle.internal.LifecycleModuleBuilder.buildProject (LifecycleModuleBuilder.java:73)
    at org.apache.maven.lifecycle.internal.builder.singlethreaded.SingleThreadedBuilder.build (SingleThreadedBuilder.java:53)
    at org.apache.maven.lifecycle.internal.LifecycleStarter.execute (LifecycleStarter.java:118)
    at org.apache.maven.DefaultMaven.doExecute (DefaultMaven.java:261)
    at org.apache.maven.DefaultMaven.doExecute (DefaultMaven.java:173)
    at org.apache.maven.DefaultMaven.execute (DefaultMaven.java:101)
    at org.apache.maven.cli.MavenCli.execute (MavenCli.java:906)
    at org.apache.maven.cli.MavenCli.doMain (MavenCli.java:283)
    at org.apache.maven.cli.MavenCli.main (MavenCli.java:206)
    at jdk.internal.reflect.NativeMethodAccessorImpl.invoke0 (Native Method)
    at jdk.internal.reflect.NativeMethodAccessorImpl.invoke (NativeMethodAccessorImpl.java:77)
    at jdk.internal.reflect.DelegatingMethodAccessorImpl.invoke (DelegatingMethodAccessorImpl.java:43)
    at java.lang.reflect.Method.invoke (Method.java:569)
    at org.codehaus.plexus.classworlds.launcher.Launcher.launchEnhanced (Launcher.java:255)
    at org.codehaus.plexus.classworlds.launcher.Launcher.launch (Launcher.java:201)
    at org.codehaus.plexus.classworlds.launcher.Launcher.mainWithExitCode (Launcher.java:361)
    at org.codehaus.plexus.classworlds.launcher.Launcher.main (Launcher.java:314)
[INFO] ------------------------------------------------------------------------
[INFO] BUILD SUCCESS
[INFO] ------------------------------------------------------------------------
[INFO] Total time:  01:33 min
[INFO] Finished at: 2026-01-31T21:25:38+05:30
[INFO] ------------------------------------------------------------------------
