[INFO] Scanning for projects...
[INFO] 
[INFO] ---------------< com.intellitest:intellitest-prototype >----------------
[INFO] Building intellitest-prototype 1.0
[INFO]   from pom.xml
[INFO] --------------------------------[ jar ]---------------------------------
[INFO] 
[INFO] --- resources:3.3.1:resources (default-resources) @ intellitest-prototype ---
[INFO] skip non existing resourceDirectory C:\Users\EIT\abcd testing framework\ABCD_Testing_Framework\src\main\resources
[INFO] 
[INFO] --- compiler:3.10.1:compile (default-compile) @ intellitest-prototype ---
[INFO] Changes detected - recompiling the module!
[INFO] Compiling 28 source files to C:\Users\EIT\abcd testing framework\ABCD_Testing_Framework\target\classes
[INFO] /C:/Users/EIT/abcd testing framework/ABCD_Testing_Framework/src/main/java/com/eit/automation/actions/InputActions.java: Some input files use or override a deprecated API.
[INFO] /C:/Users/EIT/abcd testing framework/ABCD_Testing_Framework/src/main/java/com/eit/automation/actions/InputActions.java: Recompile with -Xlint:deprecation for details.
[INFO] 
[INFO] --- exec:3.1.0:java (default-cli) @ intellitest-prototype ---
? Report initialized at: test-reports/report_2026-01-31_20-42-15/TestReport.html
=== ? EIT Test Automation Started ===

? Test execution started at: 2026-01-31_20-42-15
? Reading test cases from: Book1.csv
[20:42:15.535] 
[20:42:15.539] ??????????????????????????????????????????????????????????????????????????????????
[20:42:15.541] ?                        INITIALIZING TEST EXECUTOR                              ?
[20:42:15.541] ??????????????????????????????????????????????????????????????????????????????????
[20:42:15.561] ? Creating ChromeDriver
[20:42:15.561]   • Start maximized: Yes
[20:42:15.561]   • Disable notifications: Yes
Jan 31, 2026 8:42:18 PM org.openqa.selenium.devtools.CdpVersionFinder findNearestMatch
WARNING: Unable to find CDP implementation matching 144
Jan 31, 2026 8:42:19 PM org.openqa.selenium.chromium.ChromiumDriver lambda$new$5
WARNING: Unable to find version of CDP to use for 144.0.7559.110. You may need to include a dependency on a specific version of the CDP using something similar to `org.seleniumhq.selenium:selenium-devtools-v86:4.27.0` where the version ("v86") matches the version of the chromium-based browser you're using and the version number of the artifact is the same as Selenium's.
[20:42:19.054]   • Default wait timeout: 30 seconds
[20:42:19.055] ? Initializing action handlers
[20:42:19.087] ? All action handlers ready
[20:42:19.087] 
[20:42:19.088] ? Report generator configured
[20:42:19.088] 

??????????????????????????????????????????????????????????????????????????????????
?                        PERFORMING INITIAL LOGIN                                ?
??????????????????????????????????????????????????????????????????????????????????
? Navigating to login page: https://admin.we1.app
? Logging in as: admin@we1.co
? Login credentials submitted
? Detected CSV file format
? Found 1 test case(s) in CSV file

=== ? Running: TC_Transport_001 ===
[20:42:27.243] 
[20:42:27.243] ??????????????????????????????????????????????????????????????????????????????????
[20:42:27.243] ?  TEST CASE: TC_Transport_001                                                  ?
[20:42:27.245] ?  Total Steps: 45                                                             ?
[20:42:27.245] ?  Start Time: 20:42:27.245                                                    ?
[20:42:27.247] ??????????????????????????????????????????????????????????????????????????????????
[20:42:27.247] 

? Starting Test Case: TC_Transport_001
[20:42:27.250] 
[20:42:27.250] ??????????????????????????????????????????????????????????????????????????????????
[20:42:27.274] ? STEP 1/45 ? CLICK                                                            ?
[20:42:27.275] ??????????????????????????????????????????????????????????????????????????????????
[20:42:27.276] ? XPath: //span[normalize-space()='Transport Services']                           ?
[20:42:27.276] ??????????????????????????????????????????????????????????????????????????????????
[20:42:27.277]   ? Action: CLICK
[20:42:27.278]   ? XPath: //span[normalize-space()='Transport Services']
[20:42:30.127]   ? Clicked
[20:42:30.127] 
[20:42:30.137]   ? STEP 1 PASSED [2850ms]
[20:42:30.138] 
  ? Step 1: click - PASSED
[20:42:30.421] 
[20:42:30.421] ??????????????????????????????????????????????????????????????????????????????????
[20:42:30.421] ? STEP 2/45 ? CLICK                                                            ?
[20:42:30.421] ??????????????????????????????????????????????????????????????????????????????????
[20:42:30.421] ? XPath: //div[@class='pcoded-inner-content']//div[2]//div[1]//div[1]//div[1...   ?
[20:42:30.422] ??????????????????????????????????????????????????????????????????????????????????
[20:42:30.422]   ? Action: CLICK
[20:42:30.422]   ? XPath: //div[@class='pcoded-inner-content']//div[2]//div[1]//div[1]//div[1]//div[3]//label[1]//span[1]
[20:42:31.425]   ? Clicked
[20:42:31.425] 
[20:42:31.425]   ? STEP 2 PASSED [1003ms]
[20:42:31.425] 
  ? Step 2: click - PASSED
[20:42:31.701] 
[20:42:31.702] ??????????????????????????????????????????????????????????????????????????????????
[20:42:31.703] ? STEP 3/45 ? VERIFYVISIBLE                                                    ?
[20:42:31.703] ??????????????????????????????????????????????????????????????????????????????????
[20:42:31.703] ? XPath: //p[contains(@class,'lead text-muted')]                                  ?
[20:42:31.703] ??????????????????????????????????????????????????????????????????????????????????
[20:42:31.703]   ? Action: VERIFYVISIBLE
[20:42:31.704]   ? XPath: //p[contains(@class,'lead text-muted')]
[20:42:32.040]   ? Element visible
[20:42:32.040] 
[20:42:32.040]   ? STEP 3 PASSED [337ms]
[20:42:32.040] 
  ? Step 3: verifyvisible - PASSED
[20:42:32.292] 
[20:42:32.292] ??????????????????????????????????????????????????????????????????????????????????
[20:42:32.292] ? STEP 4/45 ? CLICK                                                            ?
[20:42:32.292] ??????????????????????????????????????????????????????????????????????????????????
[20:42:32.292] ? XPath: //button[@class='confirm btn btn-lg btn-danger']                         ?
[20:42:32.292] ??????????????????????????????????????????????????????????????????????????????????
[20:42:32.292]   ? Action: CLICK
[20:42:32.293]   ? XPath: //button[@class='confirm btn btn-lg btn-danger']
[20:42:33.734]   ? Clicked
[20:42:33.734] 
[20:42:33.734]   ? STEP 4 PASSED [1442ms]
[20:42:33.734] 
  ? Step 4: click - PASSED
[20:42:33.974] 
[20:42:33.974] ??????????????????????????????????????????????????????????????????????????????????
[20:42:33.974] ? STEP 5/45 ? VERIFYVISIBLE                                                    ?
[20:42:33.974] ??????????????????????????????????????????????????????????????????????????????????
[20:42:33.976] ? Value: Success                                                                  ?
[20:42:33.976] ? XPath: //h2[normalize-space()='Success']                                        ?
[20:42:33.976] ??????????????????????????????????????????????????????????????????????????????????
[20:42:33.977]   ? Action: VERIFYVISIBLE
[20:42:33.977]   ? XPath: //h2[normalize-space()='Success']
[20:42:34.272]   ? Element visible
[20:42:34.272] 
[20:42:34.272]   ? STEP 5 PASSED [295ms]
[20:42:34.272] 
  ? Step 5: verifyvisible - PASSED
[20:42:34.484] 
[20:42:34.484] ??????????????????????????????????????????????????????????????????????????????????
[20:42:34.484] ? STEP 6/45 ? CLICK                                                            ?
[20:42:34.484] ??????????????????????????????????????????????????????????????????????????????????
[20:42:34.484] ? XPath: //button[@class='confirm btn btn-lg btn-primary']                        ?
[20:42:34.484] ??????????????????????????????????????????????????????????????????????????????????
[20:42:34.484]   ? Action: CLICK
[20:42:34.484]   ? XPath: //button[@class='confirm btn btn-lg btn-primary']
[20:42:35.442]   ? Clicked
[20:42:35.442] 
[20:42:35.442]   ? STEP 6 PASSED [958ms]
[20:42:35.442] 
  ? Step 6: click - PASSED
[20:42:35.681] 
[20:42:35.683] ??????????????????????????????????????????????????????????????????????????????????
[20:42:35.684] ? STEP 7/45 ? CLICK                                                            ?
[20:42:35.684] ??????????????????????????????????????????????????????????????????????????????????
[20:42:35.684] ? Value: Taxi Ride                                                                ?
[20:42:35.685] ? XPath: //a[normalize-space()='Taxi Ride']                                       ?
[20:42:35.685] ??????????????????????????????????????????????????????????????????????????????????
[20:42:35.685]   ? Action: CLICK
[20:42:35.685]   ? XPath: //a[normalize-space()='Taxi Ride']
[20:42:38.386]   ? Clicked
[20:42:38.386] 
[20:42:38.387]   ? STEP 7 PASSED [2701ms]
[20:42:38.387] 
  ? Step 7: click - PASSED
[20:42:38.877] 
[20:42:38.877] ??????????????????????????????????????????????????????????????????????????????????
[20:42:38.877] ? STEP 8/45 ? CLICK                                                            ?
[20:42:38.877] ??????????????????????????????????????????????????????????????????????????????????
[20:42:38.877] ? Value: Rides                                                                    ?
[20:42:38.877] ? XPath: //a[normalize-space()='Rides']                                           ?
[20:42:38.877] ??????????????????????????????????????????????????????????????????????????????????
[20:42:38.878]   ? Action: CLICK
[20:42:38.878]   ? XPath: //a[normalize-space()='Rides']
[20:42:39.887]   ? Clicked
[20:42:39.887] 
[20:42:39.888]   ? STEP 8 PASSED [1009ms]
[20:42:39.888] 
  ? Step 8: click - PASSED
[20:42:40.221] 
[20:42:40.222] ??????????????????????????????????????????????????????????????????????????????????
[20:42:40.222] ? STEP 9/45 ? CLICK                                                            ?
[20:42:40.222] ??????????????????????????????????????????????????????????????????????????????????
[20:42:40.222] ? Value: All Rides                                                                ?
[20:42:40.222] ? XPath: //a[normalize-space()='All Rides']                                       ?
[20:42:40.222] ??????????????????????????????????????????????????????????????????????????????????
[20:42:40.222]   ? Action: CLICK
[20:42:40.222]   ? XPath: //a[normalize-space()='All Rides']
[20:42:47.871]   ? Clicked
[20:42:47.871] 
[20:42:47.871]   ? STEP 9 PASSED [7649ms]
[20:42:47.871] 
  ? Step 9: click - PASSED
[20:42:48.177] 
[20:42:48.177] ??????????????????????????????????????????????????????????????????????????????????
[20:42:48.177] ? STEP 10/45 ? CLICK                                                           ?
[20:42:48.178] ??????????????????????????????????????????????????????????????????????????????????
[20:42:48.178] ? Value: Today                                                                    ?
[20:42:48.179] ? XPath: //a[@id='today']                                                         ?
[20:42:48.179] ??????????????????????????????????????????????????????????????????????????????????
[20:42:48.179]   ? Action: CLICK
[20:42:48.179]   ? XPath: //a[@id='today']
[20:42:49.244]   ? Clicked
[20:42:49.244] 
[20:42:49.244]   ? STEP 10 PASSED [1065ms]
[20:42:49.244] 
  ? Step 10: click - PASSED
[20:42:49.458] 
[20:42:49.458] ??????????????????????????????????????????????????????????????????????????????????
[20:42:49.458] ? STEP 11/45 ? CLICK                                                           ?
[20:42:49.458] ??????????????????????????????????????????????????????????????????????????????????
[20:42:49.458] ? XPath: //button[@id='dateFilters']                                              ?
[20:42:49.458] ??????????????????????????????????????????????????????????????????????????????????
[20:42:49.459]   ? Action: CLICK
[20:42:49.459]   ? XPath: //button[@id='dateFilters']
[20:42:50.446]   ? Clicked
[20:42:50.446] 
[20:42:50.446]   ? STEP 11 PASSED [987ms]
[20:42:50.446] 
  ? Step 11: click - PASSED
[20:42:50.669] 
[20:42:50.669] ??????????????????????????????????????????????????????????????????????????????????
[20:42:50.669] ? STEP 12/45 ? CLICK                                                           ?
[20:42:50.669] ??????????????????????????????????????????????????????????????????????????????????
[20:42:50.669] ? Value: This Year                                                                ?
[20:42:50.669] ? XPath: //a[@id='this_year']                                                     ?
[20:42:50.669] ??????????????????????????????????????????????????????????????????????????????????
[20:42:50.669]   ? Action: CLICK
[20:42:50.669]   ? XPath: //a[@id='this_year']
[20:42:51.622]   ? Clicked
[20:42:51.623] 
[20:42:51.623]   ? STEP 12 PASSED [954ms]
[20:42:51.623] 
  ? Step 12: click - PASSED
[20:42:51.768] 
[20:42:51.768] ??????????????????????????????????????????????????????????????????????????????????
[20:42:51.768] ? STEP 13/45 ? CLICK                                                           ?
[20:42:51.768] ??????????????????????????????????????????????????????????????????????????????????
[20:42:51.768] ? XPath: //button[@id='dateFilters']                                              ?
[20:42:51.768] ??????????????????????????????????????????????????????????????????????????????????
[20:42:51.769]   ? Action: CLICK
[20:42:51.769]   ? XPath: //button[@id='dateFilters']
[20:42:52.797]   ? Clicked
[20:42:52.797] 
[20:42:52.797]   ? STEP 13 PASSED [1028ms]
[20:42:52.797] 
  ? Step 13: click - PASSED
[20:42:53.018] 
[20:42:53.018] ??????????????????????????????????????????????????????????????????????????????????
[20:42:53.018] ? STEP 14/45 ? CLICK                                                           ?
[20:42:53.018] ??????????????????????????????????????????????????????????????????????????????????
[20:42:53.022] ? XPath: //a[normalize-space()='Incomplete Rides']                                ?
[20:42:53.022] ??????????????????????????????????????????????????????????????????????????????????
[20:42:53.022]   ? Action: CLICK
[20:42:53.022]   ? XPath: //a[normalize-space()='Incomplete Rides']
[20:43:26.474]   ? Clicked
[20:43:26.474] 
[20:43:26.474]   ? STEP 14 PASSED [33452ms]
[20:43:26.474] 
  ? Step 14: click - PASSED
[20:43:26.657] 
[20:43:26.657] ??????????????????????????????????????????????????????????????????????????????????
[20:43:26.657] ? STEP 15/45 ? CLICK                                                           ?
[20:43:26.657] ??????????????????????????????????????????????????????????????????????????????????
[20:43:26.659] ? Value: Today                                                                    ?
[20:43:26.659] ? XPath: //a[@id='today']                                                         ?
[20:43:26.659] ??????????????????????????????????????????????????????????????????????????????????
[20:43:26.659]   ? Action: CLICK
[20:43:26.659]   ? XPath: //a[@id='today']
[20:43:27.656]   ? Clicked
[20:43:27.656] 
[20:43:27.657]   ? STEP 15 PASSED [997ms]
[20:43:27.657] 
  ? Step 15: click - PASSED
[20:43:27.847] 
[20:43:27.847] ??????????????????????????????????????????????????????????????????????????????????
[20:43:27.847] ? STEP 16/45 ? CLICK                                                           ?
[20:43:27.847] ??????????????????????????????????????????????????????????????????????????????????
[20:43:27.847] ? XPath: //button[@id='dateFilters']                                              ?
[20:43:27.847] ??????????????????????????????????????????????????????????????????????????????????
[20:43:27.847]   ? Action: CLICK
[20:43:27.847]   ? XPath: //button[@id='dateFilters']
[20:43:28.815]   ? Clicked
[20:43:28.815] 
[20:43:28.816]   ? STEP 16 PASSED [968ms]
[20:43:28.816] 
  ? Step 16: click - PASSED
[20:43:29.007] 
[20:43:29.007] ??????????????????????????????????????????????????????????????????????????????????
[20:43:29.007] ? STEP 17/45 ? CLICK                                                           ?
[20:43:29.009] ??????????????????????????????????????????????????????????????????????????????????
[20:43:29.009] ? Value: This Year                                                                ?
[20:43:29.009] ? XPath: //a[@id='this_year']                                                     ?
[20:43:29.009] ??????????????????????????????????????????????????????????????????????????????????
[20:43:29.009]   ? Action: CLICK
[20:43:29.009]   ? XPath: //a[@id='this_year']
[20:43:29.930]   ? Clicked
[20:43:29.930] 
[20:43:29.930]   ? STEP 17 PASSED [921ms]
[20:43:29.930] 
  ? Step 17: click - PASSED
[20:43:30.101] 
[20:43:30.101] ??????????????????????????????????????????????????????????????????????????????????
[20:43:30.102] ? STEP 18/45 ? CLICK                                                           ?
[20:43:30.102] ??????????????????????????????????????????????????????????????????????????????????
[20:43:30.102] ? XPath: //button[@id='dateFilters']                                              ?
[20:43:30.102] ??????????????????????????????????????????????????????????????????????????????????
[20:43:30.102]   ? Action: CLICK
[20:43:30.104]   ? XPath: //button[@id='dateFilters']
[20:43:31.054]   ? Clicked
[20:43:31.055] 
[20:43:31.055]   ? STEP 18 PASSED [953ms]
[20:43:31.055] 
  ? Step 18: click - PASSED
[20:43:31.231] 
[20:43:31.231] ??????????????????????????????????????????????????????????????????????????????????
[20:43:31.231] ? STEP 19/45 ? CLICK                                                           ?
[20:43:31.231] ??????????????????????????????????????????????????????????????????????????????????
[20:43:31.231] ? XPath: //a[normalize-space()='Scheduled Rides']                                 ?
[20:43:31.231] ??????????????????????????????????????????????????????????????????????????????????
[20:43:31.231]   ? Action: CLICK
[20:43:31.232]   ? XPath: //a[normalize-space()='Scheduled Rides']
[20:44:04.099]   ? Clicked
[20:44:04.099] 
[20:44:04.099]   ? STEP 19 PASSED [32868ms]
[20:44:04.099] 
  ? Step 19: click - PASSED
[20:44:04.296] 
[20:44:04.297] ??????????????????????????????????????????????????????????????????????????????????
[20:44:04.297] ? STEP 20/45 ? CLICK                                                           ?
[20:44:04.298] ??????????????????????????????????????????????????????????????????????????????????
[20:44:04.298] ? Value: Today                                                                    ?
[20:44:04.298] ? XPath: //a[@id='today']                                                         ?
[20:44:04.298] ??????????????????????????????????????????????????????????????????????????????????
[20:44:04.298]   ? Action: CLICK
[20:44:04.298]   ? XPath: //a[@id='today']
[20:44:05.299]   ? Clicked
[20:44:05.299] 
[20:44:05.299]   ? STEP 20 PASSED [1001ms]
[20:44:05.299] 
  ? Step 20: click - PASSED
[20:44:05.532] 
[20:44:05.532] ??????????????????????????????????????????????????????????????????????????????????
[20:44:05.532] ? STEP 21/45 ? CLICK                                                           ?
[20:44:05.532] ??????????????????????????????????????????????????????????????????????????????????
[20:44:05.532] ? XPath: //button[@id='dateFilters']                                              ?
[20:44:05.532] ??????????????????????????????????????????????????????????????????????????????????
[20:44:05.532]   ? Action: CLICK
[20:44:05.532]   ? XPath: //button[@id='dateFilters']
[20:44:06.528]   ? Clicked
[20:44:06.528] 
[20:44:06.528]   ? STEP 21 PASSED [996ms]
[20:44:06.528] 
  ? Step 21: click - PASSED
[20:44:06.698] 
[20:44:06.698] ??????????????????????????????????????????????????????????????????????????????????
[20:44:06.698] ? STEP 22/45 ? CLICK                                                           ?
[20:44:06.698] ??????????????????????????????????????????????????????????????????????????????????
[20:44:06.698] ? Value: This Year                                                                ?
[20:44:06.698] ? XPath: //a[@id='this_year']                                                     ?
[20:44:06.698] ??????????????????????????????????????????????????????????????????????????????????
[20:44:06.698]   ? Action: CLICK
[20:44:06.698]   ? XPath: //a[@id='this_year']
[20:44:07.644]   ? Clicked
[20:44:07.644] 
[20:44:07.644]   ? STEP 22 PASSED [946ms]
[20:44:07.644] 
  ? Step 22: click - PASSED
[20:44:07.786] 
[20:44:07.787] ??????????????????????????????????????????????????????????????????????????????????
[20:44:07.787] ? STEP 23/45 ? CLICK                                                           ?
[20:44:07.787] ??????????????????????????????????????????????????????????????????????????????????
[20:44:07.787] ? XPath: //button[@id='dateFilters']                                              ?
[20:44:07.787] ??????????????????????????????????????????????????????????????????????????????????
[20:44:07.788]   ? Action: CLICK
[20:44:07.788]   ? XPath: //button[@id='dateFilters']
[20:44:08.712]   ? Clicked
[20:44:08.712] 
[20:44:08.712]   ? STEP 23 PASSED [924ms]
[20:44:08.712] 
  ? Step 23: click - PASSED
[20:44:08.890] 
[20:44:08.890] ??????????????????????????????????????????????????????????????????????????????????
[20:44:08.890] ? STEP 24/45 ? CLICK                                                           ?
[20:44:08.890] ??????????????????????????????????????????????????????????????????????????????????
[20:44:08.890] ? XPath: //a[normalize-space()='Cancelled Rides']                                 ?
[20:44:08.890] ??????????????????????????????????????????????????????????????????????????????????
[20:44:08.890]   ? Action: CLICK
[20:44:08.890]   ? XPath: //a[normalize-space()='Cancelled Rides']
[20:44:41.892]   ? Clicked
[20:44:41.892] 
[20:44:41.892]   ? STEP 24 PASSED [33002ms]
[20:44:41.892] 
  ? Step 24: click - PASSED
[20:44:42.093] 
[20:44:42.093] ??????????????????????????????????????????????????????????????????????????????????
[20:44:42.093] ? STEP 25/45 ? CLICK                                                           ?
[20:44:42.093] ??????????????????????????????????????????????????????????????????????????????????
[20:44:42.093] ? Value: Today                                                                    ?
[20:44:42.093] ? XPath: //a[@id='today']                                                         ?
[20:44:42.093] ??????????????????????????????????????????????????????????????????????????????????
[20:44:42.093]   ? Action: CLICK
[20:44:42.093]   ? XPath: //a[@id='today']
[20:44:42.988]   ? Clicked
[20:44:42.988] 
[20:44:42.988]   ? STEP 25 PASSED [895ms]
[20:44:42.988] 
  ? Step 25: click - PASSED
[20:44:43.172] 
[20:44:43.174] ??????????????????????????????????????????????????????????????????????????????????
[20:44:43.174] ? STEP 26/45 ? CLICK                                                           ?
[20:44:43.174] ??????????????????????????????????????????????????????????????????????????????????
[20:44:43.174] ? XPath: //button[@id='dateFilters']                                              ?
[20:44:43.174] ??????????????????????????????????????????????????????????????????????????????????
[20:44:43.174]   ? Action: CLICK
[20:44:43.174]   ? XPath: //button[@id='dateFilters']
[20:44:44.144]   ? Clicked
[20:44:44.144] 
[20:44:44.144]   ? STEP 26 PASSED [970ms]
[20:44:44.144] 
  ? Step 26: click - PASSED
[20:44:44.316] 
[20:44:44.317] ??????????????????????????????????????????????????????????????????????????????????
[20:44:44.317] ? STEP 27/45 ? CLICK                                                           ?
[20:44:44.317] ??????????????????????????????????????????????????????????????????????????????????
[20:44:44.317] ? Value: This Year                                                                ?
[20:44:44.317] ? XPath: //a[@id='this_year']                                                     ?
[20:44:44.317] ??????????????????????????????????????????????????????????????????????????????????
[20:44:44.317]   ? Action: CLICK
[20:44:44.317]   ? XPath: //a[@id='this_year']
[20:44:45.228]   ? Clicked
[20:44:45.228] 
[20:44:45.228]   ? STEP 27 PASSED [911ms]
[20:44:45.228] 
  ? Step 27: click - PASSED
[20:44:45.409] 
[20:44:45.409] ??????????????????????????????????????????????????????????????????????????????????
[20:44:45.409] ? STEP 28/45 ? CLICK                                                           ?
[20:44:45.409] ??????????????????????????????????????????????????????????????????????????????????
[20:44:45.409] ? XPath: //button[@id='dateFilters']                                              ?
[20:44:45.409] ??????????????????????????????????????????????????????????????????????????????????
[20:44:45.409]   ? Action: CLICK
[20:44:45.409]   ? XPath: //button[@id='dateFilters']
[20:44:46.352]   ? Clicked
[20:44:46.352] 
[20:44:46.352]   ? STEP 28 PASSED [943ms]
[20:44:46.352] 
  ? Step 28: click - PASSED
[20:44:46.545] 
[20:44:46.545] ??????????????????????????????????????????????????????????????????????????????????
[20:44:46.545] ? STEP 29/45 ? CLICK                                                           ?
[20:44:46.545] ??????????????????????????????????????????????????????????????????????????????????
[20:44:46.545] ? XPath: //a[normalize-space()='Settings']                                        ?
[20:44:46.546] ??????????????????????????????????????????????????????????????????????????????????
[20:44:46.546]   ? Action: CLICK
[20:44:46.546]   ? XPath: //a[normalize-space()='Settings']
[20:44:47.466]   ? Clicked
[20:44:47.466] 
[20:44:47.466]   ? STEP 29 PASSED [920ms]
[20:44:47.466] 
  ? Step 29: click - PASSED
[20:44:47.662] 
[20:44:47.662] ??????????????????????????????????????????????????????????????????????????????????
[20:44:47.662] ? STEP 30/45 ? CLICK                                                           ?
[20:44:47.662] ??????????????????????????????????????????????????????????????????????????????????
[20:44:47.662] ? Value: Vehicle Type                                                             ?
[20:44:47.662] ? XPath: //a[contains(@href,'vehicle-type')]                                      ?
[20:44:47.662] ??????????????????????????????????????????????????????????????????????????????????
[20:44:47.662]   ? Action: CLICK
[20:44:47.662]   ? XPath: //a[contains(@href,'vehicle-type')]
[20:44:59.700]   ? Clicked
[20:44:59.700] 
[20:44:59.700]   ? STEP 30 PASSED [12038ms]
[20:44:59.700] 
  ? Step 30: click - PASSED
[20:44:59.916] 
[20:44:59.916] ??????????????????????????????????????????????????????????????????????????????????
[20:44:59.916] ? STEP 31/45 ? CLICK                                                           ?
[20:44:59.916] ??????????????????????????????????????????????????????????????????????????????????
[20:44:59.916] ? Value: Add Vehicle Type                                                         ?
[20:44:59.916] ? XPath: //a[contains(text(),'Add Vehicle Type')]                                 ?
[20:44:59.916] ??????????????????????????????????????????????????????????????????????????????????
[20:44:59.916]   ? Action: CLICK
[20:44:59.916]   ? XPath: //a[contains(text(),'Add Vehicle Type')]
[20:45:08.107]   ? Clicked
[20:45:08.107] 
[20:45:08.107]   ? STEP 31 PASSED [8191ms]
[20:45:08.107] 
  ? Step 31: click - PASSED
[20:45:08.296] 
[20:45:08.296] ??????????????????????????????????????????????????????????????????????????????????
[20:45:08.296] ? STEP 32/45 ? TYPE                                                            ?
[20:45:08.296] ??????????????????????????????????????????????????????????????????????????????????
[20:45:08.296] ? Value: Sedan                                                                    ?
[20:45:08.296] ? XPath: //input[@id='name']                                                      ?
[20:45:08.296] ??????????????????????????????????????????????????????????????????????????????????
[20:45:08.296]   ? Action: TYPE
[20:45:08.296]   ? XPath: //input[@id='name']
[20:45:08.296]   ? Value: Sedan
[20:45:08.711]   ? Text entered
[20:45:08.711] 
[20:45:08.711]   ? STEP 32 PASSED [415ms]
[20:45:08.711] 
  ? Step 32: type - PASSED
[20:45:08.896] 
[20:45:08.896] ??????????????????????????????????????????????????????????????????????????????????
[20:45:08.896] ? STEP 33/45 ? CLICK                                                           ?
[20:45:08.896] ??????????????????????????????????????????????????????????????????????????????????
[20:45:08.896] ? Value: Vehicle Type Image                                                       ?
[20:45:08.896] ? XPath: //input[@id='icon']                                                      ?
[20:45:08.896] ??????????????????????????????????????????????????????????????????????????????????
[20:45:08.896]   ? Action: CLICK
[20:45:08.896]   ? XPath: //input[@id='icon']
[20:45:09.778]   ? Clicked
[20:45:09.778] 
[20:45:09.778]   ? STEP 33 PASSED [882ms]
[20:45:09.778] 
  ? Step 33: click - PASSED
[20:45:09.933] 
[20:45:09.933] ??????????????????????????????????????????????????????????????????????????????????
[20:45:09.933] ? STEP 34/45 ? AUTOIT                                                          ?
[20:45:09.933] ??????????????????????????????????????????????????????????????????????????????????
[20:45:09.933] ? Value: C:\Automation\Scripts\upload_image.exe                                   ?
[20:45:09.933] ? XPath: C:\Data\sedan_image.jpg                                                  ?
[20:45:09.933] ??????????????????????????????????????????????????????????????????????????????????
[20:45:09.933]   ? Action: AUTOIT
[20:45:09.933]   ? Script Path: C:\Automation\Scripts\upload_image.exe
[20:45:09.934]   ? Arguments: Upload Image (AutoIT)
[AutoIT] Executing AutoIT script: C:\Automation\Scripts\upload_image.exe with args: Upload Image (AutoIT)
[20:45:09.934] 
  ? STEP 34 FAILED [1ms]
  ?? Error Details ?????????????????????????????????????????????????????????
  ? Must Fix: AutoIT script not found at: C:\Automation\Scripts\upload_image.exe
  ??????????????????????????????????????????????????????????????????????????
[20:45:09.935] 
  ? Step 34: autoit - FAILED
[20:45:10.183] ? Aborting current test case due to failure...
[20:45:10.184] 
? Test Case FAILED: TC_Transport_001
? Report updated: test-reports/report_2026-01-31_20-42-15/TestReport.html
[20:45:10.198] 
[20:45:10.198] ??????????????????????????????????????????????????????????????????????????????????
[20:45:10.199] ?                           TEST CASE SUMMARY                                    ?
[20:45:10.199] ??????????????????????????????????????????????????????????????????????????????????
[20:45:10.199] ?  Test Case: TC_Transport_001                                                  ?
[20:45:10.200] ?  Total Steps: 33                                                             ?
[20:45:10.200] ?  Passed: 33                                                                  ?
[20:45:10.200] ?  Failed: 1                                                                   ?
[20:45:10.202] ?  Duration: 2m 42s 954ms                                                      ?
[20:45:10.203] ?  End Time: 20:45:10.202                                                      ?
[20:45:10.203] ??????????????????????????????????????????????????????????????????????????????????
[20:45:10.203] ?  STATUS: ? 1 STEP(S) FAILED                                            ?
[20:45:10.203] ??????????????????????????????????????????????????????????????????????????????????
[20:45:10.203] 
[20:45:10.203] ? Browser remains open for inspection
[20:45:10.203] ? Call executor.close() when done
[20:45:10.203] 
? Test execution ended at: 2026-01-31_20-45-10
Jan 31, 2026 8:45:10 PM org.openqa.selenium.remote.http.WebSocket$Listener onError
WARNING: connection closed locally
java.io.IOException: connection closed locally
	at java.net.http/jdk.internal.net.http.SocketTube.signalClosed(SocketTube.java:159)
	at java.net.http/jdk.internal.net.http.PlainHttpConnection.close(PlainHttpConnection.java:384)
	at java.net.http/jdk.internal.net.http.HttpClientImpl.closeConnection(HttpClientImpl.java:590)
	at java.base/java.lang.Iterable.forEach(Iterable.java:75)
	at java.net.http/jdk.internal.net.http.HttpClientImpl.stop(HttpClientImpl.java:532)
	at java.net.http/jdk.internal.net.http.HttpClientImpl$SelectorManager.shutdown(HttpClientImpl.java:1177)
	at java.net.http/jdk.internal.net.http.HttpClientImpl$SelectorManager.run(HttpClientImpl.java:1376)

[WARNING] thread Thread[External Process Output Forwarder - C:\Users\EIT\.cache\selenium\chromedriver\win64\144.0.7559.109\chromedriver.exe,5,com.eit.automation.core.Main] was interrupted but is still alive after waiting at least 14991msecs
[WARNING] thread Thread[External Process Output Forwarder - C:\Users\EIT\.cache\selenium\chromedriver\win64\144.0.7559.109\chromedriver.exe,5,com.eit.automation.core.Main] will linger despite being asked to die via interruption
[WARNING] thread Thread[Driver Service Executor,5,com.eit.automation.core.Main] will linger despite being asked to die via interruption
[WARNING] thread Thread[Driver Service Executor,5,com.eit.automation.core.Main] will linger despite being asked to die via interruption
[WARNING] thread Thread[JdkHttpClient-0-0,5,com.eit.automation.core.Main] will linger despite being asked to die via interruption
[WARNING] thread Thread[CompletableFutureDelayScheduler,5,com.eit.automation.core.Main] will linger despite being asked to die via interruption
[WARNING] thread Thread[JdkHttpClient-0-1,5,com.eit.automation.core.Main] will linger despite being asked to die via interruption
[WARNING] thread Thread[JdkHttpClient-0-3,5,com.eit.automation.core.Main] will linger despite being asked to die via interruption
[WARNING] thread Thread[JdkHttpClient-1-4,5,com.eit.automation.core.Main] will linger despite being asked to die via interruption
[WARNING] NOTE: 8 thread(s) did not finish despite being asked to via interruption. This is not a problem with exec:java, it is a problem with the running code. Although not serious, it should be remedied.
[WARNING] Couldn't destroy threadgroup org.codehaus.mojo.exec.ExecJavaMojo$IsolatedThreadGroup[name=com.eit.automation.core.Main,maxpri=10]
java.lang.IllegalThreadStateException
    at java.lang.ThreadGroup.destroy (ThreadGroup.java:803)
    at org.codehaus.mojo.exec.ExecJavaMojo.execute (ExecJavaMojo.java:319)
    at org.apache.maven.plugin.DefaultBuildPluginManager.executeMojo (DefaultBuildPluginManager.java:126)
    at org.apache.maven.lifecycle.internal.MojoExecutor.doExecute2 (MojoExecutor.java:328)
    at org.apache.maven.lifecycle.internal.MojoExecutor.doExecute (MojoExecutor.java:316)
    at org.apache.maven.lifecycle.internal.MojoExecutor.execute (MojoExecutor.java:212)
    at org.apache.maven.lifecycle.internal.MojoExecutor.execute (MojoExecutor.java:174)
    at org.apache.maven.lifecycle.internal.MojoExecutor.access$000 (MojoExecutor.java:75)
    at org.apache.maven.lifecycle.internal.MojoExecutor$1.run (MojoExecutor.java:162)
    at org.apache.maven.plugin.DefaultMojosExecutionStrategy.execute (DefaultMojosExecutionStrategy.java:39)
    at org.apache.maven.lifecycle.internal.MojoExecutor.execute (MojoExecutor.java:159)
    at org.apache.maven.lifecycle.internal.LifecycleModuleBuilder.buildProject (LifecycleModuleBuilder.java:105)
    at org.apache.maven.lifecycle.internal.LifecycleModuleBuilder.buildProject (LifecycleModuleBuilder.java:73)
    at org.apache.maven.lifecycle.internal.builder.singlethreaded.SingleThreadedBuilder.build (SingleThreadedBuilder.java:53)
    at org.apache.maven.lifecycle.internal.LifecycleStarter.execute (LifecycleStarter.java:118)
    at org.apache.maven.DefaultMaven.doExecute (DefaultMaven.java:261)
    at org.apache.maven.DefaultMaven.doExecute (DefaultMaven.java:173)
    at org.apache.maven.DefaultMaven.execute (DefaultMaven.java:101)
    at org.apache.maven.cli.MavenCli.execute (MavenCli.java:906)
    at org.apache.maven.cli.MavenCli.doMain (MavenCli.java:283)
    at org.apache.maven.cli.MavenCli.main (MavenCli.java:206)
    at jdk.internal.reflect.NativeMethodAccessorImpl.invoke0 (Native Method)
    at jdk.internal.reflect.NativeMethodAccessorImpl.invoke (NativeMethodAccessorImpl.java:77)
    at jdk.internal.reflect.DelegatingMethodAccessorImpl.invoke (DelegatingMethodAccessorImpl.java:43)
    at java.lang.reflect.Method.invoke (Method.java:569)
    at org.codehaus.plexus.classworlds.launcher.Launcher.launchEnhanced (Launcher.java:255)
    at org.codehaus.plexus.classworlds.launcher.Launcher.launch (Launcher.java:201)
    at org.codehaus.plexus.classworlds.launcher.Launcher.mainWithExitCode (Launcher.java:361)
    at org.codehaus.plexus.classworlds.launcher.Launcher.main (Launcher.java:314)
[INFO] ------------------------------------------------------------------------
[INFO] BUILD SUCCESS
[INFO] ------------------------------------------------------------------------
[INFO] Total time:  03:17 min
[INFO] Finished at: 2026-01-31T20:45:25+05:30
[INFO] ------------------------------------------------------------------------
